loading receptor: receptorH.pdbqt
loading ligand: peptideH.pdbqt

set box using ligand
    Box center:     0.085    -8.694     3.716
    Box length:    20.250    26.250    47.250
    Box size  :        54        70       126
    padding   :     4.000
    spacing   :     0.375

identifying pockets using AutoSite ....
    found 4 pocket(s)

    pocket|  energy | # of |Rad. of | energy |   bns    | score  
    number|         |points|gyration|per vol.|buriedness|v*b^2/rg
    ------+---------+------+--------+--------+----------+---------
        1   -167.88   546    7.38     -0.31      0.73      39.02
        2   -123.61   396    5.83     -0.31      0.73      36.22
        3    -48.26   130    3.36     -0.37      0.82      26.17
        4    -31.04    65    2.69     -0.48      0.81      16.01
    merging clusters ...
done. got 148 fill Points, in 8.30 (sec)

setting map types using: all to ['HS', 'Mg', 'HD', 'NA', 'Fe', 'Br', 'NS', 'A', 'C', 'Mn', 'G', 'F', 'I', 'H', 'J', 'N', 'Q', 'P', 'S', 'GA', 'Z', 'Zn', 'Cl', 'Ca', 'OA', 'SA', 'OS']

computing maps for center=(0.085 -8.694 3.716) size=(20.250 26.250 47.250) dims=(54 70 126) ...
    138 points inside the box

    maps computed in 10.73 (sec)
Adding gradient to maps ...
done adding gradient to maps 73.15 (sec)
making target file complex.trg ...done.
    done. 91.17 (sec)

