found external potential parameters 1 
found external potential parameters 4 
setting constrained list file constrains
Building protein from sequence: ABCDEFGHIGKLMNGPQRSTGVWGYZ.
Building protein from sequence: ABCDEFGHIGKLMNGPQRSTGVWGYZ (26 amino acids, 1 chains).
ABCDEFGHIGKLMNGPQRSTGVWGYZ 26
Building protein from sequence: GNGVPNLRGDLQVLGQRVGRT.
Building protein from sequence: GNGVPNLRGDLQVLGQRVGRT (21 amino acids, 1 chains).
GNGVPNLRGDLQVLGQRVGRT 21
AD Grid maps initialisation finished 
1marking constrained amino acids from file constrains
Constraining amino acids: 1
WARNING! Contact map file 'NULL' given, so no bias interactions will be calculated.
0 0 0 0 0 0 0 0 0 0 0 0 0 0 0 0 0 0 0 0 0  aaa 1 -0.100502 
 aaa 2 -0.0123336 
 aaa 3 0.178477 
 aaa 4 0.547718 
 aaa 5 1.1325 
 aaa 6 7.74929 
 aaa 7 20.0864 
 aaa 8 16.8959 
 aaa 9 26.7836 
 aaa 10 74.9039 
 aaa 11 79.2679 
 aaa 12 110.371 
 aaa 13 143.439 
 aaa 14 189.54 
 aaa 15 138.032 
 aaa 16 292.015 
 aaa 17 530.061 
 aaa 18 304.487 
 aaa 19 256.888 
 aaa 20 771.899 
 aaa 21 535.833 
SS Energy diag offdiag 3500 -0.100502 -0.0123336 0.178477 0.547718 1.1325 7.74929 20.0864 16.8959 26.7836 74.9039 79.2679 110.371 143.439 189.54 138.032 292.015 530.061 304.487 256.888 771.899 535.833 
3500 
0 124.177 
0 0.513013 1.60713 
0 -0.123776 0.568561 2.43077 
0 0.927793 -0.192076 0.482576 1.64875 
0 31.864 91.0595 0.189265 8.03141 1.61102 
0 -0.0103335 -3.83293 0.960609 -0.184031 0.426439 1.61607 
0 -0.00304609 -0.00957903 -3.86054 0.510463 -0.349693 0.475581 1.61643 
0 -0.0079659 -0.00401046 -0.00964593 -3.44001 0.932713 -0.173865 0.495294 1.62221 
0 0 -0.00061588 -0.00166527 -0.00700749 -3.80475 0.78324 -0.147697 0.544977 2.43077 
0 0 0 -0.00267978 -0.00321688 -0.0102255 -3.83436 1.08545 -0.179601 0.505853 1.61581 
0 0 0 0 -0.00244736 -0.00304609 -0.00957903 -4.24885 1.13174 -0.171154 0.475504 1.61643 
0 0 0 0 0 -0.00102363 -0.00238574 -0.00842731 -3.83954 0.979354 -0.17353 0.497252 1.61482 
0 0 0 0 0 0 -0.00240003 -0.00330297 -0.0103778 -3.82171 1.41271 -0.189001 0.440926 1.64875 
0 0 0 0 0 0 0 -0.00244736 -0.00304609 -0.00957903 -3.66646 0.496254 -0.177712 0.431282 1.61643 
0 0 0 0 0 0 0 0 -0.00061588 -0.00166527 -0.00700749 -3.80439 0.784145 -0.151471 0.538506 2.43077 
0 0 0 0 0 0 0 0 0 -0.00316932 -0.00335191 -0.00898778 -3.87254 1.10192 -0.175634 0.526744 1.61981 
0 0 0 0 0 0 0 0 0 -0.000125259 -0.0148057 -0.0164711 -0.0137645 -3.45684 62.3247 -0.184183 0.495033 1.62132 
0 0 0 0 0 0 0 0 0 0 0 -0.00240002 -0.00330297 -0.0103778 -4.38708 0.930154 -0.188577 0.442556 1.64875 
0 0 0 0 0 0 0 0 0 0 0 0 -0.00061588 -0.00166527 -0.00700749 -3.80076 0.784789 -0.147273 0.498215 2.43077 
0 0 0 0 0 0 0 0 0 0 0 0 -9.70122e-05 -0.00615128 -0.00307066 -0.0108509 -3.87502 0.955491 -0.177908 0.520987 1.62198 
0 0 0 0 0 0 0 0 0 0 0 0 0 0 -0.00390109 -0.00767598 -0.0144879 -3.82418 33.6059 -0.228161 0.420233 1.03321 
initial transmutate AGNGVPNLRGDLQVLGQRVGRT 
transmutate!!! 4.085 -11.694 7.716
transmutate!!! 4.085 -11.694 7.716
begin run with pace 1 stretch 2500000 
3500 -0.100502 -0.0123336 0.178477 0.547718 1.1325 7.74929 20.0864 16.8959 26.7836 74.9039 79.2679 110.371 143.439 189.54 138.032 292.015 530.061 304.487 256.888 771.899 535.833 
3500 
0 124.177 
0 0.513013 1.60713 
0 -0.123776 0.568561 2.43077 
0 0.927793 -0.192076 0.482576 1.64875 
0 31.864 91.0595 0.189265 8.03141 1.61102 
0 -0.0103335 -3.83293 0.960609 -0.184031 0.426439 1.61607 
0 -0.00304609 -0.00957903 -3.86054 0.510463 -0.349693 0.475581 1.61643 
0 -0.0079659 -0.00401046 -0.00964593 -3.44001 0.932713 -0.173865 0.495294 1.62221 
0 0 -0.00061588 -0.00166527 -0.00700749 -3.80475 0.78324 -0.147697 0.544977 2.43077 
0 0 0 -0.00267978 -0.00321688 -0.0102255 -3.83436 1.08545 -0.179601 0.505853 1.61581 
0 0 0 0 -0.00244736 -0.00304609 -0.00957903 -4.24885 1.13174 -0.171154 0.475504 1.61643 
0 0 0 0 0 -0.00102363 -0.00238574 -0.00842731 -3.83954 0.979354 -0.17353 0.497252 1.61482 
0 0 0 0 0 0 -0.00240003 -0.00330297 -0.0103778 -3.82171 1.41271 -0.189001 0.440926 1.64875 
0 0 0 0 0 0 0 -0.00244736 -0.00304609 -0.00957903 -3.66646 0.496254 -0.177712 0.431282 1.61643 
0 0 0 0 0 0 0 0 -0.00061588 -0.00166527 -0.00700749 -3.80439 0.784145 -0.151471 0.538506 2.43077 
0 0 0 0 0 0 0 0 0 -0.00316932 -0.00335191 -0.00898778 -3.87254 1.10192 -0.175634 0.526744 1.61981 
0 0 0 0 0 0 0 0 0 -0.000125259 -0.0148057 -0.0164711 -0.0137645 -3.45684 62.3247 -0.184183 0.495033 1.62132 
0 0 0 0 0 0 0 0 0 0 0 -0.00240002 -0.00330297 -0.0103778 -4.38708 0.930154 -0.188577 0.442556 1.64875 
0 0 0 0 0 0 0 0 0 0 0 0 -0.00061588 -0.00166527 -0.00700749 -3.80076 0.784789 -0.147273 0.498215 2.43077 
0 0 0 0 0 0 0 0 0 0 0 0 -9.70122e-05 -0.00615128 -0.00307066 -0.0108509 -3.87502 0.955491 -0.177908 0.520987 1.62198 
0 0 0 0 0 0 0 0 0 0 0 0 0 0 -0.00390109 -0.00767598 -0.0144879 -3.82418 33.6059 -0.228161 0.420233 1.03321 
creating MC move lookup table.
Sequence:    GNGVPNLRGDLQVLGQRVGRT
Fixed:                            
Constrained: x                    
Chain:       111111111111111111111
len 1 bonds, Nchains 1:*0 x1 x2 x3 x4 x5 x6 x7 x8 x9 x10 x11 x12 x13 x14 x15 x16 x17 x18 x19 x20 x21 22+0 != (22-1+(1-0)*1

len 2 bonds, Nchains 1:*0 x1 x2 x3 x4 x5 x6 x7 x8 x9 x10 x11 x12 x13 x14 x15 x16 x17 x18 x19 x20 21+0 != (22-1+(1-1)*1
-1 
len 3 bonds, Nchains 1:*0 x1 x2 x3 x4 x5 x6 x7 x8 x9 x10 x11 x12 x13 x14 x15 x16 x17 x18 x19 20+0 != (22-1+(1-2)*1
-1 -1 
len 4 bonds, Nchains 1:*0 x1 x2 x3 x4 x5 x6 x7 x8 x9 x10 x11 x12 x13 x14 x15 x16 x17 x18 19+0 != (22-1+(1-3)*1
-1 -1 -1 
swap in best curr 1047.59 swap 9999 best 99999
swap in best curr 1033.2 swap 9999 best 1047.59
swap between best curr 1026.46 swap 1047.59 best 1026.46
swap between best curr 1022.76 swap 1026.46 best 1022.76
swap between best curr 1019.71 swap 1022.76 best 1019.71
swap between best curr 1013.7 swap 1019.71 best 1013.7
swap between best curr 1008.35 swap 1013.7 best 1008.35
swap between best curr 995.367 swap 1008.35 best 995.367
swap between best curr 931.246 swap 995.367 best 931.246
swap between best curr 925.16 swap 931.246 best 925.16
swap between best curr 919.582 swap 925.16 best 919.582
swap between best curr 909.862 swap 919.582 best 909.862
swap between best curr 903.471 swap 909.862 best 903.471
swap between best curr 897.151 swap 903.471 best 897.151
swap between best curr 800.97 swap 897.151 best 800.97
swap between best curr 787.865 swap 800.97 best 787.865
swap between best curr 780.098 swap 787.865 best 780.098
swap between best curr 704.924 swap 780.098 best 704.924
swap between best curr 683.75 swap 704.924 best 683.75
swap between best curr 681.491 swap 683.75 best 681.491
swap between best curr 675.406 swap 681.491 best 675.406
swap between best curr 672.788 swap 675.406 best 672.788
swap between best curr 668.447 swap 672.788 best 668.447
swap between best curr 658.05 swap 668.447 best 658.05
swap between best curr 641.872 swap 658.05 best 641.872
swap between best curr 635.832 swap 641.872 best 635.832
swap between best curr 628.758 swap 635.832 best 628.758
swap between best curr 626.488 swap 628.758 best 626.488
swap between best curr 626.419 swap 626.488 best 626.419
swap between best curr 625.542 swap 626.419 best 625.542
swap between best curr 621.126 swap 625.542 best 621.126
swap between best curr 618.524 swap 621.126 best 618.524
swap between best curr 603.177 swap 618.524 best 603.177
swap between best curr 598.778 swap 603.177 best 598.778
swap between best curr 596.88 swap 598.778 best 596.88
swap between best curr 583.985 swap 596.88 best 583.985
swap between best curr 581.65 swap 583.985 best 581.65
swap between best curr 430.822 swap 581.65 best 430.822
swap between best curr 389.729 swap 430.822 best 389.729
swap between best curr 378.319 swap 389.729 best 378.319
swap between best curr 356.499 swap 378.319 best 356.499
swap between best curr 346.395 swap 356.499 best 346.395
swap between best curr 268.357 swap 346.395 best 268.357
swap between best curr 266.163 swap 268.357 best 266.163
swap between best curr 180.011 swap 266.163 best 180.011
swap between best curr 167.98 swap 180.011 best 167.98
swap between best curr 155.587 swap 167.98 best 155.587
swap between best curr 155.069 swap 155.587 best 155.069
swap between best curr 148.338 swap 155.069 best 148.338
swap between best curr 147.191 swap 148.338 best 147.191
swap between best curr 144.429 swap 147.191 best 144.429
swap between best curr 143.679 swap 144.429 best 143.679
swap between best curr 140.16 swap 143.679 best 140.16
swap between best curr 140.107 swap 140.16 best 140.107
swap between best curr 137.794 swap 140.107 best 137.794
swap between best curr 137.129 swap 137.794 best 137.129
swap between best curr 136.938 swap 137.129 best 136.938
swap between best curr 134.002 swap 136.938 best 134.002
swap between best curr 133.993 swap 134.002 best 133.993
swap between best curr 133.391 swap 133.993 best 133.391
swap between best curr 120.448 swap 133.391 best 120.448
swap between best curr 119.665 swap 120.448 best 119.665
swap between best curr 118.279 swap 119.665 best 118.279
swap between best curr 116.924 swap 118.279 best 116.924
swap between best curr 87.8758 swap 116.924 best 87.8758
swap between best curr 82.0693 swap 87.8758 best 82.0693
swap between best curr 69.9927 swap 82.0693 best 69.9927
swap between best curr 69.1943 swap 69.9927 best 69.1943
swap between best curr 60.4218 swap 69.1943 best 60.4218
swap between best curr 59.4372 swap 60.4218 best 59.4372
swap between best curr 51.4771 swap 59.4372 best 51.4771
swap between best curr 51.0718 swap 51.4771 best 51.0718
swap between best curr 49.9332 swap 51.0718 best 49.9332
swap between best curr 46.8943 swap 49.9332 best 46.8943
swap between best curr 45.9363 swap 46.8943 best 45.9363
swap between best curr 44.3181 swap 45.9363 best 44.3181
swap between best curr 44.1532 swap 44.3181 best 44.1532
swap between best curr 43.9679 swap 44.1532 best 43.9679
swap between best curr 36.7812 swap 43.9679 best 36.7812
swap between best curr 35.998 swap 36.7812 best 35.998
swap between best curr 35.9787 swap 35.998 best 35.9787
swap between best curr 35.6814 swap 35.9787 best 35.6814
swap between best curr 35.5724 swap 35.6814 best 35.5724
swap between best curr 35.4621 swap 35.5724 best 35.4621
swap between best curr 34.9293 swap 35.4621 best 34.9293
swap between best curr 34.8134 swap 34.9293 best 34.8134
swap between best curr 34.5436 swap 34.8134 best 34.5436
swap between best curr 34.4084 swap 34.5436 best 34.4084
swap between best curr 34.3157 swap 34.4084 best 34.3157
swap between best curr 34.2798 swap 34.3157 best 34.2798
swap between best curr 30.2998 swap 34.2798 best 30.2998
swap between best curr 29.3955 swap 30.2998 best 29.3955
swap between best curr 29.1691 swap 29.3955 best 29.1691
swap in good curr 29.9025 swap 9999 best 29.1691
swap between good curr 29.5519 swap 29.9025 best 29.1691
swap between good curr 29.2514 swap 29.5519 best 29.1691
swap between best curr 29.0136 swap 29.2514 best 29.0136
swap between best curr 28.9024 swap 29.0136 best 28.9024
swap between best curr 28.7616 swap 28.9024 best 28.7616
swap between best curr 28.4253 swap 28.7616 best 28.4253
swap between best curr 28.4175 swap 28.4253 best 28.4175
swap between best curr 28.4038 swap 28.4175 best 28.4038
swap between best curr 27.4987 swap 28.4038 best 27.4987
swap between best curr 27.0193 swap 27.4987 best 27.0193
swap in good curr 30.7367 swap 9999 best 27.0193
swap between good curr 30.4056 swap 30.7367 best 27.0193
swap between good curr 30.0075 swap 30.4056 best 27.0193
swap between good curr 29.7718 swap 30.0075 best 27.0193
swap between good curr 29.7383 swap 29.7718 best 27.0193
swap between good curr 29.6269 swap 29.7383 best 27.0193
swap between good curr 29.5987 swap 29.6269 best 27.0193
swap between good curr 29.4442 swap 29.5987 best 27.0193
swap between good curr 29.0329 swap 29.4442 best 27.0193
swap between good curr 28.8054 swap 29.0329 best 27.0193
swap between good curr 28.7816 swap 28.8054 best 27.0193
swap between good curr 28.5218 swap 28.7816 best 27.0193
swap between good curr 28.4096 swap 28.5218 best 27.0193
swap between good curr 28.3019 swap 28.4096 best 27.0193
swap between good curr 28.1738 swap 28.3019 best 27.0193
swap between good curr 28.1235 swap 28.1738 best 27.0193
swap between best curr 26.5937 swap 28.1235 best 26.5937
swap between best curr 26.3225 swap 26.5937 best 26.3225
swap between best curr 25.9632 swap 26.3225 best 25.9632
swap between best curr 25.8996 swap 25.9632 best 25.8996
swap between best curr 25.279 swap 25.8996 best 25.279
swap between best curr 25.0602 swap 25.279 best 25.0602
swap between best curr 25.0032 swap 25.0602 best 25.0032
swap between best curr 24.73 swap 25.0032 best 24.73
swap between best curr 24.7088 swap 24.73 best 24.7088
swap between best curr 24.4547 swap 24.7088 best 24.4547
swap between best curr 24.2476 swap 24.4547 best 24.2476
swap between best curr 24.1602 swap 24.2476 best 24.1602
swap between best curr 24.059 swap 24.1602 best 24.059
swap between best curr 23.183 swap 24.059 best 23.183
swap between best curr 22.7414 swap 23.183 best 22.7414
swap between best curr 22.619 swap 22.7414 best 22.619
swap between best curr 22.2392 swap 22.619 best 22.2392
swap between best curr 22.1743 swap 22.2392 best 22.1743
swap in good curr 22.712 swap 9999 best 22.1743
swap between good curr 22.6203 swap 22.712 best 22.1743
swap between good curr 22.495 swap 22.6203 best 22.1743
swap between best curr 20.7833 swap 22.495 best 20.7833
swap between best curr 20.7429 swap 20.7833 best 20.7429
swap between best curr 20.1655 swap 20.7429 best 20.1655
swap between best curr 19.2796 swap 20.1655 best 19.2796
swap between best curr 19.1304 swap 19.2796 best 19.1304
swap between best curr 18.9943 swap 19.1304 best 18.9943
swap between best curr 18.137 swap 18.9943 best 18.137
swap between best curr 17.5178 swap 18.137 best 17.5178
swap between best curr 17.4234 swap 17.5178 best 17.4234
swap between best curr 17.381 swap 17.4234 best 17.381
swap between best curr 17.1294 swap 17.381 best 17.1294
swap between best curr 16.9992 swap 17.1294 best 16.9992
swap between best curr 16.8181 swap 16.9992 best 16.8181
swap between best curr 16.6079 swap 16.8181 best 16.6079
swap between best curr 16.58 swap 16.6079 best 16.58
swap between best curr 15.8418 swap 16.58 best 15.8418
swap between best curr 15.2389 swap 15.8418 best 15.2389
swap between best curr 15.0647 swap 15.2389 best 15.0647
swap between best curr 14.8216 swap 15.0647 best 14.8216
swap between best curr 14.7101 swap 14.8216 best 14.7101
swap between best curr 14.5763 swap 14.7101 best 14.5763
swap between best curr 14.4992 swap 14.5763 best 14.4992
swap between best curr 13.9058 swap 14.4992 best 13.9058
swap between best curr 13.8081 swap 13.9058 best 13.8081
swap between best curr 13.7232 swap 13.8081 best 13.7232
swap between best curr 13.6977 swap 13.7232 best 13.6977
swap between best curr 13.5317 swap 13.6977 best 13.5317
swap between best curr 12.4373 swap 13.5317 best 12.4373
swap between best curr 12.4197 swap 12.4373 best 12.4197
swap between best curr 12.1064 swap 12.4197 best 12.1064
swap between best curr 12.1013 swap 12.1064 best 12.1013
swap between best curr 11.8888 swap 12.1013 best 11.8888
swap between best curr 11.5589 swap 11.8888 best 11.5589
swap between best curr 10.6274 swap 11.5589 best 10.6274
swap between best curr 10.4534 swap 10.6274 best 10.4534
swap between best curr 10.3664 swap 10.4534 best 10.3664
swap between best curr 10.0303 swap 10.3664 best 10.0303
swap between best curr 10.004 swap 10.0303 best 10.004
swap between best curr 9.9018 swap 10.004 best 9.9018
swap between best curr 9.86195 swap 9.9018 best 9.86195
swap between best curr 9.82507 swap 9.86195 best 9.82507
swap between best curr 8.60915 swap 9.82507 best 8.60915
swap between best curr 8.35659 swap 8.60915 best 8.35659
swap between best curr 8.12037 swap 8.35659 best 8.12037
swap between best curr 8.07997 swap 8.12037 best 8.07997
swap between best curr 7.75195 swap 8.07997 best 7.75195
swap between best curr 7.33369 swap 7.75195 best 7.33369
swap between best curr 7.07761 swap 7.33369 best 7.07761
swap between best curr 6.61888 swap 7.07761 best 6.61888
swap between best curr 6.46457 swap 6.61888 best 6.46457
swap between best curr 6.43271 swap 6.46457 best 6.43271
swap between best curr 6.39029 swap 6.43271 best 6.39029
swap between best curr 6.12471 swap 6.39029 best 6.12471
swap between best curr 5.94797 swap 6.12471 best 5.94797
swap between best curr 5.8761 swap 5.94797 best 5.8761
swap between best curr 5.86998 swap 5.8761 best 5.86998
swap between best curr 5.77881 swap 5.86998 best 5.77881
swap between best curr 5.31286 swap 5.77881 best 5.31286
swap between best curr 5.2298 swap 5.31286 best 5.2298
swap between best curr 4.88671 swap 5.2298 best 4.88671
swap between best curr 4.84582 swap 4.88671 best 4.84582
swap between best curr 4.82281 swap 4.84582 best 4.82281
swap between best curr 4.64074 swap 4.82281 best 4.64074
swap between best curr 4.55771 swap 4.64074 best 4.55771
swap between good curr 8.32117 swap 22.1743 best 4.55771
swap between good curr 7.74663 swap 8.32117 best 4.55771
swap between good curr 7.71568 swap 7.74663 best 4.55771
swap between good curr 7.45641 swap 7.71568 best 4.55771
swap between good curr 7.2209 swap 7.45641 best 4.55771
swap between good curr 6.9127 swap 7.2209 best 4.55771
swap between good curr 6.84363 swap 6.9127 best 4.55771
swap between good curr 6.73274 swap 6.84363 best 4.55771
swap between good curr 6.64299 swap 6.73274 best 4.55771
swap between good curr 6.33694 swap 6.64299 best 4.55771
swap between good curr 6.30156 swap 6.33694 best 4.55771
swap between good curr 5.94214 swap 6.30156 best 4.55771
swap between good curr 5.51359 swap 5.94214 best 4.55771
swap between good curr 5.13743 swap 5.51359 best 4.55771
swap between good curr 4.83012 swap 5.13743 best 4.55771
swap between best curr 4.37518 swap 4.83012 best 4.37518
swap in good curr 7.5715 swap 9999 best 4.37518
swap between good curr 7.06313 swap 7.5715 best 4.37518
swap between good curr 6.99031 swap 7.06313 best 4.37518
swap between good curr 6.96739 swap 6.99031 best 4.37518
swap between good curr 5.60774 swap 6.96739 best 4.37518
swap between best curr 2.94912 swap 5.60774 best 2.94912
swap between best curr 2.89922 swap 2.94912 best 2.89922
swap between best curr 2.58924 swap 2.89922 best 2.58924
swap between best curr 2.3246 swap 2.58924 best 2.3246
swap between best curr 1.75995 swap 2.3246 best 1.75995
swap between best curr 1.35671 swap 1.75995 best 1.35671
swap between best curr 1.23536 swap 1.35671 best 1.23536
swap between best curr 1.22878 swap 1.23536 best 1.22878
swap between best curr 1.10015 swap 1.22878 best 1.10015
swap between best curr 1.03612 swap 1.10015 best 1.03612
swap between best curr 1.03099 swap 1.03612 best 1.03099
swap between best curr 0.828628 swap 1.03099 best 0.828628
swap between best curr 0.502462 swap 0.828628 best 0.502462
swap between best curr -0.0935093 swap 0.502462 best -0.0935093
totalE 11.610963 extE -3.995000 
swap between best curr -0.369323 swap -0.0935093 best -0.369323
totalE 11.309492 extE -4.262261 
swap between best curr -0.978551 swap -0.369323 best -0.978551
totalE 9.718794 extE -4.544332 
swap between best curr -1.09405 swap -0.978551 best -1.09405
totalE 9.246748 extE -4.540978 
swap between best curr -1.20613 swap -1.09405 best -1.20613
totalE 9.285905 extE -4.703473 
swap between best curr -1.28757 swap -1.20613 best -1.28757
totalE 9.204464 extE -4.784915 
swap between best curr -1.73214 swap -1.28757 best -1.73214
totalE 7.299281 extE -4.742615 
swap between best curr -2.4747 swap -1.73214 best -2.4747
totalE 6.283791 extE -5.394197 
swap between best curr -2.90082 swap -2.4747 best -2.90082
totalE 4.533136 extE -5.378801 
swap in good curr 0.967348 swap 9999 best -2.90082
swap between good curr 0.795445 swap 0.967348 best -2.90082
swap between good curr 0.342833 swap 0.795445 best -2.90082
swap between good curr 0.161189 swap 0.342833 best -2.90082
swap between good curr 0.0584834 swap 0.161189 best -2.90082
swap between good curr -0.134369 swap 0.0584834 best -2.90082
swap between good curr -0.49602 swap -0.134369 best -2.90082
swap between good curr -0.498883 swap -0.49602 best -2.90082
swap between good curr -0.677627 swap -0.498883 best -2.90082
swap between good curr -0.881442 swap -0.677627 best -2.90082
swap between good curr -2.51049 swap -0.881442 best -2.90082
swap between good curr -2.56095 swap -2.51049 best -2.90082
swap between good curr -2.83137 swap -2.56095 best -2.90082
swap in good curr 0.550781 swap 9999 best -2.90082
swap between good curr 0.0182045 swap 0.550781 best -2.90082
swap between good curr -0.296443 swap 0.0182045 best -2.90082
swap between good curr -0.472579 swap -0.296443 best -2.90082
swap between good curr -1.38796 swap -0.472579 best -2.90082
swap between good curr -1.42235 swap -1.38796 best -2.90082
swap between good curr -1.5045 swap -1.42235 best -2.90082
swap between good curr -1.81152 swap -1.5045 best -2.90082
swap between good curr -2.13217 swap -1.81152 best -2.90082
swap between good curr -2.16601 swap -2.13217 best -2.90082
swap between good curr -2.78395 swap -2.16601 best -2.90082
swap between best curr -2.90999 swap -2.78395 best -2.90999
totalE 4.890767 extE -5.510237 
swap between best curr -2.92218 swap -2.90999 best -2.92218
totalE 4.336141 extE -5.341624 
swap between best curr -3.23187 swap -2.92218 best -3.23187
totalE 3.076114 extE -5.334537 
swap between best curr -3.33724 swap -3.23187 best -3.33724
totalE 2.789735 extE -5.379568 
swap between best curr -3.57768 swap -3.33724 best -3.57768
totalE 1.821532 extE -5.377424 
swap between best curr -3.79508 swap -3.57768 best -3.79508
totalE 1.655301 extE -5.611876 
swap between best curr -4.26668 swap -3.79508 best -4.26668
totalE 0.883665 extE -5.983458 
swap between best curr -4.32416 swap -4.26668 best -4.32416
totalE 0.073689 extE -5.790111 
swap between best curr -4.47501 swap -4.32416 best -4.47501
totalE -0.756354 extE -5.714556 
swap between best curr -4.70772 swap -4.47501 best -4.70772
totalE -0.979236 extE -5.950551 
swap between best curr -4.72415 swap -4.70772 best -4.72415
totalE -1.075665 extE -5.940309 
swap between best curr -4.76635 swap -4.72415 best -4.76635
totalE -2.664198 extE -5.467064 
swap between best curr -4.79923 swap -4.76635 best -4.79923
totalE -2.680917 extE -5.505341 
swap between best curr -5.2661 swap -4.79923 best -5.2661
totalE -3.140700 extE -5.974570 
swap between best curr -5.35185 swap -5.2661 best -5.35185
totalE -3.894233 extE -5.837720 
swap between best curr -5.36711 swap -5.35185 best -5.36711
totalE -4.647843 extE -5.606863 
swap between best curr -5.76839 swap -5.36711 best -5.76839
totalE -6.937278 extE -5.378756 
swap between best curr -5.90918 swap -5.76839 best -5.90918
totalE -7.490078 extE -5.382216 
swap between best curr -5.9172 swap -5.90918 best -5.9172
totalE -7.498098 extE -5.390236 
swap between best curr -5.92317 swap -5.9172 best -5.92317
totalE -7.028295 extE -5.554791 
swap between best curr -5.9505 swap -5.92317 best -5.9505
totalE -8.080735 extE -5.240416 
swap between best curr -6.03591 swap -5.9505 best -6.03591
totalE -8.166147 extE -5.325829 
swap between best curr -6.15249 swap -6.03591 best -6.15249
totalE -8.372993 extE -5.412328 
swap between best curr -6.16987 swap -6.15249 best -6.16987
totalE -9.761458 extE -4.972673 
swap between best curr -6.22157 swap -6.16987 best -6.22157
totalE -10.167011 extE -4.906417 
swap between best curr -6.36684 swap -6.22157 best -6.36684
totalE -10.239633 extE -5.075913 
swap between best curr -6.59283 swap -6.36684 best -6.59283
totalE -11.326843 extE -5.014830 
swap between best curr -6.72372 swap -6.59283 best -6.72372
totalE -11.718824 extE -5.058691 
swap between best curr -7.20946 swap -6.72372 best -7.20946
totalE -13.783649 extE -5.018069 
swap between best curr -7.85912 swap -7.20946 best -7.85912
totalE -16.190645 extE -5.081950 
swap out bad curr 10.1149 swap -7.85912 best -7.85912 curriter 62262 
swap between best curr -7.99451 swap -7.85912 best -7.99451
totalE -16.886311 extE -5.030580 
swap between best curr -8.12407 swap -7.99451 best -8.12407
totalE -17.341735 extE -5.051521 
swap out bad curr 38.3614 swap -8.12407 best -8.12407 curriter 113886 
best energy found, reset temp
swap between best curr -8.27367 swap -8.12407 best -8.27367
totalE -16.476200 extE -5.539493 
swap between best curr -8.70685 swap -8.27367 best -8.70685
totalE -18.004492 extE -5.607631 
swap between best curr -8.7981 swap -8.70685 best -8.7981
totalE -18.095749 extE -5.698887 
swap between best curr -9.17882 swap -8.7981 best -9.17882
totalE -19.633620 extE -5.693893 
swap between best curr -9.27699 swap -9.17882 best -9.27699
totalE -19.731790 extE -5.792063 
swap between best curr -9.30933 swap -9.27699 best -9.30933
totalE -20.390520 extE -5.615599 
swap between best curr -9.66654 swap -9.30933 best -9.66654
totalE -21.374790 extE -5.763783 
swap between best curr -9.67597 swap -9.66654 best -9.67597
totalE -21.384229 extE -5.773222 
swap between best curr -9.83184 swap -9.67597 best -9.83184
totalE -21.540096 extE -5.929089 
swap between best curr -9.8523 swap -9.83184 best -9.8523
totalE -21.560559 extE -5.949553 
swap between best curr -10.0128 swap -9.8523 best -10.0128
totalE -24.478943 extE -5.190751 
swap between best curr -10.2086 swap -10.0128 best -10.2086
totalE -26.190500 extE -4.881334 
swap between best curr -10.6064 swap -10.2086 best -10.6064
totalE -27.875349 extE -4.850123 
swap between best curr -10.8363 swap -10.6064 best -10.8363
totalE -29.152331 extE -4.730982 
swap between best curr -10.8443 swap -10.8363 best -10.8443
totalE -29.237461 extE -4.713232 
swap between best curr -10.8653 swap -10.8443 best -10.8653
totalE -28.585327 extE -4.958654 
swap between best curr -10.9238 swap -10.8653 best -10.9238
totalE -28.643798 extE -5.017125 
swap between best curr -10.9759 swap -10.9238 best -10.9759
totalE -27.486625 extE -5.472295 
swap between best curr -11.1041 swap -10.9759 best -11.1041
totalE -27.614844 extE -5.600514 
swap between best curr -11.8299 swap -11.1041 best -11.8299
totalE -31.480075 extE -5.279795 
swap between best curr -11.8645 swap -11.8299 best -11.8645
totalE -31.868528 extE -5.196510 
swap between best curr -11.8905 swap -11.8645 best -11.8905
totalE -31.894528 extE -5.222510 
swap between best curr -11.9616 swap -11.8905 best -11.9616
totalE -31.965589 extE -5.293571 
swap between best curr -12.3706 swap -11.9616 best -12.3706
totalE -33.626609 extE -5.285324 
swap between best curr -12.496 swap -12.3706 best -12.496
totalE -33.751958 extE -5.410673 
swap in good curr -7.54446 swap 9999 best -12.496
swap between good curr -7.78714 swap -7.54446 best -12.496
swap between good curr -7.79286 swap -7.78714 best -12.496
swap between good curr -7.91154 swap -7.79286 best -12.496
swap between good curr -8.57601 swap -7.91154 best -12.496
swap between good curr -8.64615 swap -8.57601 best -12.496
swap between good curr -8.7836 swap -8.64615 best -12.496
swap between good curr -9.01587 swap -8.7836 best -12.496
swap between good curr -9.15537 swap -9.01587 best -12.496
swap between good curr -9.2902 swap -9.15537 best -12.496
swap between good curr -9.39674 swap -9.2902 best -12.496
swap between good curr -9.50292 swap -9.39674 best -12.496
swap between good curr -9.70328 swap -9.50292 best -12.496
swap between good curr -9.72007 swap -9.70328 best -12.496
swap between good curr -9.89942 swap -9.72007 best -12.496
swap between good curr -9.96205 swap -9.89942 best -12.496
swap between good curr -9.98103 swap -9.96205 best -12.496
swap between good curr -10.0011 swap -9.98103 best -12.496
swap between good curr -10.0169 swap -10.0011 best -12.496
swap between good curr -10.1968 swap -10.0169 best -12.496
swap between good curr -10.3437 swap -10.1968 best -12.496
swap between good curr -10.5073 swap -10.3437 best -12.496
swap between good curr -10.638 swap -10.5073 best -12.496
swap between good curr -10.6782 swap -10.638 best -12.496
swap between good curr -10.8479 swap -10.6782 best -12.496
swap between good curr -10.8975 swap -10.8479 best -12.496
swap between good curr -11.0368 swap -10.8975 best -12.496
swap between good curr -11.3886 swap -11.0368 best -12.496
swap between good curr -11.5697 swap -11.3886 best -12.496
swap between good curr -11.5977 swap -11.5697 best -12.496
swap between good curr -11.6977 swap -11.5977 best -12.496
swap between good curr -12.3462 swap -11.6977 best -12.496
swap between good curr -12.4454 swap -12.3462 best -12.496
swap between best curr -12.5019 swap -12.4454 best -12.5019
totalE -36.148234 extE -4.619820 
swap in good curr -8.8141 swap 9999 best -12.5019
swap between good curr -9.24368 swap -8.8141 best -12.5019
swap between good curr -9.83401 swap -9.24368 best -12.5019
swap between good curr -10.0364 swap -9.83401 best -12.5019
swap between good curr -10.0472 swap -10.0364 best -12.5019
swap between good curr -10.1186 swap -10.0472 best -12.5019
swap between good curr -11.7018 swap -10.1186 best -12.5019
swap between good curr -11.8115 swap -11.7018 best -12.5019
swap between good curr -12.0313 swap -11.8115 best -12.5019
swap between good curr -12.2139 swap -12.0313 best -12.5019
swap between best curr -12.8022 swap -12.2139 best -12.8022
totalE -33.777407 extE -5.810514 
swap between best curr -12.8321 swap -12.8022 best -12.8321
totalE -33.807276 extE -5.840383 
swap between best curr -12.8444 swap -12.8321 best -12.8444
totalE -33.776149 extE -5.867089 
swap between best curr -12.9495 swap -12.8444 best -12.9495
totalE -34.213701 extE -5.861428 
swap in good curr -9.92873 swap 9999 best -12.9495
swap between good curr -10.2006 swap -9.92873 best -12.9495
swap between good curr -10.2549 swap -10.2006 best -12.9495
swap between good curr -10.3746 swap -10.2549 best -12.9495
swap between good curr -10.5195 swap -10.3746 best -12.9495
swap between good curr -11.2279 swap -10.5195 best -12.9495
swap between good curr -11.3588 swap -11.2279 best -12.9495
swap between good curr -11.5289 swap -11.3588 best -12.9495
swap between good curr -11.5582 swap -11.5289 best -12.9495
swap between good curr -11.7833 swap -11.5582 best -12.9495
swap between good curr -12.1814 swap -11.7833 best -12.9495
swap between good curr -12.3497 swap -12.1814 best -12.9495
swap between good curr -12.3691 swap -12.3497 best -12.9495
swap between good curr -12.5551 swap -12.3691 best -12.9495
swap between good curr -12.8037 swap -12.5551 best -12.9495
swap between good curr -12.8826 swap -12.8037 best -12.9495
swap between good curr -12.8975 swap -12.8826 best -12.9495
swap between best curr -13.0093 swap -12.8975 best -13.0093
totalE -31.779100 extE -6.752744 
swap between best curr -13.0105 swap -13.0093 best -13.0105
totalE -31.479598 extE -6.854101 
swap between best curr -13.1577 swap -13.0105 best -13.1577
totalE -32.102399 extE -6.842775 
swap between best curr -13.2707 swap -13.1577 best -13.2707
totalE -32.215374 extE -6.955750 
swap between best curr -13.3847 swap -13.2707 best -13.3847
totalE -32.642258 extE -6.965550 
swap between best curr -15.4743 swap -13.3847 best -15.4743
totalE -38.788871 extE -7.702758 
swap between best curr -15.4892 swap -15.4743 best -15.4892
totalE -38.949257 extE -7.669161 
swap between best curr -15.506 swap -15.4892 best -15.506
totalE -39.017164 extE -7.668931 
swap between best curr -15.5188 swap -15.506 best -15.5188
totalE -38.622942 extE -7.817368 
swap between best curr -15.9374 swap -15.5188 best -15.9374
totalE -38.615494 extE -8.378044 
swap between good curr -13.1676 swap -12.9495 best -15.9374
swap between good curr -13.5139 swap -13.1676 best -15.9374
swap between good curr -13.5502 swap -13.5139 best -15.9374
swap between good curr -13.5663 swap -13.5502 best -15.9374
swap between good curr -13.6148 swap -13.5663 best -15.9374
swap between good curr -13.691 swap -13.6148 best -15.9374
swap between good curr -13.8446 swap -13.691 best -15.9374
swap between good curr -14.0072 swap -13.8446 best -15.9374
swap between good curr -14.0524 swap -14.0072 best -15.9374
swap in good curr -11.3484 swap 27.0193 best -15.9374
swap between good curr -11.3934 swap -11.3484 best -15.9374
swap between good curr -11.4049 swap -11.3934 best -15.9374
swap between good curr -11.446 swap -11.4049 best -15.9374
swap between good curr -11.5632 swap -11.446 best -15.9374
swap between good curr -11.6619 swap -11.5632 best -15.9374
swap between good curr -11.8125 swap -11.6619 best -15.9374
swap between good curr -12.1838 swap -11.8125 best -15.9374
swap in good curr -10.9577 swap -2.83137 best -15.9374
totalE 0.405227 extE -3.910229 
swap between good curr -11.3284 swap -10.9577 best -15.9374
swap between good curr -11.3884 swap -11.3284 best -15.9374
swap between good curr -11.5082 swap -11.3884 best -15.9374
swap between good curr -11.5634 swap -11.5082 best -15.9374
swap between good curr -11.7201 swap -11.5634 best -15.9374
swap between good curr -11.7632 swap -11.7201 best -15.9374
swap between good curr -11.8197 swap -11.7632 best -15.9374
swap between good curr -11.9937 swap -11.8197 best -15.9374
swap between good curr -11.9986 swap -11.9937 best -15.9374
swap between good curr -12.0634 swap -11.9986 best -15.9374
swap between good curr -12.1879 swap -12.1838 best -15.9374
swap between good curr -12.4893 swap -12.1879 best -15.9374
swap between good curr -12.587 swap -12.4893 best -15.9374
swap between good curr -12.691 swap -12.587 best -15.9374
swap between good curr -12.7946 swap -12.691 best -15.9374
swap between good curr -12.839 swap -12.7946 best -15.9374
swap between good curr -12.868 swap -12.839 best -15.9374
swap between good curr -12.9069 swap -12.868 best -15.9374
swap between good curr -13.015 swap -12.9069 best -15.9374
swap between good curr -13.0501 swap -13.015 best -15.9374
swap between good curr -13.1791 swap -13.0501 best -15.9374
swap between good curr -13.6242 swap -13.1791 best -15.9374
swap between good curr -13.7615 swap -13.6242 best -15.9374
swap between good curr -13.8123 swap -13.7615 best -15.9374
swap between good curr -13.8204 swap -13.8123 best -15.9374
swap between good curr -13.9069 swap -13.8204 best -15.9374
swap between good curr -13.9519 swap -13.9069 best -15.9374
swap between good curr -14.183 swap -13.9519 best -15.9374
swap between good curr -14.2143 swap -14.183 best -15.9374
swap between good curr -14.236 swap -14.2143 best -15.9374
swap between good curr -14.5149 swap -14.236 best -15.9374
swap between good curr -14.5459 swap -14.5149 best -15.9374
swap between good curr -13.9831 swap -12.0634 best -15.9374
swap between good curr -14.0839 swap -13.9831 best -15.9374
swap between good curr -14.2505 swap -14.0839 best -15.9374
swap between good curr -14.2569 swap -14.2505 best -15.9374
swap between good curr -14.2939 swap -14.2569 best -15.9374
swap between good curr -14.3626 swap -14.2939 best -15.9374
swap between good curr -14.378 swap -14.3626 best -15.9374
swap between good curr -14.429 swap -14.378 best -15.9374
swap between good curr -14.6829 swap -14.429 best -15.9374
swap between good curr -14.9337 swap -14.6829 best -15.9374
swap between good curr -15.1827 swap -14.9337 best -15.9374
swap between good curr -15.2662 swap -15.1827 best -15.9374
swap between good curr -15.6404 swap -15.2662 best -15.9374
swap between good curr -15.6923 swap -15.6404 best -15.9374
swap between good curr -15.7104 swap -15.6923 best -15.9374
swap between good curr -15.7913 swap -15.7104 best -15.9374
swap between best curr -15.9824 swap -15.7913 best -15.9824
totalE -39.287164 extE -8.214092 
swap between best curr -16.3654 swap -15.9824 best -16.3654
totalE -40.847837 extE -8.204580 
swap between best curr -16.3722 swap -16.3654 best -16.3722
totalE -41.027418 extE -8.153851 
swap between best curr -16.5487 swap -16.3722 best -16.5487
totalE -41.185990 extE -8.336271 
swap between best curr -16.6337 swap -16.5487 best -16.6337
totalE -41.758959 extE -8.258624 
swap between best curr -16.7358 swap -16.6337 best -16.7358
totalE -41.087187 extE -8.618704 
swap between best curr -16.8651 swap -16.7358 best -16.8651
totalE -41.499775 extE -8.653592 
swap between best curr -16.9597 swap -16.8651 best -16.9597
totalE -41.594349 extE -8.748166 
swap between best curr -17.229 swap -16.9597 best -17.229
totalE -42.396940 extE -8.839688 
swap in good curr -12.6744 swap -2.90082 best -17.229
totalE 4.533136 extE -5.378801 
swap between good curr -12.997 swap -12.6744 best -17.229
swap between good curr -14.251 swap -12.997 best -17.229
swap between good curr -14.507 swap -14.251 best -17.229
swap between good curr -14.6211 swap -14.507 best -17.229
swap between good curr -14.8048 swap -14.6211 best -17.229
swap between good curr -14.9492 swap -14.8048 best -17.229
swap between good curr -14.9795 swap -14.9492 best -17.229
swap out bad curr -4.29163 swap -14.9795 best -17.229 curriter 277495 
swap between good curr -15.3731 swap -14.9795 best -17.229
swap between good curr -15.4662 swap -15.3731 best -17.229
swap between good curr -15.5434 swap -15.4662 best -17.229
swap between good curr -15.583 swap -15.5434 best -17.229
swap between good curr -15.6515 swap -15.583 best -17.229
swap between good curr -15.7823 swap -15.6515 best -17.229
swap in good curr -13.2183 swap -12.496 best -17.229
totalE -33.751958 extE -5.410673 
swap between good curr -13.6859 swap -13.2183 best -17.229
swap between good curr -13.726 swap -13.6859 best -17.229
swap between good curr -13.8653 swap -13.726 best -17.229
swap between good curr -13.9461 swap -13.8653 best -17.229
swap between good curr -14.0957 swap -13.9461 best -17.229
swap between good curr -14.16 swap -14.0957 best -17.229
swap between good curr -14.1873 swap -14.16 best -17.229
swap between good curr -14.2428 swap -14.1873 best -17.229
swap between good curr -14.2704 swap -14.2428 best -17.229
swap between good curr -14.7442 swap -14.2704 best -17.229
swap between good curr -14.9059 swap -14.7442 best -17.229
swap between good curr -14.9921 swap -14.9059 best -17.229
swap between good curr -15.0392 swap -14.9921 best -17.229
swap between good curr -15.1476 swap -15.0392 best -17.229
swap between good curr -15.1506 swap -15.1476 best -17.229
swap between good curr -15.1719 swap -15.1506 best -17.229
swap between good curr -15.4286 swap -15.1719 best -17.229
swap between good curr -15.4909 swap -15.4286 best -17.229
swap between good curr -15.5315 swap -15.4909 best -17.229
swap between good curr -15.534 swap -15.5315 best -17.229
swap between good curr -15.7156 swap -15.534 best -17.229
swap in good curr -12.9587 swap 4.37518 best -17.229
swap between good curr -13.0111 swap -12.9587 best -17.229
swap between good curr -13.0421 swap -13.0111 best -17.229
swap between good curr -13.076 swap -13.0421 best -17.229
swap between good curr -13.0968 swap -13.076 best -17.229
swap between good curr -13.2504 swap -13.0968 best -17.229
swap between good curr -13.4417 swap -13.2504 best -17.229
swap between good curr -13.4516 swap -13.4417 best -17.229
swap between good curr -13.6117 swap -13.4516 best -17.229
swap between good curr -13.6914 swap -13.6117 best -17.229
swap between good curr -13.957 swap -13.6914 best -17.229
swap between good curr -14.2263 swap -13.957 best -17.229
swap between good curr -14.4204 swap -14.2263 best -17.229
swap between good curr -14.6084 swap -14.4204 best -17.229
swap between good curr -14.6229 swap -14.6084 best -17.229
swap between good curr -14.7092 swap -14.6229 best -17.229
swap in good curr -12.7609 swap 29.1691 best -17.229
swap between good curr -13.6186 swap -12.7609 best -17.229
swap between good curr -13.6619 swap -13.6186 best -17.229
swap between good curr -13.7635 swap -13.6619 best -17.229
swap between good curr -13.9195 swap -13.7635 best -17.229
swap between good curr -13.9968 swap -13.9195 best -17.229
swap between good curr -14.076 swap -13.9968 best -17.229
swap between good curr -14.2366 swap -14.076 best -17.229
swap between good curr -14.27 swap -14.2366 best -17.229
swap between good curr -14.2923 swap -14.27 best -17.229
swap between good curr -14.3581 swap -14.2923 best -17.229
swap in good curr -12.6425 swap 4.55771 best -17.229
swap between good curr -12.6851 swap -12.6425 best -17.229
swap between good curr -12.878 swap -12.6851 best -17.229
swap between good curr -13.5082 swap -12.878 best -17.229
swap between good curr -13.8808 swap -13.5082 best -17.229
swap between good curr -13.9123 swap -13.8808 best -17.229
swap between good curr -13.9313 swap -13.9123 best -17.229
swap between good curr -14.5161 swap -13.9313 best -17.229
swap between good curr -14.95 swap -14.5161 best -17.229
swap between good curr -14.9557 swap -14.95 best -17.229
swap between good curr -15.0782 swap -14.9557 best -17.229
transmutate bad curr -4.2468 best -17.229 curriter 352778 
transmutate!!! -5.915 -6.694 7.716
transmutate!!! -5.915 -6.694 7.716
swap in good curr -12.9204 swap -12.5019 best -17.229
totalE -36.148234 extE -4.619820 
swap between good curr -13.5047 swap -12.9204 best -17.229
swap between good curr -13.6502 swap -13.5047 best -17.229
swap between good curr -13.7478 swap -13.6502 best -17.229
swap between good curr -14.1696 swap -13.7478 best -17.229
swap between good curr -14.4464 swap -14.1696 best -17.229
swap between good curr -14.5502 swap -14.4464 best -17.229
swap between good curr -14.5711 swap -14.5502 best -17.229
swap between good curr -14.6961 swap -14.5711 best -17.229
swap between good curr -14.7093 swap -14.6961 best -17.229
swap between good curr -14.9223 swap -14.7093 best -17.229
swap between good curr -14.9458 swap -14.9223 best -17.229
swap between good curr -15.1244 swap -14.9458 best -17.229
swap between good curr -15.1744 swap -15.1244 best -17.229
swap in good curr -15.5714 swap -14.7092 best -17.229
totalE -41.875714 extE -5.653714 
swap between good curr -15.6346 swap -15.5714 best -17.229
swap between good curr -16.1312 swap -15.6346 best -17.229
swap between good curr -16.1338 swap -16.1312 best -17.229
swap between good curr -16.1549 swap -16.1338 best -17.229
swap between good curr -16.3302 swap -16.1549 best -17.229
swap between good curr -16.3451 swap -16.3302 best -17.229
swap between good curr -16.3759 swap -16.3451 best -17.229
swap between good curr -16.4747 swap -16.3759 best -17.229
swap in good curr -14.8146 swap -14.3581 best -17.229
totalE -45.178039 extE -4.084721 
swap between good curr -14.9024 swap -14.8146 best -17.229
swap between good curr -14.9442 swap -14.9024 best -17.229
swap between good curr -15.1081 swap -14.9442 best -17.229
swap in good curr -14.0669 swap -14.0524 best -17.229
totalE -35.001250 extE -7.069455 
swap between good curr -14.1307 swap -14.0669 best -17.229
swap between good curr -14.211 swap -14.1307 best -17.229
swap between good curr -14.2793 swap -14.211 best -17.229
swap between good curr -14.2927 swap -14.2793 best -17.229
swap in good curr -14.9538 swap -14.5459 best -17.229
totalE -35.476289 extE -7.569105 
swap between good curr -15.3249 swap -14.9538 best -17.229
swap between good curr -15.9611 swap -15.3249 best -17.229
swap between good curr -16.0847 swap -15.9611 best -17.229
swap between good curr -16.129 swap -14.2927 best -17.229
swap between good curr -16.1444 swap -16.129 best -17.229
swap between good curr -16.5884 swap -16.1444 best -17.229
swap between good curr -16.6285 swap -16.5884 best -17.229
swap between good curr -16.7463 swap -16.6285 best -17.229
swap in good curr -15.4814 swap -15.0782 best -17.229
totalE -44.535980 extE -5.258913 
swap between good curr -15.6737 swap -15.4814 best -17.229
swap between good curr -15.6817 swap -15.6737 best -17.229
swap between good curr -15.6916 swap -15.6817 best -17.229
swap in good curr -15.1789 swap -15.1081 best -17.229
totalE -39.163768 extE -7.089580 
swap between good curr -15.341 swap -15.1789 best -17.229
swap between good curr -15.3665 swap -15.341 best -17.229
swap between good curr -15.5238 swap -15.3665 best -17.229
swap between good curr -15.5299 swap -15.5238 best -17.229
swap between good curr -15.5319 swap -15.5299 best -17.229
swap between good curr -15.6852 swap -15.5319 best -17.229
swap between good curr -15.7219 swap -15.6852 best -17.229
swap in good curr -15.7783 swap -15.6916 best -17.229
totalE -40.626528 extE -7.379894 
swap between good curr -16.0387 swap -15.7783 best -17.229
swap between good curr -16.0641 swap -16.0387 best -17.229
swap between good curr -16.1768 swap -16.0641 best -17.229
swap between good curr -16.186 swap -16.1768 best -17.229
swap between good curr -16.2093 swap -16.186 best -17.229
swap between good curr -16.576 swap -16.2093 best -17.229
swap between good curr -16.6701 swap -16.576 best -17.229
swap between good curr -16.7516 swap -16.6701 best -17.229
swap between good curr -17.0188 swap -16.7516 best -17.229
swap between good curr -17.2057 swap -17.0188 best -17.229
swap between good curr -17.2187 swap -17.2057 best -17.229
swap between best curr -17.4612 swap -17.2187 best -17.4612
totalE -46.223642 extE -7.873740 
swap between best curr -17.4844 swap -17.4612 best -17.4844
totalE -45.076743 extE -8.286897 
swap between best curr -17.6987 swap -17.4844 best -17.6987
totalE -46.546299 extE -8.082827 
swap between best curr -17.7429 swap -17.6987 best -17.7429
totalE -46.590532 extE -8.127059 
swap between best curr -17.8337 swap -17.7429 best -17.8337
totalE -46.681258 extE -8.217786 
swap between best curr -17.8798 swap -17.8337 best -17.8798
totalE -46.799682 extE -8.239849 
swap between best curr -18.0557 swap -17.8798 best -18.0557
totalE -46.818450 extE -8.468098 
swap between best curr -18.1427 swap -18.0557 best -18.1427
totalE -46.905455 extE -8.555103 
swap between best curr -18.225 swap -18.1427 best -18.225
totalE -46.987785 extE -8.637433 
swap between good curr -16.987 swap -16.7463 best -18.225
swap between good curr -17.0336 swap -16.987 best -18.225
swap between good curr -17.2662 swap -17.0336 best -18.225
swap between good curr -17.2709 swap -17.2662 best -18.225
swap between good curr -17.3222 swap -17.2709 best -18.225
swap between good curr -17.4382 swap -17.3222 best -18.225
swap between good curr -17.7858 swap -17.4382 best -18.225
swap between good curr -17.8021 swap -17.7858 best -18.225
swap between good curr -17.8583 swap -17.8021 best -18.225
swap between good curr -17.8623 swap -17.8583 best -18.225
swap between good curr -17.8972 swap -17.8623 best -18.225
swap between good curr -18.0219 swap -17.8972 best -18.225
swap between good curr -18.07 swap -18.0219 best -18.225
swap between good curr -18.1877 swap -18.07 best -18.225
swap between good curr -18.1982 swap -18.1877 best -18.225
swap between best curr -18.2749 swap -18.1982 best -18.2749
totalE -47.949574 extE -8.383380 
swap between best curr -18.2909 swap -18.2749 best -18.2909
totalE -47.758527 extE -8.468329 
swap between best curr -18.3272 swap -18.2909 best -18.3272
totalE -47.919049 extE -8.463200 
swap between best curr -18.3575 swap -18.3272 best -18.3575
totalE -48.119975 extE -8.436666 
swap in good curr -15.3229 swap -15.1744 best -18.3575
totalE -43.790729 extE -5.635681 
swap between good curr -15.5692 swap -15.3229 best -18.3575
swap between good curr -15.6195 swap -15.5692 best -18.3575
swap between good curr -15.6948 swap -15.6195 best -18.3575
swap between good curr -15.7331 swap -15.6948 best -18.3575
swap between good curr -15.7815 swap -15.7331 best -18.3575
swap between good curr -15.908 swap -15.7815 best -18.3575
swap between good curr -16.0137 swap -15.908 best -18.3575
swap between best curr -18.4866 swap -18.3575 best -18.4866
totalE -47.433049 extE -8.837730 
swap in good curr -15.9666 swap -15.9374 best -18.4866
totalE -38.615494 extE -8.378044 
swap between good curr -16.8299 swap -15.9666 best -18.4866
swap between good curr -16.9078 swap -16.8299 best -18.4866
swap in good curr -15.9271 swap -15.7219 best -18.4866
totalE -40.381880 extE -7.501877 
swap between good curr -16.071 swap -15.9271 best -18.4866
swap between good curr -16.0929 swap -16.071 best -18.4866
swap between good curr -16.3566 swap -16.0929 best -18.4866
swap between good curr -16.3654 swap -16.3566 best -18.4866
swap between good curr -16.3811 swap -16.3654 best -18.4866
swap between good curr -16.3899 swap -16.3811 best -18.4866
swap between good curr -16.4318 swap -16.3899 best -18.4866
swap in good curr -15.9418 swap -15.7156 best -18.4866
totalE -46.578881 extE -5.427844 
swap between good curr -16.3231 swap -15.9418 best -18.4866
swap between good curr -16.4307 swap -16.3231 best -18.4866
swap between good curr -16.5299 swap -16.4307 best -18.4866
swap between good curr -16.7664 swap -16.5299 best -18.4866
swap between good curr -16.9678 swap -16.7664 best -18.4866
swap between good curr -16.9706 swap -16.9678 best -18.4866
swap between good curr -17.0549 swap -16.9706 best -18.4866
swap between good curr -17.1123 swap -17.0549 best -18.4866
swap between good curr -17.1553 swap -17.1123 best -18.4866
swap between good curr -17.2429 swap -17.1553 best -18.4866
swap between good curr -17.3876 swap -17.2429 best -18.4866
swap between good curr -17.7497 swap -17.3876 best -18.4866
swap between good curr -17.7754 swap -17.7497 best -18.4866
swap between good curr -17.8439 swap -17.7754 best -18.4866
swap between good curr -18.0814 swap -17.8439 best -18.4866
swap between good curr -18.1801 swap -18.0814 best -18.4866
swap between good curr -18.2048 swap -18.1801 best -18.4866
swap between good curr -18.4756 swap -18.2048 best -18.4866
swap between good curr -18.4824 swap -18.4756 best -18.4866
swap between best curr -18.4912 swap -18.4824 best -18.4912
totalE -41.560655 extE -10.801391 
swap between best curr -18.56 swap -18.4912 best -18.56
totalE -42.008165 extE -10.743887 
swap between best curr -18.5935 swap -18.56 best -18.5935
totalE -42.503341 extE -10.623509 
swap between best curr -18.7255 swap -18.5935 best -18.7255
totalE -42.574814 extE -10.775704 
swap between best curr -18.8682 swap -18.7255 best -18.8682
totalE -42.839049 extE -10.877952 
swap between best curr -18.8745 swap -18.8682 best -18.8745
totalE -41.872495 extE -11.208552 
swap between best curr -18.9377 swap -18.8745 best -18.9377
totalE -42.181913 extE -11.189612 
swap between best curr -18.9773 swap -18.9377 best -18.9773
totalE -43.259309 extE -10.883342 
swap between best curr -18.9855 swap -18.9773 best -18.9855
totalE -43.267505 extE -10.891538 
swap between best curr -19.1831 swap -18.9855 best -19.1831
totalE -45.055462 extE -10.558933 
swap between best curr -19.204 swap -19.1831 best -19.204
totalE -45.151379 extE -10.554854 
swap between best curr -19.2826 swap -19.204 best -19.2826
totalE -45.229949 extE -10.633424 
swap between best curr -19.4123 swap -19.2826 best -19.4123
totalE -46.012906 extE -10.545496 
swap between best curr -19.7516 swap -19.4123 best -19.7516
totalE -47.468241 extE -10.512661 
swap between best curr -19.8661 swap -19.7516 best -19.8661
totalE -47.582749 extE -10.627169 
swap between best curr -19.9714 swap -19.8661 best -19.9714
totalE -47.688132 extE -10.732552 
swap between best curr -20.0759 swap -19.9714 best -20.0759
totalE -47.851706 extE -10.817251 
swap between best curr -20.1403 swap -20.0759 best -20.1403
totalE -48.469593 extE -10.697141 
swap between best curr -20.1679 swap -20.1403 best -20.1679
totalE -48.463522 extE -10.736026 
swap between best curr -21.1133 swap -20.1679 best -21.1133
totalE -52.300634 extE -10.717553 
swap between best curr -21.4659 swap -21.1133 best -21.4659
totalE -53.429573 extE -10.811370 
swap between best curr -21.5124 swap -21.4659 best -21.5124
totalE -53.476057 extE -10.857853 
swap between best curr -21.6407 swap -21.5124 best -21.6407
totalE -53.970448 extE -10.864182 
swap between best curr -21.8154 swap -21.6407 best -21.8154
totalE -54.145083 extE -11.038817 
swap between best curr -22.08 swap -21.8154 best -22.08
totalE -55.073073 extE -11.082346 
swap between best curr -22.1972 swap -22.08 best -22.1972
totalE -55.190246 extE -11.199519 
swap in good curr -17.8526 swap -16.0137 best -22.1972
totalE -40.512039 extE -7.847550 
swap between good curr -18.1919 swap -17.8526 best -22.1972
swap between good curr -18.3699 swap -18.1919 best -22.1972
swap between good curr -18.4159 swap -18.3699 best -22.1972
swap between good curr -18.6605 swap -18.4159 best -22.1972
swap between good curr -18.7794 swap -18.6605 best -22.1972
swap between good curr -18.9226 swap -18.7794 best -22.1972
swap between good curr -19.0646 swap -18.9226 best -22.1972
swap between good curr -19.0858 swap -19.0646 best -22.1972
swap between good curr -19.2952 swap -19.0858 best -22.1972
swap out bad curr -10.0424 swap -18.4866 best -22.1972 curriter 581475 
swap between good curr -18.6329 swap -18.4866 best -22.1972
swap between good curr -18.9668 swap -18.6329 best -22.1972
swap between good curr -19.0024 swap -18.9668 best -22.1972
swap between good curr -19.0221 swap -19.0024 best -22.1972
swap between good curr -19.0294 swap -19.0221 best -22.1972
swap between good curr -19.0871 swap -19.0294 best -22.1972
swap between good curr -19.2 swap -19.0871 best -22.1972
swap between good curr -19.6757 swap -19.2 best -22.1972
swap between good curr -19.7009 swap -19.6757 best -22.1972
swap between good curr -19.7603 swap -19.7009 best -22.1972
swap out bad curr -7.85038 swap -19.2952 best -22.1972 curriter 631735 
swap between good curr -19.4289 swap -19.2952 best -22.1972
swap between good curr -19.7173 swap -19.4289 best -22.1972
swap between good curr -20.3201 swap -19.7173 best -22.1972
swap between good curr -20.5266 swap -20.3201 best -22.1972
swap between good curr -20.6489 swap -20.5266 best -22.1972
swap in good curr -17.3255 swap -16.4747 best -22.1972
totalE -49.724982 extE -5.391295 
swap between good curr -18.1346 swap -17.3255 best -22.1972
swap between good curr -18.1804 swap -18.1346 best -22.1972
swap between good curr -18.2209 swap -18.1804 best -22.1972
swap between good curr -18.3832 swap -18.2209 best -22.1972
swap between good curr -18.4113 swap -18.3832 best -22.1972
swap out bad curr -3.03616 swap -22.1972 best -22.1972 curriter 691891 
swap in good curr -17.3081 swap -16.9078 best -22.1972
totalE -43.327887 extE -8.101092 
swap between good curr -18.744 swap -18.4113 best -22.1972
swap between good curr -18.923 swap -18.744 best -22.1972
swap between good curr -19.0001 swap -18.923 best -22.1972
swap between good curr -19.1477 swap -19.0001 best -22.1972
swap between good curr -19.6953 swap -19.1477 best -22.1972
swap between good curr -19.7762 swap -19.6953 best -22.1972
swap between good curr -20.37 swap -19.7762 best -22.1972
swap between good curr -20.4903 swap -20.37 best -22.1972
swap in good curr -17.913 swap -16.0847 best -22.1972
totalE -40.201980 extE -8.045668 
swap between good curr -18.2891 swap -17.913 best -22.1972
swap between good curr -18.7201 swap -18.2891 best -22.1972
swap between good curr -18.7964 swap -18.7201 best -22.1972
swap between good curr -19.187 swap -18.7964 best -22.1972
swap between good curr -19.2015 swap -19.187 best -22.1972
swap between good curr -19.5194 swap -19.2015 best -22.1972
swap between good curr -19.5591 swap -19.5194 best -22.1972
swap in good curr -17.9859 swap -17.3081 best -22.1972
totalE -46.044241 extE -7.729426 
swap between good curr -18.0825 swap -17.9859 best -22.1972
swap between good curr -18.1617 swap -18.0825 best -22.1972
swap between good curr -19.1401 swap -18.1617 best -22.1972
swap between good curr -19.2186 swap -19.1401 best -22.1972
swap between good curr -19.4966 swap -19.2186 best -22.1972
swap between good curr -19.5688 swap -19.4966 best -22.1972
swap between good curr -19.7311 swap -19.5688 best -22.1972
swap between good curr -19.8819 swap -19.7311 best -22.1972
swap between good curr -20.4003 swap -19.8819 best -22.1972
swap between good curr -20.7388 swap -20.4003 best -22.1972
swap between good curr -21.0862 swap -20.7388 best -22.1972
swap between good curr -21.0949 swap -21.0862 best -22.1972
swap between good curr -21.3655 swap -21.0949 best -22.1972
swap in good curr -17.2708 swap -17.229 best -22.1972
totalE -42.396940 extE -8.839688 
swap between good curr -17.4554 swap -17.2708 best -22.1972
swap between good curr -17.4686 swap -17.4554 best -22.1972
swap between good curr -17.6316 swap -17.4686 best -22.1972
swap between good curr -18.0125 swap -17.6316 best -22.1972
swap between good curr -18.1187 swap -18.0125 best -22.1972
swap between good curr -18.3257 swap -18.1187 best -22.1972
swap between good curr -18.416 swap -18.3257 best -22.1972
swap between good curr -19.8328 swap -18.416 best -22.1972
swap between good curr -19.9633 swap -19.8328 best -22.1972
swap between good curr -20.0689 swap -19.9633 best -22.1972
swap between good curr -20.1785 swap -20.0689 best -22.1972
swap between good curr -20.2232 swap -20.1785 best -22.1972
swap between good curr -20.4128 swap -20.2232 best -22.1972
swap between good curr -20.602 swap -20.4128 best -22.1972
swap between good curr -20.7984 swap -20.602 best -22.1972
swap between good curr -20.8933 swap -20.7984 best -22.1972
swap between good curr -20.9431 swap -20.8933 best -22.1972
swap between good curr -21.1264 swap -20.9431 best -22.1972
swap between good curr -21.1509 swap -21.1264 best -22.1972
swap between good curr -21.2485 swap -21.1509 best -22.1972
swap in good curr -17.9652 swap -16.4318 best -22.1972
totalE -42.183835 extE -7.847750 
swap between good curr -18.0238 swap -17.9652 best -22.1972
swap between good curr -18.1222 swap -18.0238 best -22.1972
swap between good curr -18.1985 swap -18.1222 best -22.1972
swap between good curr -18.4365 swap -18.1985 best -22.1972
swap between good curr -18.5548 swap -18.4365 best -22.1972
swap between good curr -18.6844 swap -18.5548 best -22.1972
swap between good curr -19.0072 swap -18.6844 best -22.1972
swap between good curr -19.2467 swap -19.0072 best -22.1972
swap between good curr -19.4889 swap -19.2467 best -22.1972
swap between good curr -19.5388 swap -19.4889 best -22.1972
swap between good curr -21.3208 swap -21.2485 best -22.1972
swap between good curr -21.6518 swap -21.3208 best -22.1972
swap between good curr -21.709 swap -21.6518 best -22.1972
swap between good curr -21.8182 swap -21.709 best -22.1972
swap between good curr -21.4899 swap -21.3655 best -22.1972
swap between good curr -21.634 swap -21.4899 best -22.1972
swap between good curr -21.891 swap -21.634 best -22.1972
swap between good curr -21.9398 swap -21.891 best -22.1972
swap between good curr -22.081 swap -21.9398 best -22.1972
swap between good curr -22.1443 swap -22.081 best -22.1972
swap between best curr -22.3467 swap -22.1443 best -22.3467
totalE -48.565069 extE -13.607248 
swap in good curr -18.6598 swap -18.225 best -22.3467
totalE -46.987785 extE -8.637433 
swap between good curr -18.8815 swap -18.6598 best -22.3467
swap between good curr -18.8979 swap -18.8815 best -22.3467
swap between good curr -18.9063 swap -18.8979 best -22.3467
swap between good curr -18.9519 swap -18.9063 best -22.3467
swap between good curr -19.4766 swap -18.9519 best -22.3467
swap between good curr -19.6313 swap -19.4766 best -22.3467
swap between good curr -19.9049 swap -19.6313 best -22.3467
swap between good curr -20.0467 swap -19.9049 best -22.3467
swap in good curr -17.4412 swap -15.7823 best -22.3467
totalE -47.975351 extE -5.051327 
swap between good curr -17.6717 swap -17.4412 best -22.3467
swap between good curr -17.7641 swap -17.6717 best -22.3467
swap between good curr -18.0729 swap -17.7641 best -22.3467
swap between good curr -18.8247 swap -18.0729 best -22.3467
swap between good curr -19.5894 swap -18.8247 best -22.3467
swap between good curr -19.6035 swap -19.5894 best -22.3467
swap between good curr -20.0099 swap -19.6035 best -22.3467
swap between good curr -20.1789 swap -20.0099 best -22.3467
swap between good curr -20.2644 swap -20.1789 best -22.3467
swap between good curr -20.3173 swap -20.2644 best -22.3467
swap in good curr -19.7135 swap -19.5591 best -22.3467
totalE -47.859775 extE -10.125595 
swap between good curr -19.9364 swap -19.7135 best -22.3467
swap between good curr -20.2083 swap -19.9364 best -22.3467
swap between good curr -20.3383 swap -20.2083 best -22.3467
swap between good curr -20.6578 swap -20.3383 best -22.3467
swap between good curr -20.7516 swap -20.6578 best -22.3467
swap in good curr -19.8503 swap -19.7603 best -22.3467
totalE -52.645438 extE -8.798569 
swap between good curr -19.9091 swap -19.8503 best -22.3467
swap between good curr -20.0977 swap -20.0467 best -22.3467
swap between good curr -20.2412 swap -20.0977 best -22.3467
swap between good curr -20.3 swap -20.2412 best -22.3467
swap in good curr -20.657 swap -20.3173 best -22.3467
totalE -44.203110 extE -12.355367 
swap between good curr -20.6732 swap -20.657 best -22.3467
swap between good curr -20.7597 swap -20.6732 best -22.3467
swap between good curr -20.8221 swap -20.7597 best -22.3467
swap between good curr -20.8488 swap -20.8221 best -22.3467
swap between good curr -21.3011 swap -20.8488 best -22.3467
swap between good curr -21.3616 swap -21.3011 best -22.3467
swap between good curr -21.5235 swap -21.3616 best -22.3467
swap between good curr -21.6433 swap -21.5235 best -22.3467
swap between good curr -21.7451 swap -21.6433 best -22.3467
swap between good curr -21.9367 swap -21.7451 best -22.3467
swap between good curr -22.0382 swap -21.9367 best -22.3467
swap between good curr -22.0598 swap -22.0382 best -22.3467
swap between good curr -22.1832 swap -22.0598 best -22.3467
swap in good curr -20.1645 swap -19.5388 best -22.3467
totalE -43.856613 extE -11.432877 
swap between good curr -20.3381 swap -20.1645 best -22.3467
swap between good curr -20.3657 swap -20.3381 best -22.3467
swap between good curr -20.7568 swap -20.3657 best -22.3467
swap between good curr -20.8637 swap -20.7568 best -22.3467
swap between good curr -21.2092 swap -20.8637 best -22.3467
swap between good curr -21.6277 swap -21.2092 best -22.3467
swap between good curr -21.6477 swap -21.6277 best -22.3467
swap between good curr -21.8545 swap -21.6477 best -22.3467
swap between good curr -21.9994 swap -21.8545 best -22.3467
swap between good curr -22.0978 swap -21.9994 best -22.3467
swap between good curr -22.2774 swap -22.0978 best -22.3467
swap between good curr -22.3002 swap -22.2774 best -22.3467
swap between best curr -22.6227 swap -22.3002 best -22.6227
totalE -51.108295 extE -13.127462 
swap between good curr -22.25 swap -21.8182 best -22.6227
swap between good curr -22.5217 swap -22.25 best -22.6227
swap between good curr -22.5746 swap -22.3467 best -22.6227
swap between best curr -22.7808 swap -22.5746 best -22.7808
totalE -56.195530 extE -11.642526 
swap in good curr -20.621 swap -20.3 best -22.7808
totalE -48.955005 extE -10.748291 
swap between good curr -20.9748 swap -20.621 best -22.7808
swap between good curr -21.0092 swap -20.9748 best -22.7808
swap between good curr -21.1424 swap -21.0092 best -22.7808
swap in good curr -22.2545 swap -20.4903 best -22.7808
totalE -46.252850 extE -11.902734 
swap between good curr -22.2848 swap -22.2545 best -22.7808
swap between good curr -22.4246 swap -22.2848 best -22.7808
swap between good curr -22.699 swap -22.4246 best -22.7808
swap between best curr -22.8163 swap -22.699 best -22.8163
totalE -45.238944 extE -15.342025 
swap between best curr -23.0771 swap -22.8163 best -23.0771
totalE -46.050929 extE -15.419121 
swap between best curr -23.144 swap -23.0771 best -23.144
totalE -46.662332 extE -15.304574 
swap between best curr -23.2582 swap -23.144 best -23.2582
totalE -46.776533 extE -15.418775 
swap in good curr -19.9306 swap -19.9091 best -23.2582
totalE -50.467755 extE -9.722907 
swap between good curr -20.0792 swap -19.9306 best -23.2582
-15.4188 -1.99188 -3.21376 -1.36263 -1.7713 -0.540284 -2.77749 -1.21117 -0.215879 0.0496728 -1.62692 0.0302737 -0.00461519 -0.00580921 0.00394817 -0.0148588 -0.00638857 -0.482231 -0.0117605 -0.0206212 -0.498035 0.252965 
-15.4188 
0 0.701359 
0 -0.132145 1.01096 
0 -0.0330944 0.321768 1.27469 
0 -0.00168336 0.0599334 -0.173634 3.55028 
0 0 -0.00132535 -0.0362096 6.31295 0.435827 
0 0 -0.000690219 -0.00448203 0.299905 0.180826 3.99903 
0 -0.0137058 -0.0653025 -0.0890717 -0.713785 -0.258275 0.304807 1.28712 
0 0 -0.000725049 -0.0200847 -4.99912 -0.172186 -0.145273 0.177066 0.889111 
0 0 0 0 -0.00744969 -4.47133 -0.0551833 -0.12041 0.446249 1.562 
0 0 0 0 -0.00147502 -0.00629648 -3.41589 0.183292 -0.161192 0.277349 1.25048 
0 0 0 -0.000195464 -0.000688104 -0.000596434 -0.00525266 -5.38753 0.418752 -0.152941 0.0429486 0.951969 
0 0 0 0 0 -0.000534059 -0.000528559 -0.00641229 -4.99162 -0.121106 -0.134802 0.172628 0.519067 
0 0 0 0 0 0 -0.000358734 -0.000875876 -0.0145335 -4.27768 0.264897 -0.172602 0.0174848 0.974046 
0 0 0 0 0 0 0 -0.000469226 -0.00174517 -0.0100877 -4.74185 -0.407078 -0.145852 -0.0285317 0.640299 
0 0 0 0 0 0 0 0 -0.000589933 -0.00081417 -0.00690711 -4.87116 -0.107605 -0.126338 -0.00345942 1.3914 
0 0 0 0 0 0 0 0 0 -0.000986821 -0.000998278 -0.0149905 -3.21299 -0.174473 -0.13749 0.407441 1.17311 
0 0 0 0 0 0 0 0 0 0 -0.000687056 -0.00197645 -0.0136127 -2.95399 -0.0721139 -0.15544 0.34694 0.709433 
0 0 0 0 0 0 0 0 0 0 0 -0.000194056 -0.000641497 -0.00685285 -1.34451 -0.0682915 -0.152559 -0.208784 2.06592 
0 0 0 0 0 0 0 0 0 0 0 0 -0.000683559 -0.000529194 -0.00440019 -4.91838 -0.103105 -0.0795953 0.0770069 0.643573 
0 0 0 0 0 0 0 0 0 0 0 0 -0.000125456 -0.00437128 -0.000643218 -0.0128408 -4.77607 -0.129399 -0.151414 -0.117296 0.761912 
0 0 0 0 0 0 0 0 -0.000968265 -0.00081417 -0.00695392 -4.87177 -0.102008 -0.12959 0.0415143 1.95831 0.43969 -0.157278 -0.0719821 -4.9373 -0.0127666 0.0315243 
swap out bad curr -12.9338 swap -22.1832 best -23.2582 curriter 1081887 
swap between good curr -22.4291 swap -22.1832 best -23.2582
swap in good curr -20.4969 swap -20.0792 best -23.2582
totalE -44.205605 extE -12.037011 
swap between good curr -20.6903 swap -20.4969 best -23.2582
swap between good curr -21.4534 swap -20.6903 best -23.2582
swap out bad curr -12.433 swap -23.2582 best -23.2582 curriter 1144402 
swap between best curr -23.6971 swap -23.2582 best -23.6971
totalE -47.830303 extE -15.652646 
swap between best curr -23.9302 swap -23.6971 best -23.9302
totalE -49.136185 extE -15.528176 
swap between best curr -24.0197 swap -23.9302 best -24.0197
totalE -49.225691 extE -15.617682 
swap between best curr -24.0681 swap -24.0197 best -24.0681
totalE -50.267717 extE -15.334915 
swap between good curr -21.2339 swap -21.1424 best -24.0681
swap between good curr -21.2825 swap -21.2339 best -24.0681
swap between good curr -21.5202 swap -21.2825 best -24.0681
swap between good curr -21.942 swap -21.5202 best -24.0681
swap between good curr -22.0277 swap -21.942 best -24.0681
swap between good curr -22.0728 swap -22.0277 best -24.0681
swap between good curr -22.2287 swap -22.0728 best -24.0681
swap between good curr -22.2455 swap -22.2287 best -24.0681
swap between good curr -23.0949 swap -22.2455 best -24.0681
swap between good curr -23.4005 swap -23.0949 best -24.0681
swap between good curr -23.4398 swap -23.4005 best -24.0681
swap out bad curr -7.21524 swap -20.7516 best -24.0681 curriter 1210875 
swap out good curr -20.0534 swap -22.4291 best -24.0681
swap between good curr -22.5053 swap -22.4291 best -24.0681
swap between good curr -22.2904 swap -21.4534 best -24.0681
swap between good curr -22.8728 swap -22.2904 best -24.0681
swap between good curr -23.0219 swap -22.8728 best -24.0681
swap out bad curr -4.61885 swap -22.7808 best -24.0681 curriter 1313116 
swap out good curr -19.461 swap -22.5217 best -24.0681
swap in good curr -21.2721 swap -20.7516 best -24.0681
totalE -51.706673 extE -10.433291 
swap between good curr -21.3246 swap -21.2721 best -24.0681
swap out bad curr -12.3279 swap -22.6227 best -24.0681 curriter 1438321 
swap between good curr -22.6492 swap -22.6227 best -24.0681
swap between good curr -22.6923 swap -22.6492 best -24.0681
swap between good curr -22.6931 swap -22.6923 best -24.0681
swap between good curr -22.7282 swap -22.6931 best -24.0681
swap between good curr -22.836 swap -22.7282 best -24.0681
swap between good curr -22.8379 swap -22.836 best -24.0681
swap between good curr -23.1599 swap -22.8379 best -24.0681
swap between good curr -23.2124 swap -23.1599 best -24.0681
swap between good curr -23.403 swap -23.2124 best -24.0681
swap between good curr -23.4047 swap -23.403 best -24.0681
swap between good curr -23.4361 swap -23.4047 best -24.0681
swap between good curr -21.4455 swap -21.3246 best -24.0681
swap between good curr -21.5535 swap -21.4455 best -24.0681
swap between good curr -21.8479 swap -21.5535 best -24.0681
swap between good curr -22.1172 swap -21.8479 best -24.0681
swap between good curr -22.2393 swap -22.1172 best -24.0681
swap between good curr -22.5235 swap -22.2393 best -24.0681
swap between good curr -22.5521 swap -22.5235 best -24.0681
swap between good curr -22.9411 swap -22.5521 best -24.0681
swap between good curr -23.2049 swap -22.9411 best -24.0681
swap between good curr -23.2478 swap -23.2049 best -24.0681
swap between good curr -23.3777 swap -23.2478 best -24.0681
swap between good curr -23.7254 swap -23.3777 best -24.0681
swap between good curr -23.7851 swap -23.7254 best -24.0681
swap between good curr -23.8718 swap -23.7851 best -24.0681
swap between good curr -23.9544 swap -23.8718 best -24.0681
swap between best curr -24.5228 swap -23.9544 best -24.5228
totalE -58.182162 extE -13.303040 
swap between best curr -24.643 swap -24.5228 best -24.643
totalE -58.605342 extE -13.322193 
swap between best curr -24.716 swap -24.643 best -24.716
totalE -58.678384 extE -13.395235 
swap between best curr -24.9287 swap -24.716 best -24.9287
totalE -59.082161 extE -13.544269 
swap between best curr -24.9474 swap -24.9287 best -24.9474
totalE -59.203316 extE -13.528736 
swap between best curr -25.0036 swap -24.9474 best -25.0036
totalE -56.807670 extE -14.402275 
swap out bad curr -2.03553 swap -23.0219 best -25.0036 curriter 1549278 
swap between good curr -23.0273 swap -23.0219 best -25.0036
swap between good curr -23.1399 swap -23.0273 best -25.0036
swap out bad curr -12.5728 swap -22.5053 best -25.0036 curriter 1639828 
swap out bad curr -14.6465 swap -20.6489 best -25.0036 curriter 1693384 
swap between good curr -20.6949 swap -20.6489 best -25.0036
swap out bad curr -11.3243 swap -24.0681 best -25.0036 curriter 1743398 
swap between good curr -23.6833 swap -23.4398 best -25.0036
swap between good curr -23.6838 swap -23.6833 best -25.0036
swap between good curr -23.7882 swap -23.6838 best -25.0036
swap between good curr -23.7906 swap -23.7882 best -25.0036
swap between good curr -23.8318 swap -23.7906 best -25.0036
swap between good curr -23.8939 swap -23.8318 best -25.0036
swap between good curr -23.9044 swap -23.8939 best -25.0036
swap between good curr -24.461 swap -23.9044 best -25.0036
swap between good curr -24.6028 swap -24.461 best -25.0036
swap between good curr -24.6341 swap -24.6028 best -25.0036
swap between good curr -24.7655 swap -24.6341 best -25.0036
swap in good curr -21.1601 swap -20.6949 best -25.0036
totalE -51.764741 extE -10.338295 
swap between good curr -21.1647 swap -21.1601 best -25.0036
swap between good curr -21.2973 swap -21.1647 best -25.0036
swap between good curr -21.3594 swap -21.2973 best -25.0036
swap between good curr -21.3672 swap -21.3594 best -25.0036
swap between good curr -21.5087 swap -21.3672 best -25.0036
swap between good curr -21.8668 swap -21.5087 best -25.0036
swap between good curr -22.0331 swap -21.8668 best -25.0036
swap between good curr -22.1592 swap -22.0331 best -25.0036
swap between good curr -22.1783 swap -22.1592 best -25.0036
swap between good curr -22.1911 swap -22.1783 best -25.0036
swap between good curr -22.2802 swap -22.1911 best -25.0036
swap between good curr -22.3639 swap -22.2802 best -25.0036
swap between good curr -22.7157 swap -22.3639 best -25.0036
swap between good curr -23.1018 swap -22.7157 best -25.0036
swap between good curr -23.2749 swap -23.1018 best -25.0036
swap between good curr -24.138 swap -23.2749 best -25.0036
swap out bad curr -4.69981 swap -24.138 best -25.0036 curriter 1931533 
swap between good curr -24.3156 swap -24.138 best -25.0036
swap between good curr -24.4317 swap -24.3156 best -25.0036
swap between good curr -24.4961 swap -24.4317 best -25.0036
swap between good curr -24.6007 swap -24.4961 best -25.0036
swap between good curr -24.7684 swap -24.6007 best -25.0036
swap between good curr -24.8246 swap -24.7684 best -25.0036
swap between good curr -24.8957 swap -24.8246 best -25.0036
swap between best curr -25.1983 swap -24.8957 best -25.1983
totalE -56.916768 extE -14.625429 
swap between best curr -25.4591 swap -25.1983 best -25.4591
totalE -58.036642 extE -14.599904 
swap in good curr -22.7638 swap -22.1972 best -25.4591
totalE -55.190246 extE -11.199519 
-14.5999 -0.293219 -3.65226 -2.01332 -2.20078 -0.495678 -1.86407 -1.89735 -0.175665 0.0539626 -1.33859 0.0374234 -0.00555301 -0.00769004 0.000716748 -0.0140659 -0.00899184 -0.464523 -0.00921737 -0.0192631 -0.466542 0.234768 
-14.5999 
0 0.599653 
0 -0.124276 0.557199 
0 -0.0342399 -0.0590979 1.60154 
0 -0.000205978 -0.0476574 0.396876 0.147126 
0 0 -0.00636212 -0.0932538 5.88277 0.588783 
0 0 0 -0.00485241 0.0905142 0.432562 1.39374 
0 0 0 -0.0394044 -0.439784 -0.283205 0.0592798 0.813714 
0 0 -0.000147283 -0.0241828 -5.05669 0.116612 -0.149376 0.16721 1.70759 
0 0 0 0 -0.00654342 -4.77697 -0.0934666 -0.122906 0.484503 1.75111 
0 0 0 0 -0.00103274 -0.0151039 -4.86453 0.222899 -0.157714 0.244054 1.09483 
0 0 0 0 -0.000653213 -0.00143439 -0.00752425 -5.65512 -0.0394569 -0.140038 0.0318143 0.212649 
0 0 0 0 0 -0.00391879 -0.00173982 -0.00811736 -4.5475 -0.0921516 -0.151742 0.309055 1.32123 
0 0 0 0 0 0 -0.000317145 -0.000495483 -0.00965983 -4.781 0.352601 -0.169731 0.0742329 1.17083 
0 0 0 0 0 0 0 -0.000345789 -0.000933817 -0.00602487 -5.04528 -0.452329 -0.14063 0.0248283 0.457715 
0 0 0 0 0 0 0 0 -0.000436351 -0.000540049 -0.00606072 -4.86931 -0.0746931 -0.125838 0.23037 1.59143 
0 0 0 0 0 0 0 0 0 -0.00223997 -0.00221586 -0.00942396 -5.03156 -0.128866 -0.142112 0.177117 0.455393 
0 0 0 0 0 0 0 0 0 0 -0.000188176 -0.000972698 -0.00699301 -4.38165 -0.0852795 -0.149357 0.382909 3.97295 
0 0 0 0 0 0 0 0 0 0 0 -0.00228965 -0.00168769 -0.00840866 -5.61182 1.25522 -0.162072 0.230644 1.87618 
0 0 0 0 0 0 0 0 0 0 0 0 -0.000150599 -0.000422289 -0.00687927 -4.97136 -0.100242 -0.119048 0.189469 1.60145 
0 0 0 0 0 0 0 0 0 0 0 0 0 -5.47329e-05 -0.000466605 -0.00832775 -4.96816 -0.159993 -0.114772 0.0600604 0.508104 
0 0 0 0 0 0 0 0 0 0 0 0 -5.03255 0 -0.00135732 -0.00211979 -0.0184469 -4.45247 1.29105 -0.146281 -2.56587 1.56353 
swap out bad curr -3.53363 swap -24.0681 best -25.4591 curriter 2055506 
swap between good curr -23.214 swap -22.5217 best -25.4591
swap between good curr -23.4056 swap -23.214 best -25.4591
swap between good curr -23.4316 swap -23.4056 best -25.4591
swap out bad curr -8.41669 swap -23.4316 best -25.4591 curriter 2106021 
swap between good curr -23.5014 swap -23.4316 best -25.4591
swap in good curr -23.319 swap -22.7638 best -25.4591
totalE -52.852475 extE -12.734218 
swap between good curr -23.3454 swap -23.319 best -25.4591
swap between good curr -23.4795 swap -23.3454 best -25.4591
swap between good curr -23.6494 swap -23.4795 best -25.4591
swap between good curr -23.7104 swap -23.6494 best -25.4591
swap out bad curr -13.6275 swap -24.7655 best -25.4591 curriter 2210799 
swap between good curr -24.7655 swap -23.5014 best -25.4591
swap between good curr -24.8543 swap -24.7655 best -25.4591
swap out bad curr -13.7063 swap -24.0681 best -25.4591 curriter 2265133 
swap out bad curr -6.8202 swap -23.4361 best -25.4591 curriter 2315477 
swap out good curr -23.4361 swap -24.8543 best -25.4591
swap out bad curr -8.79455 swap -25.4591 best -25.4591 curriter 2367453 
swap between best curr -25.673 swap -25.4591 best -25.673
totalE -58.772289 extE -14.639851 
swap between best curr -25.686 swap -25.673 best -25.686
totalE -58.785325 extE -14.652888 
swap between best curr -25.8114 swap -25.686 best -25.8114
totalE -58.059712 extE -15.061915 
swap out bad curr -1.8973 swap -23.1399 best -25.8114 curriter 2443639 
swap between good curr -23.2296 swap -23.1399 best -25.8114
swap between good curr -23.4611 swap -23.2296 best -25.8114
swap out bad curr -8.16702 swap -25.0036 best -25.8114 curriter 2493673 
totalE -56.195530 extE -11.642526 
totalE -46.087088 extE -15.919154 
totalE -58.059712 extE -15.061915 
totalE -55.085467 extE -13.252068 
totalE -58.549236 extE -13.622713 
totalE -44.218830 extE -15.267506 
totalE -52.856302 extE -15.401870 
totalE -50.267717 extE -15.334915 
totalE -56.807670 extE -14.402275 
totalE -50.435020 extE -14.436454 
totalE -58.059712 extE -15.061915 
best target energy -25.8114
The program has successfully finished in 1527 seconds. :)  Bye-bye!
ramaprob initialise success 
transpoints initialise success with 138 transpoints 
grid box initialise succuss 55 71 127 
