found external potential parameters 1 
found external potential parameters 4 
setting constrained list file constrains
Building protein from sequence: ABCDEFGHIGKLMNGPQRSTGVWGYZ.
Building protein from sequence: ABCDEFGHIGKLMNGPQRSTGVWGYZ (26 amino acids, 1 chains).
ABCDEFGHIGKLMNGPQRSTGVWGYZ 26
Building protein from sequence: GNGVPNLRGDLQVLGQRVGRT.
Building protein from sequence: GNGVPNLRGDLQVLGQRVGRT (21 amino acids, 1 chains).
GNGVPNLRGDLQVLGQRVGRT 21
AD Grid maps initialisation finished 
1marking constrained amino acids from file constrains
Constraining amino acids: 1
WARNING! Contact map file 'NULL' given, so no bias interactions will be calculated.
0 0 0 0 0 0 0 0 0 0 0 0 0 0 0 0 0 0 0 0 0  aaa 1 -0.157647 
 aaa 2 -0.0123336 
 aaa 3 0.218597 
 aaa 4 0.547718 
 aaa 5 1.27454 
 aaa 6 7.74929 
 aaa 7 20.0864 
 aaa 8 25.6546 
 aaa 9 34.0485 
 aaa 10 74.9039 
 aaa 11 79.2679 
 aaa 12 98.8098 
 aaa 13 143.439 
 aaa 14 189.54 
 aaa 15 144.46 
 aaa 16 291.819 
 aaa 17 530.061 
 aaa 18 304.487 
 aaa 19 276.911 
 aaa 20 791.434 
 aaa 21 535.833 
SS Energy diag offdiag 3550.38 -0.157647 -0.0123336 0.218597 0.547718 1.27454 7.74929 20.0864 25.6546 34.0485 74.9039 79.2679 98.8098 143.439 189.54 144.46 291.819 530.061 304.487 276.911 791.434 535.833 
3550.38 
0 124.177 
0 0.513013 1.60713 
0 -0.123776 0.568561 2.43077 
0 0.927793 -0.192076 0.482576 1.64875 
0 31.864 91.0595 0.189265 8.03141 1.61102 
0 -0.0103335 -3.83293 0.960609 -0.184031 0.426439 1.61607 
0 -0.00304609 -0.00957903 -3.86054 0.510463 -0.349693 0.475581 1.61643 
0 -0.00102363 -0.00238574 -0.00842731 -3.66609 0.972428 -0.171861 0.497016 1.61901 
0 0 -0.00061588 -0.00166527 -0.00700749 -3.80475 0.78324 -0.147697 0.543755 2.43077 
0 0 0 -0.00267978 -0.00321688 -0.0102255 -3.83436 1.08545 -0.179601 0.505853 1.61581 
0 0 0 0 -0.00244736 -0.00304609 -0.00957903 -4.24885 1.15769 -0.171154 0.475504 1.61643 
0 0 0 0 0 -0.0029529 -0.00324194 -0.00888285 -3.86702 0.968261 -0.175639 0.49239 1.61976 
0 0 0 0 0 0 -0.00240003 -0.00330297 -0.0103778 -3.82171 1.41271 -0.189001 0.446422 1.64875 
0 0 0 0 0 0 0 -0.00244736 -0.00304609 -0.00957903 -3.66646 0.496254 -0.177679 0.431282 1.61643 
0 0 0 0 0 0 0 0 -0.00061588 -0.00166527 -0.00700749 -3.80439 0.784771 -0.151471 0.538506 2.43077 
0 0 0 0 0 0 0 0 0 -0.00321165 -0.00335646 -0.00900094 -3.86903 1.10372 -0.175608 0.526739 1.61986 
0 0 0 0 0 0 0 0 0 -0.000125259 -0.0148057 -0.0164711 -0.0137645 -3.45684 62.3247 -0.184183 0.495115 1.62132 
0 0 0 0 0 0 0 0 0 0 0 -0.00240002 -0.00330297 -0.0103778 -4.38708 0.930154 -0.188577 0.442556 1.64875 
0 0 0 0 0 0 0 0 0 0 0 0 -0.00061588 -0.00166527 -0.00700749 -3.80076 0.784795 -0.147273 0.498215 2.43077 
0 0 0 0 0 0 0 0 0 0 0 0 -0.000145414 0.167794 -0.00782795 -0.0118536 -3.87785 1.82028 -0.183007 0.526216 1.62165 
0 0 0 0 0 0 0 0 0 0 0 0 0 0 -0.00390109 -0.00767598 -0.0144879 -3.82418 33.6059 -0.228161 0.418133 1.03321 
initial transmutate AGNGVPNLRGDLQVLGQRVGRT 
transmutate!!! 5.085 -10.694 6.716
transmutate!!! 5.085 -10.694 6.716
begin run with pace 1 stretch 2500000 
3550.38 -0.157647 -0.0123336 0.218597 0.547718 1.27454 7.74929 20.0864 25.6546 34.0485 74.9039 79.2679 98.8098 143.439 189.54 144.46 291.819 530.061 304.487 276.911 791.434 535.833 
3550.38 
0 124.177 
0 0.513013 1.60713 
0 -0.123776 0.568561 2.43077 
0 0.927793 -0.192076 0.482576 1.64875 
0 31.864 91.0595 0.189265 8.03141 1.61102 
0 -0.0103335 -3.83293 0.960609 -0.184031 0.426439 1.61607 
0 -0.00304609 -0.00957903 -3.86054 0.510463 -0.349693 0.475581 1.61643 
0 -0.00102363 -0.00238574 -0.00842731 -3.66609 0.972428 -0.171861 0.497016 1.61901 
0 0 -0.00061588 -0.00166527 -0.00700749 -3.80475 0.78324 -0.147697 0.543755 2.43077 
0 0 0 -0.00267978 -0.00321688 -0.0102255 -3.83436 1.08545 -0.179601 0.505853 1.61581 
0 0 0 0 -0.00244736 -0.00304609 -0.00957903 -4.24885 1.15769 -0.171154 0.475504 1.61643 
0 0 0 0 0 -0.0029529 -0.00324194 -0.00888285 -3.86702 0.968261 -0.175639 0.49239 1.61976 
0 0 0 0 0 0 -0.00240003 -0.00330297 -0.0103778 -3.82171 1.41271 -0.189001 0.446422 1.64875 
0 0 0 0 0 0 0 -0.00244736 -0.00304609 -0.00957903 -3.66646 0.496254 -0.177679 0.431282 1.61643 
0 0 0 0 0 0 0 0 -0.00061588 -0.00166527 -0.00700749 -3.80439 0.784771 -0.151471 0.538506 2.43077 
0 0 0 0 0 0 0 0 0 -0.00321165 -0.00335646 -0.00900094 -3.86903 1.10372 -0.175608 0.526739 1.61986 
0 0 0 0 0 0 0 0 0 -0.000125259 -0.0148057 -0.0164711 -0.0137645 -3.45684 62.3247 -0.184183 0.495115 1.62132 
0 0 0 0 0 0 0 0 0 0 0 -0.00240002 -0.00330297 -0.0103778 -4.38708 0.930154 -0.188577 0.442556 1.64875 
0 0 0 0 0 0 0 0 0 0 0 0 -0.00061588 -0.00166527 -0.00700749 -3.80076 0.784795 -0.147273 0.498215 2.43077 
0 0 0 0 0 0 0 0 0 0 0 0 -0.000145414 0.167794 -0.00782795 -0.0118536 -3.87785 1.82028 -0.183007 0.526216 1.62165 
0 0 0 0 0 0 0 0 0 0 0 0 0 0 -0.00390109 -0.00767598 -0.0144879 -3.82418 33.6059 -0.228161 0.418133 1.03321 
creating MC move lookup table.
Sequence:    GNGVPNLRGDLQVLGQRVGRT
Fixed:                            
Constrained: x                    
Chain:       111111111111111111111
len 1 bonds, Nchains 1:*0 x1 x2 x3 x4 x5 x6 x7 x8 x9 x10 x11 x12 x13 x14 x15 x16 x17 x18 x19 x20 x21 22+0 != (22-1+(1-0)*1

len 2 bonds, Nchains 1:*0 x1 x2 x3 x4 x5 x6 x7 x8 x9 x10 x11 x12 x13 x14 x15 x16 x17 x18 x19 x20 21+0 != (22-1+(1-1)*1
-1 
len 3 bonds, Nchains 1:*0 x1 x2 x3 x4 x5 x6 x7 x8 x9 x10 x11 x12 x13 x14 x15 x16 x17 x18 x19 20+0 != (22-1+(1-2)*1
-1 -1 
len 4 bonds, Nchains 1:*0 x1 x2 x3 x4 x5 x6 x7 x8 x9 x10 x11 x12 x13 x14 x15 x16 x17 x18 19+0 != (22-1+(1-3)*1
-1 -1 -1 
swap in best curr 933.948 swap 9999 best 99999
swap in best curr 929.429 swap 9999 best 933.948
swap between best curr 922.793 swap 933.948 best 922.793
swap between best curr 919.472 swap 922.793 best 919.472
swap between best curr 911.704 swap 919.472 best 911.704
swap between best curr 812.704 swap 911.704 best 812.704
swap between best curr 769.639 swap 812.704 best 769.639
swap between best curr 768.27 swap 769.639 best 768.27
swap between best curr 590.023 swap 768.27 best 590.023
swap between best curr 542.459 swap 590.023 best 542.459
swap between best curr 537.358 swap 542.459 best 537.358
swap between best curr 427.788 swap 537.358 best 427.788
swap between best curr 426.797 swap 427.788 best 426.797
swap between best curr 409.254 swap 426.797 best 409.254
swap between best curr 396.527 swap 409.254 best 396.527
swap between best curr 356.528 swap 396.527 best 356.528
swap between best curr 356.507 swap 356.528 best 356.507
swap between best curr 354.65 swap 356.507 best 354.65
swap between best curr 343.43 swap 354.65 best 343.43
swap between best curr 296.029 swap 343.43 best 296.029
swap between best curr 288.367 swap 296.029 best 288.367
swap between best curr 288.207 swap 288.367 best 288.207
swap between best curr 280.551 swap 288.207 best 280.551
swap between best curr 279.569 swap 280.551 best 279.569
swap between best curr 279.483 swap 279.569 best 279.483
swap between best curr 268.867 swap 279.483 best 268.867
swap between best curr 268.816 swap 268.867 best 268.816
swap between best curr 263.434 swap 268.816 best 263.434
swap between best curr 259.711 swap 263.434 best 259.711
swap between best curr 259.663 swap 259.711 best 259.663
swap between best curr 258.774 swap 259.663 best 258.774
swap between best curr 238.587 swap 258.774 best 238.587
swap between best curr 228.429 swap 238.587 best 228.429
swap between best curr 227.183 swap 228.429 best 227.183
swap between best curr 222.252 swap 227.183 best 222.252
swap between best curr 220.805 swap 222.252 best 220.805
swap between best curr 141.42 swap 220.805 best 141.42
swap between best curr 139.315 swap 141.42 best 139.315
swap between best curr 137.342 swap 139.315 best 137.342
swap between best curr 131.605 swap 137.342 best 131.605
swap between best curr 106.487 swap 131.605 best 106.487
swap between best curr 105.907 swap 106.487 best 105.907
swap between best curr 104.443 swap 105.907 best 104.443
swap between best curr 98.3616 swap 104.443 best 98.3616
swap between best curr 97.7904 swap 98.3616 best 97.7904
swap between best curr 95.9315 swap 97.7904 best 95.9315
swap between best curr 57.3595 swap 95.9315 best 57.3595
swap between best curr 51.384 swap 57.3595 best 51.384
swap between best curr 51.2104 swap 51.384 best 51.2104
swap between best curr 49.1928 swap 51.2104 best 49.1928
swap between best curr 49.1021 swap 49.1928 best 49.1021
swap between best curr 41.8061 swap 49.1021 best 41.8061
swap between best curr 41.7595 swap 41.8061 best 41.7595
swap between best curr 41.2691 swap 41.7595 best 41.2691
swap between best curr 41.2005 swap 41.2691 best 41.2005
swap between best curr 41.148 swap 41.2005 best 41.148
swap between best curr 41.0686 swap 41.148 best 41.0686
swap between best curr 39.7151 swap 41.0686 best 39.7151
swap between best curr 35.9643 swap 39.7151 best 35.9643
swap between best curr 35.7734 swap 35.9643 best 35.7734
swap between best curr 35.6431 swap 35.7734 best 35.6431
swap between best curr 35.1179 swap 35.6431 best 35.1179
swap between best curr 34.6873 swap 35.1179 best 34.6873
swap between best curr 33.8389 swap 34.6873 best 33.8389
swap between best curr 33.0068 swap 33.8389 best 33.0068
swap between best curr 32.4054 swap 33.0068 best 32.4054
swap between best curr 24.4687 swap 32.4054 best 24.4687
swap between best curr 20.4739 swap 24.4687 best 20.4739
swap between best curr 18.4745 swap 20.4739 best 18.4745
swap between best curr 17.8397 swap 18.4745 best 17.8397
swap between best curr 17.7176 swap 17.8397 best 17.7176
swap between best curr 17.5913 swap 17.7176 best 17.5913
swap between best curr 17.4932 swap 17.5913 best 17.4932
swap between best curr 16.9377 swap 17.4932 best 16.9377
swap between best curr 16.8681 swap 16.9377 best 16.8681
swap between best curr 15.6404 swap 16.8681 best 15.6404
swap between best curr 14.8366 swap 15.6404 best 14.8366
swap between best curr 14.4827 swap 14.8366 best 14.4827
swap between best curr 14.0324 swap 14.4827 best 14.0324
swap between best curr 13.7034 swap 14.0324 best 13.7034
swap between best curr 13.5653 swap 13.7034 best 13.5653
swap between best curr 13.5243 swap 13.5653 best 13.5243
swap between best curr 13.357 swap 13.5243 best 13.357
swap between best curr 12.9775 swap 13.357 best 12.9775
swap between best curr 11.485 swap 12.9775 best 11.485
swap between best curr 11.4568 swap 11.485 best 11.4568
swap between best curr 11.2731 swap 11.4568 best 11.2731
swap between best curr 11.2153 swap 11.2731 best 11.2153
swap between best curr 10.7532 swap 11.2153 best 10.7532
swap between best curr 10.7101 swap 10.7532 best 10.7101
swap between best curr 10.6318 swap 10.7101 best 10.6318
swap between best curr 10.5571 swap 10.6318 best 10.5571
swap between best curr 9.97798 swap 10.5571 best 9.97798
swap between best curr 9.92347 swap 9.97798 best 9.92347
swap between best curr 9.88199 swap 9.92347 best 9.88199
swap between best curr 9.08216 swap 9.88199 best 9.08216
swap between best curr 8.9258 swap 9.08216 best 8.9258
swap between best curr 8.7247 swap 8.9258 best 8.7247
swap between best curr 8.41774 swap 8.7247 best 8.41774
swap between best curr 8.32121 swap 8.41774 best 8.32121
swap between best curr 8.22591 swap 8.32121 best 8.22591
swap between best curr 8.09759 swap 8.22591 best 8.09759
swap between best curr 7.89334 swap 8.09759 best 7.89334
swap between best curr 7.4283 swap 7.89334 best 7.4283
swap between best curr 7.34803 swap 7.4283 best 7.34803
swap between best curr 7.10301 swap 7.34803 best 7.10301
swap between best curr 7.01305 swap 7.10301 best 7.01305
swap between best curr 6.68132 swap 7.01305 best 6.68132
swap between best curr 6.639 swap 6.68132 best 6.639
swap between best curr 4.61792 swap 6.639 best 4.61792
swap between best curr 4.5101 swap 4.61792 best 4.5101
swap between best curr 4.32996 swap 4.5101 best 4.32996
swap between best curr 4.09582 swap 4.32996 best 4.09582
swap between best curr 3.71233 swap 4.09582 best 3.71233
swap between best curr 3.47813 swap 3.71233 best 3.47813
swap between best curr 2.61004 swap 3.47813 best 2.61004
swap between best curr 2.34034 swap 2.61004 best 2.34034
swap between best curr 2.21352 swap 2.34034 best 2.21352
swap between best curr 2.07088 swap 2.21352 best 2.07088
swap between best curr 1.87783 swap 2.07088 best 1.87783
swap between best curr 1.68825 swap 1.87783 best 1.68825
swap between best curr 1.41043 swap 1.68825 best 1.41043
swap between best curr 1.24541 swap 1.41043 best 1.24541
swap between best curr 0.923361 swap 1.24541 best 0.923361
swap between best curr 0.863359 swap 0.923361 best 0.863359
swap between best curr 0.563324 swap 0.863359 best 0.563324
swap between best curr 0.548515 swap 0.563324 best 0.548515
swap between best curr 0.363611 swap 0.548515 best 0.363611
swap between best curr 0.3159 swap 0.363611 best 0.3159
swap between best curr -0.10301 swap 0.3159 best -0.10301
totalE 7.089157 extE -2.500399 
swap between best curr -0.204696 swap -0.10301 best -0.204696
totalE 7.274067 extE -2.697617 
swap between best curr -0.303104 swap -0.204696 best -0.303104
totalE 4.844036 extE -2.018817 
swap between best curr -0.825946 swap -0.303104 best -0.825946
totalE 1.195271 extE -1.499686 
swap between best curr -1.12332 swap -0.825946 best -1.12332
totalE 1.141221 extE -1.878163 
swap between best curr -1.9563 swap -1.12332 best -1.9563
totalE -1.887412 extE -1.979269 
swap between best curr -2.05373 swap -1.9563 best -2.05373
totalE -0.234113 extE -2.660263 
swap between best curr -2.53323 swap -2.05373 best -2.53323
totalE -0.449697 extE -3.227743 
swap in good curr 1.76113 swap 9999 best -2.53323
swap between good curr 1.32405 swap 1.76113 best -2.53323
swap between good curr 1.14419 swap 1.32405 best -2.53323
swap between good curr 1.09455 swap 1.14419 best -2.53323
swap between good curr 1.02154 swap 1.09455 best -2.53323
swap between good curr 0.917174 swap 1.02154 best -2.53323
swap between good curr 0.350651 swap 0.917174 best -2.53323
swap between good curr -0.189995 swap 0.350651 best -2.53323
swap between good curr -0.772897 swap -0.189995 best -2.53323
swap between good curr -0.92962 swap -0.772897 best -2.53323
swap between good curr -1.0811 swap -0.92962 best -2.53323
swap between good curr -1.15262 swap -1.0811 best -2.53323
swap between good curr -1.21132 swap -1.15262 best -2.53323
swap between good curr -1.21657 swap -1.21132 best -2.53323
swap between good curr -1.28898 swap -1.21657 best -2.53323
swap between good curr -1.41809 swap -1.28898 best -2.53323
swap between good curr -1.52922 swap -1.41809 best -2.53323
swap between good curr -1.96798 swap -1.52922 best -2.53323
swap between good curr -2.18688 swap -1.96798 best -2.53323
swap between good curr -2.2889 swap -2.18688 best -2.53323
swap between good curr -2.33938 swap -2.2889 best -2.53323
swap in good curr 2.33977 swap 9999 best -2.53323
swap between good curr 2.18779 swap 2.33977 best -2.53323
swap between good curr 2.17082 swap 2.18779 best -2.53323
swap between good curr 1.38833 swap 2.17082 best -2.53323
swap between good curr 1.34582 swap 1.38833 best -2.53323
swap between good curr -0.341289 swap 1.34582 best -2.53323
swap between good curr -0.584523 swap -0.341289 best -2.53323
swap between good curr -0.848867 swap -0.584523 best -2.53323
swap between good curr -1.85024 swap -0.848867 best -2.53323
swap between good curr -1.91542 swap -1.85024 best -2.53323
swap between good curr -1.92057 swap -1.91542 best -2.53323
swap between good curr -1.92411 swap -1.92057 best -2.53323
swap between good curr -1.96449 swap -1.92411 best -2.53323
swap between best curr -2.60753 swap -1.96449 best -2.60753
totalE 18.818145 extE -9.749426 
swap between best curr -3.23989 swap -2.60753 best -3.23989
totalE 16.705281 extE -9.888286 
swap between best curr -3.27331 swap -3.23989 best -3.27331
totalE 16.268271 extE -9.787171 
swap between best curr -3.76023 swap -3.27331 best -3.76023
totalE 12.600787 extE -9.213899 
swap in good curr -0.0556647 swap 9999 best -3.76023
swap between good curr -0.683624 swap -0.0556647 best -3.76023
swap between good curr -0.999282 swap -0.683624 best -3.76023
swap between good curr -1.26311 swap -0.999282 best -3.76023
swap between good curr -1.49045 swap -1.26311 best -3.76023
swap in good curr 0.905138 swap 9999 best -3.76023
swap between good curr 0.529094 swap 0.905138 best -3.76023
swap in good curr 0.753675 swap 9999 best -3.76023
swap in good curr 0.694803 swap 9999 best -3.76023
swap between good curr 0.36606 swap 0.694803 best -3.76023
swap between good curr -0.127742 swap 0.36606 best -3.76023
swap between good curr -1.01086 swap -0.127742 best -3.76023
swap between good curr -1.12911 swap -1.01086 best -3.76023
swap between good curr -1.23136 swap -1.12911 best -3.76023
swap between good curr -1.25469 swap -1.23136 best -3.76023
swap between good curr -1.26351 swap -1.25469 best -3.76023
swap in good curr 1.21193 swap 9999 best -3.76023
swap in good curr 1.03451 swap 9999 best -3.76023
swap between good curr 0.37221 swap 1.03451 best -3.76023
swap between good curr 0.0222888 swap 0.37221 best -3.76023
swap between good curr -0.0725173 swap 0.0222888 best -3.76023
swap between good curr -1.05816 swap -0.0725173 best -3.76023
swap in good curr -0.449918 swap 9999 best -3.76023
swap between good curr -0.487578 swap -0.449918 best -3.76023
swap between good curr -0.743798 swap -0.487578 best -3.76023
swap in good curr 0.592955 swap 0.753675 best -3.76023
swap between good curr -0.0160747 swap 0.592955 best -3.76023
swap in good curr 0.256847 swap 1.21193 best -3.76023
swap between good curr -0.0276592 swap 0.256847 best -3.76023
swap between good curr -0.070469 swap -0.0276592 best -3.76023
swap between good curr -0.178614 swap -0.070469 best -3.76023
swap between good curr -0.335496 swap -0.178614 best -3.76023
swap between good curr -0.513191 swap -0.335496 best -3.76023
swap between good curr -0.600164 swap -0.513191 best -3.76023
swap between good curr -0.627464 swap -0.600164 best -3.76023
swap in good curr -0.0857944 swap -0.0160747 best -3.76023
totalE 33.386821 extE -11.150373 
swap in good curr -0.850074 swap -0.0857944 best -3.76023
totalE 25.181100 extE -8.508093 
swap between good curr -1.01064 swap -0.850074 best -3.76023
swap between good curr -1.02867 swap -1.01064 best -3.76023
swap between good curr -1.24112 swap -1.02867 best -3.76023
swap between good curr -1.31376 swap -1.24112 best -3.76023
swap between good curr -1.72994 swap -1.31376 best -3.76023
swap between good curr -1.86965 swap -1.72994 best -3.76023
swap in good curr 0.513881 swap 0.529094 best -3.76023
swap between good curr 0.11378 swap 0.513881 best -3.76023
swap between good curr -0.38543 swap 0.11378 best -3.76023
swap between good curr -0.55156 swap -0.38543 best -3.76023
swap between good curr -0.654578 swap -0.55156 best -3.76023
swap between good curr -0.910034 swap -0.654578 best -3.76023
swap between good curr -1.02155 swap -0.910034 best -3.76023
swap between good curr -1.20465 swap -1.02155 best -3.76023
swap between good curr -1.58429 swap -1.20465 best -3.76023
swap between good curr -1.66656 swap -1.58429 best -3.76023
swap between good curr -1.7879 swap -1.66656 best -3.76023
swap between good curr -2.58596 swap -1.7879 best -3.76023
swap between good curr -2.75149 swap -2.58596 best -3.76023
swap between good curr -2.91314 swap -2.75149 best -3.76023
swap between good curr -2.99584 swap -2.91314 best -3.76023
swap between good curr -3.10195 swap -2.99584 best -3.76023
swap between good curr -3.52945 swap -3.10195 best -3.76023
swap between good curr -3.68036 swap -3.52945 best -3.76023
swap in good curr -1.69928 swap -1.49045 best -3.76023
totalE 18.241579 extE -8.067793 
swap between good curr -2.03027 swap -1.69928 best -3.76023
swap between good curr -2.7745 swap -2.03027 best -3.76023
swap between good curr -2.8248 swap -2.7745 best -3.76023
swap between good curr -3.71229 swap -3.68036 best -3.76023
best energy found, reset temp
swap between best curr -3.77756 swap -3.71229 best -3.77756
totalE 30.975347 extE -15.361865 
swap between best curr -3.93111 swap -3.77756 best -3.93111
totalE 30.055875 extE -15.260105 
swap between best curr -4.09885 swap -3.93111 best -4.09885
totalE 29.292335 extE -15.229242 
swap between best curr -4.13818 swap -4.09885 best -4.13818
totalE 31.310983 extE -15.954565 
swap between best curr -4.15666 swap -4.13818 best -4.15666
totalE 30.671748 extE -15.766134 
swap between best curr -4.42174 swap -4.15666 best -4.42174
totalE 27.987892 extE -15.224948 
swap between best curr -4.74772 swap -4.42174 best -4.74772
totalE 25.756371 extE -14.915748 
swap between best curr -4.85313 swap -4.74772 best -4.85313
totalE 25.650960 extE -15.021158 
swap between best curr -4.90398 swap -4.85313 best -4.90398
totalE 20.685131 extE -13.433688 
swap between best curr -4.97729 swap -4.90398 best -4.97729
totalE 20.397554 extE -13.435569 
swap between best curr -5.04016 swap -4.97729 best -5.04016
totalE 20.193390 extE -13.451346 
swap in good curr -0.797398 swap -0.627464 best -5.04016
totalE 38.315188 extE -13.608348 
swap between good curr -1.42728 swap -0.797398 best -5.04016
swap between good curr -1.47297 swap -1.42728 best -5.04016
swap between good curr -1.61124 swap -1.47297 best -5.04016
swap between good curr -2.17844 swap -1.61124 best -5.04016
swap between good curr -2.22026 swap -2.17844 best -5.04016
swap between good curr -2.35677 swap -2.22026 best -5.04016
swap between good curr -2.6832 swap -2.35677 best -5.04016
swap between good curr -2.7781 swap -2.6832 best -5.04016
swap between good curr -2.89227 swap -2.7781 best -5.04016
swap between good curr -3.01561 swap -2.89227 best -5.04016
swap between good curr -3.02831 swap -3.01561 best -5.04016
swap between good curr -3.07839 swap -3.02831 best -5.04016
swap between good curr -3.09257 swap -3.07839 best -5.04016
swap between good curr -3.24227 swap -3.09257 best -5.04016
swap between good curr -3.57597 swap -3.24227 best -5.04016
swap between good curr -3.58691 swap -3.57597 best -5.04016
swap between good curr -3.61004 swap -3.58691 best -5.04016
swap between good curr -3.69531 swap -3.61004 best -5.04016
swap between good curr -3.70923 swap -3.69531 best -5.04016
swap between good curr -3.98969 swap -3.70923 best -5.04016
swap between good curr -4.06811 swap -3.98969 best -5.04016
swap between good curr -4.40179 swap -4.06811 best -5.04016
swap between good curr -4.51436 swap -4.40179 best -5.04016
swap between good curr -4.57649 swap -4.51436 best -5.04016
swap between good curr -4.7073 swap -4.57649 best -5.04016
swap between good curr -4.7994 swap -4.7073 best -5.04016
swap between good curr -4.80217 swap -4.7994 best -5.04016
swap between good curr -5.03053 swap -4.80217 best -5.04016
swap in good curr -0.878605 swap -0.743798 best -5.04016
totalE 36.195921 extE -13.057038 
swap between good curr -0.89043 swap -0.878605 best -5.04016
swap between good curr -0.929119 swap -0.89043 best -5.04016
swap between good curr -1.43178 swap -0.929119 best -5.04016
swap between good curr -1.49488 swap -1.43178 best -5.04016
swap between good curr -1.54193 swap -1.49488 best -5.04016
swap between good curr -1.89789 swap -1.54193 best -5.04016
swap between good curr -1.98936 swap -1.89789 best -5.04016
swap between good curr -2.27125 swap -1.98936 best -5.04016
swap between good curr -2.30473 swap -2.27125 best -5.04016
swap between good curr -2.70911 swap -2.30473 best -5.04016
swap between good curr -2.89003 swap -2.70911 best -5.04016
swap between good curr -2.91505 swap -2.89003 best -5.04016
swap between good curr -2.91861 swap -2.91505 best -5.04016
swap between good curr -2.96378 swap -2.91861 best -5.04016
swap between good curr -2.98662 swap -2.96378 best -5.04016
swap between good curr -3.02401 swap -2.98662 best -5.04016
swap between good curr -3.11055 swap -3.02401 best -5.04016
swap between good curr -3.18574 swap -3.11055 best -5.04016
swap between good curr -3.31742 swap -3.18574 best -5.04016
swap between good curr -3.42699 swap -3.31742 best -5.04016
swap between good curr -3.52355 swap -3.42699 best -5.04016
swap between good curr -3.65126 swap -3.52355 best -5.04016
swap between good curr -3.7148 swap -3.65126 best -5.04016
swap between good curr -3.85592 swap -3.7148 best -5.04016
swap in good curr -1.40503 swap -1.05816 best -5.04016
totalE 32.712529 extE -12.315055 
swap between good curr -1.47052 swap -1.40503 best -5.04016
swap between good curr -1.82491 swap -1.47052 best -5.04016
swap between good curr -1.92093 swap -1.82491 best -5.04016
swap between good curr -1.98171 swap -1.92093 best -5.04016
swap between good curr -2.20239 swap -1.98171 best -5.04016
swap between good curr -2.22212 swap -2.20239 best -5.04016
swap between good curr -2.225 swap -2.22212 best -5.04016
swap between good curr -2.32106 swap -2.225 best -5.04016
swap between good curr -4.02028 swap -3.85592 best -5.04016
swap between good curr -4.55555 swap -4.02028 best -5.04016
swap between good curr -4.79554 swap -4.55555 best -5.04016
swap between good curr -4.99753 swap -4.79554 best -5.04016
swap between best curr -5.20738 swap -4.99753 best -5.20738
totalE 15.233248 extE -12.020923 
swap between best curr -5.29051 swap -5.20738 best -5.29051
totalE 15.314590 extE -12.158871 
swap between best curr -5.33003 swap -5.29051 best -5.33003
totalE 15.275061 extE -12.198400 
swap between best curr -5.38588 swap -5.33003 best -5.38588
totalE 15.219220 extE -12.254241 
swap between best curr -5.60268 swap -5.38588 best -5.60268
totalE 15.707332 extE -12.706011 
swap between best curr -5.70894 swap -5.60268 best -5.70894
totalE 14.300186 extE -12.378653 
swap between best curr -5.90888 swap -5.70894 best -5.90888
totalE 14.314761 extE -12.650091 
swap between good curr -2.717 swap -2.32106 best -5.90888
swap between good curr -2.87467 swap -2.717 best -5.90888
swap between good curr -2.87746 swap -2.87467 best -5.90888
swap between good curr -3.17451 swap -2.87746 best -5.90888
swap between good curr -3.253 swap -3.17451 best -5.90888
swap between good curr -3.37136 swap -3.253 best -5.90888
swap between good curr -3.49122 swap -3.37136 best -5.90888
swap in good curr -1.64922 swap -1.26351 best -5.90888
totalE 25.331646 extE -10.128567 
swap between good curr -1.6907 swap -1.64922 best -5.90888
swap between good curr -1.80513 swap -1.6907 best -5.90888
swap between good curr -2.01527 swap -1.80513 best -5.90888
swap between good curr -2.05187 swap -2.01527 best -5.90888
swap between good curr -2.07723 swap -2.05187 best -5.90888
swap between good curr -2.13351 swap -2.07723 best -5.90888
swap between good curr -2.18564 swap -2.13351 best -5.90888
swap between good curr -2.24166 swap -2.18564 best -5.90888
swap between good curr -2.29244 swap -2.24166 best -5.90888
swap between good curr -2.36485 swap -2.29244 best -5.90888
swap between good curr -2.71121 swap -2.36485 best -5.90888
swap between good curr -2.74558 swap -2.71121 best -5.90888
swap between good curr -2.92678 swap -2.74558 best -5.90888
swap between good curr -2.94487 swap -2.92678 best -5.90888
swap between good curr -3.04959 swap -2.94487 best -5.90888
swap between good curr -3.05909 swap -3.04959 best -5.90888
swap between good curr -3.32805 swap -3.05909 best -5.90888
swap between good curr -3.61308 swap -3.32805 best -5.90888
swap between good curr -3.6143 swap -3.61308 best -5.90888
swap between good curr -4.16064 swap -3.6143 best -5.90888
swap between good curr -4.18571 swap -4.16064 best -5.90888
swap between good curr -4.34616 swap -4.18571 best -5.90888
swap between good curr -4.68553 swap -4.34616 best -5.90888
swap between good curr -4.7489 swap -4.68553 best -5.90888
swap between best curr -5.98548 swap -5.90888 best -5.98548
totalE 7.853602 extE -10.598504 
swap between best curr -6.72322 swap -5.98548 best -6.72322
totalE 7.115860 extE -11.336245 
swap between best curr -6.7275 swap -6.72322 best -6.7275
totalE 7.252302 extE -11.387433 
swap between best curr -7.99821 swap -6.7275 best -7.99821
totalE -2.723774 extE -9.756361 
swap between best curr -8.34291 swap -7.99821 best -8.34291
totalE -3.068474 extE -10.101061 
swap between best curr -8.57532 swap -8.34291 best -8.57532
totalE -4.046547 extE -10.084911 
swap between best curr -8.60791 swap -8.57532 best -8.60791
totalE -4.079141 extE -10.117506 
swap in good curr -4.20471 swap -2.33938 best -8.60791
totalE -7.191149 extE -0.722126 
swap between good curr -4.2748 swap -4.20471 best -8.60791
swap between good curr -4.58958 swap -4.2748 best -8.60791
swap between good curr -4.83264 swap -4.58958 best -8.60791
swap between good curr -5.61403 swap -4.83264 best -8.60791
swap between good curr -5.65023 swap -5.61403 best -8.60791
swap in good curr -5.08759 swap -3.49122 best -8.60791
totalE 10.541988 extE -8.168961 
swap between good curr -5.10249 swap -5.08759 best -8.60791
swap between good curr -5.52245 swap -5.10249 best -8.60791
swap between good curr -5.52904 swap -5.52245 best -8.60791
swap between good curr -6.01458 swap -5.52904 best -8.60791
swap between good curr -6.17317 swap -6.01458 best -8.60791
swap between good curr -6.34669 swap -6.17317 best -8.60791
swap between good curr -6.52561 swap -6.34669 best -8.60791
swap between good curr -6.60612 swap -6.52561 best -8.60791
swap between good curr -6.63889 swap -6.60612 best -8.60791
swap between good curr -6.80295 swap -6.63889 best -8.60791
swap between good curr -6.84721 swap -6.80295 best -8.60791
swap between good curr -7.27776 swap -6.84721 best -8.60791
swap between good curr -7.31766 swap -7.27776 best -8.60791
swap between good curr -7.36835 swap -7.31766 best -8.60791
swap between good curr -7.48269 swap -7.36835 best -8.60791
swap between good curr -7.5122 swap -7.48269 best -8.60791
swap between good curr -7.59092 swap -7.5122 best -8.60791
swap between good curr -7.63476 swap -7.59092 best -8.60791
swap between good curr -7.66101 swap -7.63476 best -8.60791
swap between good curr -7.75078 swap -7.66101 best -8.60791
swap between good curr -7.77872 swap -7.75078 best -8.60791
swap between good curr -7.79308 swap -7.77872 best -8.60791
swap between good curr -7.81693 swap -7.79308 best -8.60791
swap between good curr -7.95105 swap -7.81693 best -8.60791
swap between good curr -7.9792 swap -7.95105 best -8.60791
swap between good curr -8.22127 swap -7.9792 best -8.60791
swap between good curr -8.38009 swap -8.22127 best -8.60791
swap between best curr -8.76149 swap -8.38009 best -8.76149
totalE 2.724972 extE -12.590305 
swap between best curr -8.99965 swap -8.76149 best -8.99965
totalE -0.241939 extE -11.918887 
swap between best curr -9.04665 swap -8.99965 best -9.04665
totalE -0.928162 extE -11.752814 
swap between best curr -9.20939 swap -9.04665 best -9.20939
totalE -1.575359 extE -11.754065 
swap between best curr -9.25215 swap -9.20939 best -9.25215
totalE -1.618120 extE -11.796826 
swap between best curr -9.62981 swap -9.25215 best -9.62981
totalE -2.301521 extE -12.072570 
swap between best curr -9.68185 swap -9.62981 best -9.68185
totalE -2.509514 extE -12.072624 
swap between good curr -9.4665 swap -8.60791 best -9.68185
swap between good curr -9.59003 swap -9.4665 best -9.68185
swap between good curr -9.62782 swap -9.59003 best -9.68185
swap between good curr -9.67798 swap -9.62782 best -9.68185
swap between best curr -9.80286 swap -9.67798 best -9.80286
totalE -2.367563 extE -12.281295 
swap between best curr -10.1826 swap -9.80286 best -10.1826
totalE -2.568370 extE -12.720630 
swap between best curr -10.3244 swap -10.1826 best -10.3244
totalE -2.844418 extE -12.817715 
swap between best curr -10.3263 swap -10.3244 best -10.3263
totalE -2.777686 extE -12.842512 
swap between best curr -10.5045 swap -10.3263 best -10.5045
totalE -3.465272 extE -12.850914 
swap between best curr -10.7248 swap -10.5045 best -10.7248
totalE -3.808519 extE -13.030184 
swap between best curr -10.7556 swap -10.7248 best -10.7556
totalE -2.759356 extE -13.421003 
swap between best curr -11.0755 swap -10.7556 best -11.0755
totalE -5.259972 extE -13.013969 
swap between best curr -11.224 swap -11.0755 best -11.224
totalE -5.408551 extE -13.162548 
swap between best curr -11.2315 swap -11.224 best -11.2315
totalE -5.439804 extE -13.162069 
swap between best curr -11.5176 swap -11.2315 best -11.5176
totalE -5.725871 extE -13.448136 
swap between best curr -11.6161 swap -11.5176 best -11.6161
totalE -6.414329 extE -13.349999 
swap in good curr -7.0189 swap -4.7489 best -11.6161
totalE 6.879045 extE -8.624886 
swap between good curr -7.57472 swap -7.0189 best -11.6161
swap between good curr -7.94701 swap -7.57472 best -11.6161
swap between good curr -8.04485 swap -7.94701 best -11.6161
swap between good curr -8.11357 swap -8.04485 best -11.6161
swap between good curr -8.21875 swap -8.11357 best -11.6161
swap between good curr -8.23011 swap -8.21875 best -11.6161
swap between good curr -8.3663 swap -8.23011 best -11.6161
swap between good curr -8.51606 swap -8.3663 best -11.6161
swap between good curr -8.62864 swap -8.51606 best -11.6161
swap between good curr -8.80542 swap -8.62864 best -11.6161
swap between good curr -8.85256 swap -8.80542 best -11.6161
swap between good curr -8.88693 swap -8.85256 best -11.6161
swap between good curr -8.96057 swap -8.88693 best -11.6161
swap between good curr -8.99448 swap -8.96057 best -11.6161
swap between good curr -9.37466 swap -8.99448 best -11.6161
swap between good curr -9.40979 swap -9.37466 best -11.6161
swap between good curr -9.43756 swap -9.40979 best -11.6161
swap between good curr -9.52625 swap -9.43756 best -11.6161
swap between good curr -9.81861 swap -9.52625 best -11.6161
swap between good curr -9.85734 swap -9.81861 best -11.6161
swap between good curr -10.0083 swap -9.85734 best -11.6161
swap between good curr -10.0633 swap -10.0083 best -11.6161
swap between good curr -10.1044 swap -10.0633 best -11.6161
swap between good curr -10.2477 swap -10.1044 best -11.6161
swap between good curr -10.2909 swap -10.2477 best -11.6161
swap between good curr -11.0456 swap -10.2909 best -11.6161
swap between good curr -11.188 swap -11.0456 best -11.6161
swap between good curr -11.2048 swap -11.188 best -11.6161
swap between good curr -11.2896 swap -11.2048 best -11.6161
swap between good curr -11.3777 swap -11.2896 best -11.6161
swap between good curr -11.4389 swap -11.3777 best -11.6161
swap between best curr -11.894 swap -11.4389 best -11.894
totalE -3.402240 extE -14.724595 
swap between best curr -12.0487 swap -11.894 best -12.0487
totalE -3.918994 extE -14.758562 
swap between best curr -12.1118 swap -12.0487 best -12.1118
totalE -3.667134 extE -14.926636 
swap between best curr -12.2552 swap -12.1118 best -12.2552
totalE -4.224428 extE -14.932077 
swap between best curr -12.285 swap -12.2552 best -12.285
totalE -4.475416 extE -14.888223 
swap between best curr -12.2957 swap -12.285 best -12.2957
totalE -4.318179 extE -14.954923 
swap between best curr -12.3351 swap -12.2957 best -12.3351
totalE -6.898812 extE -14.147248 
swap between best curr -12.3902 swap -12.3351 best -12.3902
totalE -5.592911 extE -14.655991 
swap between best curr -12.4835 swap -12.3902 best -12.4835
totalE -5.770667 extE -14.721153 
swap between best curr -12.5741 swap -12.4835 best -12.5741
totalE -5.392158 extE -14.968021 
swap in good curr -7.99473 swap -1.86965 best -12.5741
totalE 25.771946 extE -11.083518 
swap between good curr -7.99575 swap -7.99473 best -12.5741
swap between good curr -8.13016 swap -7.99575 best -12.5741
swap between good curr -8.29364 swap -8.13016 best -12.5741
swap between good curr -9.67884 swap -8.29364 best -12.5741
swap between good curr -10.0343 swap -9.67884 best -12.5741
swap between good curr -10.101 swap -10.0343 best -12.5741
swap between good curr -10.2126 swap -10.101 best -12.5741
swap in good curr -8.09188 swap -5.65023 best -12.5741
totalE 6.629877 extE -9.743601 
swap between good curr -8.43249 swap -8.09188 best -12.5741
swap between good curr -8.67705 swap -8.43249 best -12.5741
swap between good curr -8.6906 swap -8.67705 best -12.5741
swap out bad curr 1.06342 swap -11.6161 best -12.5741 curriter 317231 
swap between good curr -11.6297 swap -11.6161 best -12.5741
swap between good curr -11.9716 swap -11.6297 best -12.5741
swap between good curr -12.0195 swap -11.9716 best -12.5741
swap out bad curr 0.372957 swap -8.6906 best -12.5741 curriter 373317 
swap between good curr -8.79552 swap -8.6906 best -12.5741
swap between good curr -8.96421 swap -8.79552 best -12.5741
swap between good curr -9.15739 swap -8.96421 best -12.5741
swap between good curr -9.55375 swap -9.15739 best -12.5741
swap between good curr -9.64001 swap -9.55375 best -12.5741
swap between good curr -9.75352 swap -9.64001 best -12.5741
swap between good curr -9.83146 swap -9.75352 best -12.5741
swap between good curr -10.2033 swap -9.83146 best -12.5741
swap between good curr -10.364 swap -10.2033 best -12.5741
swap between good curr -10.7905 swap -10.364 best -12.5741
swap between good curr -10.98 swap -10.7905 best -12.5741
swap in good curr -8.20773 swap -2.53323 best -12.5741
totalE -0.449697 extE -3.227743 
swap in good curr -9.80897 swap -5.04016 best -12.5741
totalE 20.193390 extE -13.451346 
swap between good curr -10.0025 swap -9.80897 best -12.5741
swap between good curr -10.2789 swap -10.0025 best -12.5741
swap between good curr -10.703 swap -10.2789 best -12.5741
swap between good curr -10.9601 swap -10.703 best -12.5741
swap between good curr -11.3331 swap -10.9601 best -12.5741
swap between good curr -11.3636 swap -11.3331 best -12.5741
swap between good curr -11.4107 swap -11.3636 best -12.5741
swap between good curr -11.7945 swap -11.4107 best -12.5741
swap between good curr -11.8932 swap -11.7945 best -12.5741
swap between good curr -12.2412 swap -11.8932 best -12.5741
swap between good curr -12.365 swap -12.2412 best -12.5741
swap out bad curr 1.39322 swap -10.98 best -12.5741 curriter 450814 
swap between good curr -11.0423 swap -10.98 best -12.5741
swap in good curr -8.51427 swap -5.03053 best -12.5741
totalE 18.485050 extE -12.869055 
swap between good curr -8.62182 swap -8.51427 best -12.5741
swap between good curr -9.14275 swap -8.62182 best -12.5741
swap between good curr -9.18172 swap -9.14275 best -12.5741
swap between good curr -9.40008 swap -9.18172 best -12.5741
swap between good curr -9.47306 swap -9.40008 best -12.5741
swap between good curr -9.58145 swap -9.47306 best -12.5741
swap between good curr -9.64691 swap -9.58145 best -12.5741
swap between good curr -9.7953 swap -9.64691 best -12.5741
swap between good curr -9.83031 swap -9.7953 best -12.5741
swap between good curr -9.8678 swap -9.83031 best -12.5741
swap between good curr -10.0987 swap -9.8678 best -12.5741
swap between good curr -10.21 swap -10.0987 best -12.5741
swap between good curr -10.8046 swap -10.21 best -12.5741
swap between good curr -10.9156 swap -10.8046 best -12.5741
swap between good curr -10.9322 swap -10.9156 best -12.5741
swap between good curr -11.0195 swap -10.9322 best -12.5741
swap between good curr -11.2354 swap -11.0195 best -12.5741
swap between good curr -11.4064 swap -11.2354 best -12.5741
swap between good curr -11.5852 swap -11.4064 best -12.5741
swap between good curr -11.6101 swap -11.5852 best -12.5741
swap between good curr -11.7201 swap -11.6101 best -12.5741
swap in good curr -8.67342 swap -8.20773 best -12.5741
totalE 12.732968 extE -15.187960 
swap between good curr -8.7715 swap -8.67342 best -12.5741
swap between good curr -8.80654 swap -8.7715 best -12.5741
swap in good curr -8.76768 swap -2.8248 best -12.5741
totalE 38.827203 extE -16.708807 
swap between good curr -8.91611 swap -8.76768 best -12.5741
swap between good curr -9.4955 swap -8.91611 best -12.5741
swap between good curr -9.55948 swap -9.4955 best -12.5741
swap between good curr -9.6864 swap -9.55948 best -12.5741
swap between good curr -9.89672 swap -9.6864 best -12.5741
swap between good curr -9.98263 swap -9.89672 best -12.5741
swap between good curr -10.0371 swap -9.98263 best -12.5741
swap between good curr -10.0445 swap -10.0371 best -12.5741
swap between good curr -10.3402 swap -10.0445 best -12.5741
swap between good curr -10.629 swap -10.3402 best -12.5741
swap between good curr -10.8372 swap -10.629 best -12.5741
swap between good curr -11.1031 swap -10.8372 best -12.5741
swap between good curr -11.2047 swap -11.1031 best -12.5741
swap between good curr -11.215 swap -11.2047 best -12.5741
swap between good curr -11.366 swap -11.215 best -12.5741
swap between good curr -12.3827 swap -11.366 best -12.5741
swap between best curr -12.8938 swap -12.3827 best -12.8938
totalE 1.745688 extE -17.773565 
swap between best curr -13.2542 swap -12.8938 best -13.2542
totalE 1.469881 extE -18.162163 
swap between best curr -13.2613 swap -13.2542 best -13.2613
totalE -1.397841 extE -17.215806 
swap between best curr -13.44 swap -13.2613 best -13.44
totalE -2.120511 extE -17.213184 
swap between best curr -13.5224 swap -13.44 best -13.5224
totalE -1.897422 extE -17.397401 
swap between best curr -13.6609 swap -13.5224 best -13.6609
totalE -2.429263 extE -17.404807 
swap between best curr -13.9042 swap -13.6609 best -13.9042
totalE 5.519968 extE -20.378949 
swap between best curr -14.8702 swap -13.9042 best -14.8702
totalE 6.062103 extE -21.847626 
swap between best curr -14.8917 swap -14.8702 best -14.8917
totalE 4.452161 extE -21.339719 
swap in good curr -10.1921 swap -3.76023 best -14.8917
totalE 12.600787 extE -9.213899 
swap between good curr -10.2941 swap -10.1921 best -14.8917
swap in good curr -12.0767 swap -10.2941 best -14.8917
totalE 4.973809 extE -15.383438 
swap between good curr -12.3484 swap -12.0767 best -14.8917
swap between good curr -13.6683 swap -12.3484 best -14.8917
swap out bad curr 1.3961 swap -13.6683 best -14.8917 curriter 610663 
swap between good curr -14.0509 swap -13.6683 best -14.8917
swap between good curr -14.0934 swap -14.0509 best -14.8917
swap between best curr -14.9472 swap -14.0934 best -14.9472
totalE -2.323165 extE -19.155198 
swap between best curr -15.6255 swap -14.9472 best -15.6255
totalE -3.193041 extE -19.769616 
swap between best curr -16.2906 swap -15.6255 best -16.2906
totalE -2.274869 extE -20.962480 
swap between best curr -16.7955 swap -16.2906 best -16.7955
totalE -4.963292 extE -20.739626 
swap between best curr -17.0559 swap -16.7955 best -17.0559
totalE -5.223667 extE -21.000001 
swap out bad curr -3.66544 swap -12.365 best -17.0559 curriter 674040 
swap between good curr -12.4247 swap -12.365 best -17.0559
swap out bad curr 7.36643 swap -12.4247 best -17.0559 curriter 724045 
transmutate bad curr 2.45757 best -17.0559 curriter 774067 
transmutate!!! -4.915 -6.694 5.716
transmutate!!! -4.915 -6.694 5.716
swap in good curr -13.4851 swap -8.80654 best -17.0559
totalE 11.720689 extE -15.648955 
swap between good curr -13.7835 swap -13.4851 best -17.0559
swap between good curr -14.1237 swap -13.7835 best -17.0559
swap between good curr -14.2012 swap -14.1237 best -17.0559
swap between good curr -14.7182 swap -14.2012 best -17.0559
swap between good curr -14.9451 swap -14.7182 best -17.0559
swap between good curr -15.2015 swap -14.9451 best -17.0559
swap between good curr -15.2608 swap -15.2015 best -17.0559
swap between good curr -15.7355 swap -15.2608 best -17.0559
swap between good curr -16.2911 swap -15.7355 best -17.0559
swap between good curr -16.5265 swap -16.2911 best -17.0559
swap between good curr -16.571 swap -16.5265 best -17.0559
swap in good curr -12.3907 swap -9.68185 best -17.0559
totalE -2.509514 extE -12.072624 
swap in good curr -12.7667 swap -12.3907 best -17.0559
totalE 1.528773 extE -17.030508 
swap between good curr -12.7968 swap -12.7667 best -17.0559
swap between good curr -12.8874 swap -12.7968 best -17.0559
swap in good curr -12.3729 swap -12.0195 best -17.0559
totalE -6.038917 extE -14.013015 
swap between good curr -12.4418 swap -12.3729 best -17.0559
swap between good curr -13.8418 swap -12.8874 best -17.0559
swap between good curr -13.4907 swap -12.4418 best -17.0559
swap between good curr -13.5152 swap -13.4907 best -17.0559
swap between good curr -13.5308 swap -13.5152 best -17.0559
swap between good curr -13.7936 swap -13.5308 best -17.0559
swap between good curr -14.2252 swap -13.7936 best -17.0559
swap between good curr -14.3842 swap -14.2252 best -17.0559
swap between good curr -15.3951 swap -14.3842 best -17.0559
swap between good curr -15.9516 swap -15.3951 best -17.0559
swap in good curr -13.4708 swap -12.4247 best -17.0559
totalE -4.475693 extE -15.074354 
swap between good curr -13.7189 swap -13.4708 best -17.0559
swap between good curr -14.1985 swap -13.7189 best -17.0559
swap between good curr -14.5489 swap -14.1985 best -17.0559
swap between good curr -14.6398 swap -14.5489 best -17.0559
swap between good curr -15.1128 swap -14.6398 best -17.0559
swap between good curr -15.5346 swap -15.1128 best -17.0559
swap between good curr -16.1767 swap -15.5346 best -17.0559
swap between good curr -16.7276 swap -16.1767 best -17.0559
swap between good curr -16.9092 swap -16.7276 best -17.0559
swap between best curr -17.5531 swap -16.9092 best -17.5531
totalE 1.452695 extE -23.888338 
swap between best curr -17.8835 swap -17.5531 best -17.8835
totalE 0.462911 extE -23.998990 
swap between best curr -17.9771 swap -17.8835 best -17.9771
totalE -0.837603 extE -23.690294 
swap between best curr -17.9935 swap -17.9771 best -17.9935
totalE -1.334764 extE -23.546360 
swap between best curr -18.022 swap -17.9935 best -18.022
totalE -0.624300 extE -23.821191 
swap between best curr -18.0924 swap -18.022 best -18.0924
totalE -0.624025 extE -23.915215 
swap between best curr -19.6602 swap -18.0924 best -19.6602
totalE -2.281400 extE -25.453112 
swap between best curr -20.2991 swap -19.6602 best -20.2991
totalE -3.571252 extE -25.875037 
swap out bad curr -2.44934 swap -20.2991 best -20.2991 curriter 974068 
swap in good curr -16.3391 swap -11.7201 best -20.2991
totalE -1.185093 extE -15.231755 
swap between good curr -16.7822 swap -16.3391 best -20.2991
swap between good curr -17.0621 swap -16.7822 best -20.2991
swap between good curr -17.5378 swap -17.0621 best -20.2991
-25.875 -2.46155 -2.67767 -0.863807 0.00287535 -0.0349488 -3.33054 -0.451893 -1.95971 -0.0773257 -0.414164 0.00931448 -0.430251 -3.15288 -2.80139 -0.854899 -2.75131 -0.64381 -0.471781 -0.145219 -2.49652 0.132431 
-25.875 
0 1.03465 
0 -0.0272403 0.825996 
0 -0.0700649 -0.0451503 2.64858 
0 -0.00148795 0.205078 -0.184485 3.36835 
0 0 -0.000831588 -0.0827347 6.29047 3.48949 
0 0 -0.011436 -0.101261 -0.127816 -0.225362 0.274088 
0 0 -0.00378353 -0.0517842 -4.39332 -0.23622 -0.0216998 0.986435 
0 0 0 -6.79176e-05 -0.00302303 -0.00586601 -0.089108 -0.218051 0.886871 
0 0 0 0 0 0 -0.000391534 -0.0352411 -0.0423104 1.51036 
0 0 0 0 0 0 0 -0.0463483 -0.0928448 -0.0723132 0.664899 
0 0 0 0 0 0 0 -0.673253 -0.0179836 -0.0566817 -0.17734 1.26973 
0 0 0 0 0 0 0 -0.00124583 0 -0.000998505 -0.102485 0.306233 1.07286 
0 0 0 0 0 0 0 -0.000323875 -0.000415888 -0.00189817 0.189111 -0.119693 -0.117086 0.819675 
0 0 -0.00378854 -0.00188102 -0.000168185 0 -0.00248386 -0.728068 -0.0252412 -0.00688361 -0.0763995 -0.833503 -0.126761 -0.0400537 0.294749 
0 0 -0.00154815 -0.000107195 0 0 0 -0.00279295 0 0 -0.00210288 -0.0579059 0.0764449 -0.134937 0.0220634 2.40308 
0 0 -2.05975e-06 0 0 0 0 0 0 0 0 -0.00257853 -0.0169619 -0.0100265 -0.0370367 -0.159069 1.17079 
0 0 0 0 0 0 0 0 0 0 0 -0.00446335 -0.0412911 -0.003665 0 -0.0564957 -0.144604 1.27207 
0 0 0 0 0 0 0 0 0 0 0 0 0 0 0 -0.00161463 0.223538 -0.119972 0.732235 
0 0 0 0 0 0 0 0 0 0 0 0 0 0 0 -0.000121219 -0.0320354 -0.0904768 -0.14037 0.371729 
0 -0.000462735 -0.00570804 0 0 0 0 0 0 0 0 0 0 0 0 -0.00121396 -0.0369634 -0.0101096 -0.0709999 0.00622959 1.01513 
0 -0.000936603 -0.0524626 -0.00688703 -0.253209 0 0 0 0 0 0 0 0 0 -0.00638253 -0.0434472 -0.778631 -0.00722391 -0.0219359 -0.0936257 0.45 0.178085 
swap out bad curr 1.75513 swap -17.5378 best -20.2991 curriter 1038683 
swap between good curr -17.6083 swap -17.5378 best -20.2991
swap between good curr -17.9566 swap -17.6083 best -20.2991
swap between good curr -18.0142 swap -17.9566 best -20.2991
swap between good curr -18.2047 swap -18.0142 best -20.2991
swap between good curr -18.3457 swap -18.2047 best -20.2991
swap between good curr -18.4109 swap -18.3457 best -20.2991
swap between good curr -18.6736 swap -18.4109 best -20.2991
swap between good curr -19.1791 swap -18.6736 best -20.2991
swap between good curr -19.692 swap -19.1791 best -20.2991
swap between good curr -19.749 swap -19.692 best -20.2991
swap between good curr -19.791 swap -19.749 best -20.2991
swap between good curr -19.8451 swap -19.791 best -20.2991
swap between good curr -19.8876 swap -19.8451 best -20.2991
swap between good curr -19.9591 swap -19.8876 best -20.2991
swap between good curr -20.2308 swap -19.9591 best -20.2991
swap between best curr -21.2465 swap -20.2308 best -21.2465
totalE -10.371693 extE -24.871478 
swap between best curr -21.33 swap -21.2465 best -21.33
totalE -16.699389 extE -22.873473 
swap out bad curr -3.35439 swap -16.571 best -21.33 curriter 1093648 
swap out bad curr 7.45562 swap -21.33 best -21.33 curriter 1143650 
swap out good curr -20.9 swap -21.33 best -21.33
swap between best curr -21.4985 swap -21.33 best -21.4985
totalE -17.165642 extE -22.942800 
swap out bad curr 10.1358 swap -17.0559 best -21.4985 curriter 1193707 
swap out bad curr -5.26089 swap -20.2991 best -21.4985 curriter 1243709 
swap out good curr -20.196 swap -21.4985 best -21.4985
swap out bad curr -9.46499 swap -16.571 best -21.4985 curriter 1308631 
swap out bad curr 3.42141 swap -21.4985 best -21.4985 curriter 1358633 
swap out good curr -21.1117 swap -21.4985 best -21.4985
swap between best curr -21.5488 swap -21.4985 best -21.5488
totalE -17.259672 extE -22.978497 
swap out bad curr -9.1045 swap -17.0559 best -21.5488 curriter 1410312 
swap out bad curr 0.896526 swap -20.2991 best -21.5488 curriter 1460314 
swap out good curr -20.0159 swap -20.2991 best -21.5488
swap out bad curr 1.9427 swap -21.5488 best -21.5488 curriter 1510318 
swap between best curr -21.8288 swap -21.5488 best -21.8288
totalE -17.557370 extE -23.252589 
swap out bad curr 1.11401 swap -20.2991 best -21.8288 curriter 1572521 
swap between good curr -20.3185 swap -20.2991 best -21.8288
swap out bad curr -3.39664 swap -21.8288 best -21.8288 curriter 1623502 
swap out bad curr -4.6624 swap -21.8288 best -21.8288 curriter 1693795 
swap out good curr -21.8102 swap -21.8288 best -21.8288
swap between best curr -22.0349 swap -21.8288 best -22.0349
totalE -16.499238 extE -23.880187 
swap out bad curr 3.56816 swap -22.0349 best -22.0349 curriter 1743839 
swap in good curr -17.0822 swap -16.571 best -22.0349
totalE 1.471196 extE -22.585028 
swap out bad curr 18.1807 swap -22.0349 best -22.0349 curriter 1832456 
swap out bad curr -3.84455 swap -17.0822 best -22.0349 curriter 1882610 
swap between good curr -17.0921 swap -17.0822 best -22.0349
swap between good curr -19.0157 swap -17.0921 best -22.0349
swap between good curr -19.1856 swap -19.0157 best -22.0349
swap between best curr -22.3196 swap -22.0349 best -22.3196
totalE -9.750550 extE -26.509282 
swap between best curr -22.3537 swap -22.3196 best -22.3537
totalE -9.958308 extE -26.485471 
swap between best curr -22.5217 swap -22.3537 best -22.5217
totalE -10.516457 extE -26.523431 
swap between best curr -22.8517 swap -22.5217 best -22.8517
totalE -11.054389 extE -26.784102 
swap out bad curr 1.9092 swap -20.3185 best -22.8517 curriter 1961234 
-26.7841 -1.76825 -2.80042 -1.09284 -0.103856 0.0312474 -2.90582 -0.312988 -4.98159 -0.789481 -0.292028 0.0116451 -0.73509 -2.89992 -1.99517 -0.994558 -2.25353 -0.20927 -0.438031 -0.0863742 -2.29488 0.127098 
-26.7841 
0 0.101325 
0 -0.120209 0.258364 
0 -0.0709363 0.195918 0.931621 
0 -0.00649883 0.142248 -0.0977113 0.700037 
0 -0.0021528 -0.0202655 -0.051026 7.25247 0.129135 
0 -3.75186e-05 -0.00581776 -0.0631616 -0.162713 -0.19497 3.36795 
0 0 -0.0112525 0.385659 -0.876287 -0.28942 -0.00212811 0.0891834 
0 0 0 -0.00411249 -0.00193235 -2.39875e-05 -0.0586004 -0.18653 1.14581 
0 0 0 0 0 0 -0.000119045 -0.0423102 -0.09664 1.04065 
0 0 0 0 0 0 0 -0.00595654 -0.049842 0.45294 0.704226 
0 0 0 0 -3.35251e-05 0 0 -0.560152 -0.0104028 -0.0691199 -0.163849 0.118003 
0 0 0 0 0 0 0 0 0 -0.00317652 -0.186039 -0.138207 0.71583 
0 0 0 0 0 0 0 0 -0.000968243 -0.019599 0.0338624 -0.128481 0.106881 1.74931 
0 0 -0.00490258 -0.00051857 -0.236126 0 -0.000102983 -0.786143 -0.0763864 -0.0486783 -3.79991 -0.900576 -0.105251 -0.0564226 0.733314 
0 0 -0.000791208 0 -0.000526382 0 0 -0.00068151 0 0 -0.00720777 -0.0342841 -0.10892 -0.156159 -0.0988627 2.43285 
0 0 -0.00158241 0 -2.21787e-05 0 0 0 0 0 0 -0.00112467 -0.00515595 -0.00672855 -0.0380797 -0.132156 1.06705 
0 0 0 0 0 0 0 0 0 0 0 -0.000244442 -0.00510556 0 0 -0.0212774 -0.16881 0.993159 
0 0 -0.00064977 0 0 0 0 0 0 0 0 0 0 0 0 -0.00370038 0.0337103 0.0259491 0.664829 
0 0 -8.95433e-05 0 -0.000226656 0 0 0 0 0 0 0 0 0 0 -0.000532141 -0.0602544 -0.09148 -0.137922 0.362553 
0 -0.000340176 -0.124719 -0.000401763 -0.0369113 0 0 0 0 0 0 0 0 0 -0.000696577 -0.00264278 -0.0291397 -0.00785682 -0.201574 -0.0569873 1.42953 
0 0 0 -0.00215549 -0.334617 -0.00137636 0 -0.187565 0 0 0 -0.00164697 0 -0.00973389 -0.0607635 -1.37829e-05 0 0 0 0 0 0.222752 
swap out bad curr -1.18693 swap -22.8517 best -22.8517 curriter 2011257 
swap between best curr -22.9129 swap -22.8517 best -22.9129
totalE -11.436828 extE -26.738233 
swap out bad curr -8.05626 swap -19.1856 best -22.9129 curriter 2062396 
swap out bad curr -9.91415 swap -22.9129 best -22.9129 curriter 2112405 
swap out good curr -22.2753 swap -22.9129 best -22.9129
swap between best curr -22.9173 swap -22.9129 best -22.9173
totalE -12.624379 extE -26.348269 
swap out bad curr -6.52075 swap -22.9173 best -22.9173 curriter 2162553 
swap between best curr -22.9556 swap -22.9173 best -22.9556
totalE -12.431618 extE -26.463619 
swap out bad curr -4.00535 swap -19.1856 best -22.9556 curriter 2230884 
swap out bad curr -11.321 swap -20.3185 best -22.9556 curriter 2281538 
swap out good curr -20.013 swap -22.9556 best -22.9556
swap between best curr -22.9762 swap -22.9556 best -22.9762
totalE -12.079144 extE -26.608559 
swap between best curr -23.2168 swap -22.9762 best -23.2168
totalE -12.896633 extE -26.656851 
swap out bad curr -4.36536 swap -19.1856 best -23.2168 curriter 2331811 
swap out bad curr 6.52552 swap -19.1856 best -23.2168 curriter 2381819 
swap out good curr -19.1856 swap -19.1856 best -23.2168
swap out bad curr -6.48288 swap -19.1856 best -23.2168 curriter 2431835 
swap between good curr -19.4546 swap -19.1856 best -23.2168
swap between good curr -19.6382 swap -19.4546 best -23.2168
swap between good curr -19.7129 swap -19.6382 best -23.2168
swap between good curr -20.5904 swap -19.7129 best -23.2168
swap between good curr -20.6503 swap -20.5904 best -23.2168
swap between good curr -20.8759 swap -20.6503 best -23.2168
swap between good curr -21.1598 swap -20.8759 best -23.2168
swap between good curr -21.3268 swap -21.1598 best -23.2168
swap between good curr -21.6325 swap -21.3268 best -23.2168
swap between good curr -21.7697 swap -21.6325 best -23.2168
totalE -3.927911 extE -19.959522 
totalE -0.209401 extE -18.385903 
totalE -12.896633 extE -26.656851 
totalE -5.392158 extE -14.968021 
totalE 1.289169 extE -14.046466 
totalE -3.493553 extE -25.926834 
totalE 4.452161 extE -21.339719 
totalE -5.223667 extE -21.000001 
totalE 11.492537 extE -18.553954 
totalE -10.195830 extE -25.627682 
totalE -12.896633 extE -26.656851 
best target energy -23.2168
The program has successfully finished in 1090 seconds. :)  Bye-bye!
ramaprob initialise success 
transpoints initialise success with 138 transpoints 
grid box initialise succuss 55 71 127 
