found external potential parameters 1 
found external potential parameters 4 
setting constrained list file constrains
Building protein from sequence: ABCDEFGHIGKLMNGPQRSTGVWGYZ.
Building protein from sequence: ABCDEFGHIGKLMNGPQRSTGVWGYZ (26 amino acids, 1 chains).
ABCDEFGHIGKLMNGPQRSTGVWGYZ 26
Building protein from sequence: GNGVPNLRGDLQVLGQRVGRT.
Building protein from sequence: GNGVPNLRGDLQVLGQRVGRT (21 amino acids, 1 chains).
GNGVPNLRGDLQVLGQRVGRT 21
AD Grid maps initialisation finished 
1marking constrained amino acids from file constrains
Constraining amino acids: 1
WARNING! Contact map file 'NULL' given, so no bias interactions will be calculated.
0 0 0 0 0 0 0 0 0 0 0 0 0 0 0 0 0 0 0 0 0  aaa 1 -0.140741 
 aaa 2 -0.0134272 
 aaa 3 -0.0197936 
 aaa 4 -0.116568 
 aaa 5 0.664853 
 aaa 6 0.359352 
 aaa 7 1.37352 
 aaa 8 21.9538 
 aaa 9 12.6645 
 aaa 10 12.2597 
 aaa 11 38.5726 
 aaa 12 99.7669 
 aaa 13 52.8396 
 aaa 14 72.167 
 aaa 15 98.125 
 aaa 16 166.051 
 aaa 17 169.611 
 aaa 18 205.919 
 aaa 19 182.021 
 aaa 20 343.24 
 aaa 21 305.086 
SS Energy diag offdiag 1782.39 -0.140741 -0.0134272 -0.0197936 -0.116568 0.664853 0.359352 1.37352 21.9538 12.6645 12.2597 38.5726 99.7669 52.8396 72.167 98.125 166.051 169.611 205.919 182.021 343.24 305.086 
1782.39 
0 124.177 
0 0.52613 1.61483 
0 -0.123776 0.52232 2.43077 
0 0.927793 -0.190349 0.482576 1.64875 
0 32.9234 36.3727 -0.11553 6.97784 1.61206 
0 -0.00928956 -3.885 0.960436 -0.181284 0.430251 1.6151 
0 -0.00238574 -0.00842731 -3.83577 0.343419 -0.279932 0.491404 1.60555 
0 -0.00400976 -0.00291711 -0.00844774 -3.67655 0.948024 -0.172312 0.490078 1.62237 
0 0 -0.00061588 -0.00166527 -0.00700749 -3.80463 0.782802 -0.148157 0.545379 2.43077 
0 0 0 -0.00244115 -0.00305746 -0.00992915 -3.85382 1.10174 -0.178799 0.507176 1.61559 
0 0 0 0 -0.00244736 -0.00304609 -0.00957903 -4.53348 1.16441 -0.171154 0.475736 1.61643 
0 0 0 0 0 -0.00360414 -0.00696531 -0.0101075 -3.86257 3.80466 -0.189961 0.491373 1.618 
0 0 0 0 0 0 -0.00240003 -0.00330297 -0.0103778 -3.82171 1.39554 -0.189001 0.426986 1.64875 
0 0 0 0 0 0 0 -0.189862 -0.00304609 -0.00957902 -3.67018 0.496254 -0.177955 0.431282 1.61643 
0 0 0 0 0 0 0 0 -0.00061588 -0.00166527 -0.00700749 -3.80439 0.784919 -0.151471 0.538506 2.43077 
0 0 0 0 0 0 0 0 0 -0.00318073 -0.00661102 -0.00987313 -3.85956 4.39418 -0.189104 0.526077 1.61779 
0 0 0 0 0 0 0 0 0 -9.70132e-05 -0.00555545 -0.00307066 -0.0108509 -2.21046 1.21145 -0.167186 0.453369 1.62198 
0 0 0 0 0 0 0 0 0 0 0 -0.00240002 -0.00330297 -0.0103778 -4.38707 0.930154 -0.188876 0.450083 1.64875 
0 0 0 0 0 0 0 0 0 0 0 0 -0.00061588 -0.00166527 -0.00700749 -3.80076 0.784912 -0.147273 0.498215 2.43077 
0 0 0 0 0 0 0 0 0 0 0 0 0 -0.00478617 -0.00545033 -0.00938533 -3.86399 1.38971 -0.182959 0.529104 1.62027 
0 0 0 0 0 0 0 0 0 0 0 0 0 0 -0.00291042 -0.00386906 -0.0112963 -3.7009 0.660154 -0.18531 0.435385 1.06402 
initial transmutate AGNGVPNLRGDLQVLGQRVGRT 
transmutate!!! -2.915 -3.694 26.716
transmutate!!! -2.915 -3.694 26.716
begin run with pace 1 stretch 2500000 
1782.39 -0.140741 -0.0134272 -0.0197936 -0.116568 0.664853 0.359352 1.37352 21.9538 12.6645 12.2597 38.5726 99.7669 52.8396 72.167 98.125 166.051 169.611 205.919 182.021 343.24 305.086 
1782.39 
0 124.177 
0 0.52613 1.61483 
0 -0.123776 0.52232 2.43077 
0 0.927793 -0.190349 0.482576 1.64875 
0 32.9234 36.3727 -0.11553 6.97784 1.61206 
0 -0.00928956 -3.885 0.960436 -0.181284 0.430251 1.6151 
0 -0.00238574 -0.00842731 -3.83577 0.343419 -0.279932 0.491404 1.60555 
0 -0.00400976 -0.00291711 -0.00844774 -3.67655 0.948024 -0.172312 0.490078 1.62237 
0 0 -0.00061588 -0.00166527 -0.00700749 -3.80463 0.782802 -0.148157 0.545379 2.43077 
0 0 0 -0.00244115 -0.00305746 -0.00992915 -3.85382 1.10174 -0.178799 0.507176 1.61559 
0 0 0 0 -0.00244736 -0.00304609 -0.00957903 -4.53348 1.16441 -0.171154 0.475736 1.61643 
0 0 0 0 0 -0.00360414 -0.00696531 -0.0101075 -3.86257 3.80466 -0.189961 0.491373 1.618 
0 0 0 0 0 0 -0.00240003 -0.00330297 -0.0103778 -3.82171 1.39554 -0.189001 0.426986 1.64875 
0 0 0 0 0 0 0 -0.189862 -0.00304609 -0.00957902 -3.67018 0.496254 -0.177955 0.431282 1.61643 
0 0 0 0 0 0 0 0 -0.00061588 -0.00166527 -0.00700749 -3.80439 0.784919 -0.151471 0.538506 2.43077 
0 0 0 0 0 0 0 0 0 -0.00318073 -0.00661102 -0.00987313 -3.85956 4.39418 -0.189104 0.526077 1.61779 
0 0 0 0 0 0 0 0 0 -9.70132e-05 -0.00555545 -0.00307066 -0.0108509 -2.21046 1.21145 -0.167186 0.453369 1.62198 
0 0 0 0 0 0 0 0 0 0 0 -0.00240002 -0.00330297 -0.0103778 -4.38707 0.930154 -0.188876 0.450083 1.64875 
0 0 0 0 0 0 0 0 0 0 0 0 -0.00061588 -0.00166527 -0.00700749 -3.80076 0.784912 -0.147273 0.498215 2.43077 
0 0 0 0 0 0 0 0 0 0 0 0 0 -0.00478617 -0.00545033 -0.00938533 -3.86399 1.38971 -0.182959 0.529104 1.62027 
0 0 0 0 0 0 0 0 0 0 0 0 0 0 -0.00291042 -0.00386906 -0.0112963 -3.7009 0.660154 -0.18531 0.435385 1.06402 
creating MC move lookup table.
Sequence:    GNGVPNLRGDLQVLGQRVGRT
Fixed:                            
Constrained: x                    
Chain:       111111111111111111111
len 1 bonds, Nchains 1:*0 x1 x2 x3 x4 x5 x6 x7 x8 x9 x10 x11 x12 x13 x14 x15 x16 x17 x18 x19 x20 x21 22+0 != (22-1+(1-0)*1

len 2 bonds, Nchains 1:*0 x1 x2 x3 x4 x5 x6 x7 x8 x9 x10 x11 x12 x13 x14 x15 x16 x17 x18 x19 x20 21+0 != (22-1+(1-1)*1
-1 
len 3 bonds, Nchains 1:*0 x1 x2 x3 x4 x5 x6 x7 x8 x9 x10 x11 x12 x13 x14 x15 x16 x17 x18 x19 20+0 != (22-1+(1-2)*1
-1 -1 
len 4 bonds, Nchains 1:*0 x1 x2 x3 x4 x5 x6 x7 x8 x9 x10 x11 x12 x13 x14 x15 x16 x17 x18 19+0 != (22-1+(1-3)*1
-1 -1 -1 
swap in best curr 1015.4 swap 9999 best 99999
swap in best curr 995.499 swap 9999 best 1015.4
swap between best curr 985.156 swap 1015.4 best 985.156
swap between best curr 875.609 swap 985.156 best 875.609
swap between best curr 854.783 swap 875.609 best 854.783
swap between best curr 854.765 swap 854.783 best 854.765
swap between best curr 849.228 swap 854.765 best 849.228
swap between best curr 830.796 swap 849.228 best 830.796
swap between best curr 792.336 swap 830.796 best 792.336
swap between best curr 729.781 swap 792.336 best 729.781
swap between best curr 726.824 swap 729.781 best 726.824
swap between best curr 721.728 swap 726.824 best 721.728
swap between best curr 719.504 swap 721.728 best 719.504
swap between best curr 713.644 swap 719.504 best 713.644
swap between best curr 710.052 swap 713.644 best 710.052
swap between best curr 700.616 swap 710.052 best 700.616
swap between best curr 695.181 swap 700.616 best 695.181
swap between best curr 685.554 swap 695.181 best 685.554
swap between best curr 682.927 swap 685.554 best 682.927
swap between best curr 610.855 swap 682.927 best 610.855
swap between best curr 602.977 swap 610.855 best 602.977
swap between best curr 602.1 swap 602.977 best 602.1
swap between best curr 601.238 swap 602.1 best 601.238
swap between best curr 597.487 swap 601.238 best 597.487
swap between best curr 591.484 swap 597.487 best 591.484
swap between best curr 590.526 swap 591.484 best 590.526
swap between best curr 587.904 swap 590.526 best 587.904
swap between best curr 587.68 swap 587.904 best 587.68
swap between best curr 586.877 swap 587.68 best 586.877
swap between best curr 586.794 swap 586.877 best 586.794
swap between best curr 585.497 swap 586.794 best 585.497
swap between best curr 581.738 swap 585.497 best 581.738
swap between best curr 581.546 swap 581.738 best 581.546
swap between best curr 578.831 swap 581.546 best 578.831
swap between best curr 558.366 swap 578.831 best 558.366
swap between best curr 542.772 swap 558.366 best 542.772
swap between best curr 538.405 swap 542.772 best 538.405
swap between best curr 537.313 swap 538.405 best 537.313
swap between best curr 523.695 swap 537.313 best 523.695
swap in best curr 445.347 swap 9999 best 523.695
swap in best curr 442.242 swap 9999 best 445.347
swap between best curr 440.924 swap 445.347 best 440.924
swap between best curr 438.543 swap 440.924 best 438.543
swap between best curr 432.452 swap 438.543 best 432.452
swap between best curr 430.05 swap 432.452 best 430.05
swap between best curr 425.082 swap 430.05 best 425.082
swap between best curr 424.993 swap 425.082 best 424.993
swap between best curr 420.335 swap 424.993 best 420.335
swap between best curr 420.086 swap 420.335 best 420.086
swap between best curr 416.383 swap 420.086 best 416.383
swap between best curr 386.954 swap 416.383 best 386.954
swap between best curr 373.701 swap 386.954 best 373.701
swap between best curr 371.824 swap 373.701 best 371.824
swap between best curr 368.614 swap 371.824 best 368.614
swap between best curr 367.34 swap 368.614 best 367.34
swap between best curr 359.95 swap 367.34 best 359.95
swap between best curr 359.591 swap 359.95 best 359.591
swap between best curr 357.768 swap 359.591 best 357.768
swap between best curr 351.469 swap 357.768 best 351.469
swap between best curr 348.173 swap 351.469 best 348.173
swap between best curr 331.381 swap 348.173 best 331.381
swap between best curr 327.059 swap 331.381 best 327.059
swap between best curr 325.634 swap 327.059 best 325.634
swap between best curr 324.153 swap 325.634 best 324.153
swap between best curr 321.721 swap 324.153 best 321.721
swap between best curr 321.603 swap 321.721 best 321.603
swap between best curr 318.576 swap 321.603 best 318.576
swap between best curr 309.381 swap 318.576 best 309.381
swap in best curr 298.093 swap 9999 best 309.381
swap in best curr 287.599 swap 9999 best 298.093
swap between best curr 286.237 swap 298.093 best 286.237
swap between best curr 270.597 swap 286.237 best 270.597
swap between best curr 252.623 swap 270.597 best 252.623
swap between best curr 241.987 swap 252.623 best 241.987
swap between best curr 219.977 swap 241.987 best 219.977
swap between best curr 202.95 swap 219.977 best 202.95
swap between best curr 199.042 swap 202.95 best 199.042
swap between best curr 198.311 swap 199.042 best 198.311
swap between best curr 196.399 swap 198.311 best 196.399
swap between best curr 194.597 swap 196.399 best 194.597
swap between best curr 188.364 swap 194.597 best 188.364
swap between best curr 187.673 swap 188.364 best 187.673
swap between best curr 183.955 swap 187.673 best 183.955
swap between best curr 181.358 swap 183.955 best 181.358
swap between best curr 181.356 swap 181.358 best 181.356
swap between best curr 180.515 swap 181.356 best 180.515
swap between best curr 178.067 swap 180.515 best 178.067
swap between best curr 174.657 swap 178.067 best 174.657
swap between best curr 173.092 swap 174.657 best 173.092
swap between best curr 172.992 swap 173.092 best 172.992
swap between best curr 170.465 swap 172.992 best 170.465
swap between best curr 167.107 swap 170.465 best 167.107
swap between best curr 164.693 swap 167.107 best 164.693
swap between best curr 164.278 swap 164.693 best 164.278
swap between best curr 160.234 swap 164.278 best 160.234
swap between best curr 159.778 swap 160.234 best 159.778
swap in good curr 164.261 swap 9999 best 159.778
swap between good curr 164.112 swap 164.261 best 159.778
swap between good curr 163.878 swap 164.112 best 159.778
swap between best curr 149.57 swap 163.878 best 149.57
swap between best curr 142.787 swap 149.57 best 142.787
swap between good curr 145.917 swap 159.778 best 142.787
swap between good curr 145.18 swap 145.917 best 142.787
swap between good curr 144.042 swap 145.18 best 142.787
swap between best curr 128.412 swap 144.042 best 128.412
swap between best curr 128.098 swap 128.412 best 128.098
swap between best curr 125.323 swap 128.098 best 125.323
swap between best curr 125.205 swap 125.323 best 125.205
swap between best curr 122.755 swap 125.205 best 122.755
swap between best curr 122.432 swap 122.755 best 122.432
swap between best curr 119.056 swap 122.432 best 119.056
swap between best curr 116.946 swap 119.056 best 116.946
swap between good curr 121.629 swap 142.787 best 116.946
swap between good curr 121.512 swap 121.629 best 116.946
swap between good curr 118.641 swap 121.512 best 116.946
swap between good curr 118.294 swap 118.641 best 116.946
swap between best curr 116.911 swap 118.294 best 116.911
swap between best curr 115.606 swap 116.911 best 115.606
swap between best curr 115.037 swap 115.606 best 115.037
swap between best curr 114.487 swap 115.037 best 114.487
swap between best curr 113.038 swap 114.487 best 113.038
swap between best curr 112.821 swap 113.038 best 112.821
swap between best curr 109.903 swap 116.946 best 109.903
swap between best curr 103.985 swap 109.903 best 103.985
swap between best curr 97.7001 swap 112.821 best 97.7001
swap between best curr 97.4728 swap 97.7001 best 97.4728
swap between best curr 97.1659 swap 97.4728 best 97.1659
swap between best curr 96.35 swap 97.1659 best 96.35
swap between best curr 96.0225 swap 96.35 best 96.0225
swap between best curr 94.6734 swap 96.0225 best 94.6734
swap between best curr 93.8492 swap 94.6734 best 93.8492
swap between best curr 93.7126 swap 93.8492 best 93.7126
swap between best curr 93.2625 swap 93.7126 best 93.2625
swap between best curr 92.9673 swap 93.2625 best 92.9673
swap between best curr 91.7617 swap 92.9673 best 91.7617
swap between best curr 89.8388 swap 91.7617 best 89.8388
swap between best curr 89.5537 swap 89.8388 best 89.5537
swap between best curr 88.9381 swap 89.5537 best 88.9381
swap between best curr 87.2835 swap 88.9381 best 87.2835
swap between best curr 85.9411 swap 87.2835 best 85.9411
swap between best curr 84.9148 swap 85.9411 best 84.9148
swap between best curr 84.5613 swap 84.9148 best 84.5613
swap between best curr 83.2392 swap 84.5613 best 83.2392
swap between best curr 81.9058 swap 83.2392 best 81.9058
swap between best curr 81.3706 swap 81.9058 best 81.3706
swap between best curr 79.7972 swap 81.3706 best 79.7972
swap between best curr 79.3602 swap 79.7972 best 79.3602
swap between best curr 77.3134 swap 79.3602 best 77.3134
swap between best curr 77.1236 swap 77.3134 best 77.1236
swap in good curr 78.7967 swap 9999 best 77.1236
swap between good curr 77.3008 swap 78.7967 best 77.1236
swap between best curr 76.0868 swap 77.3008 best 76.0868
swap between best curr 75.4026 swap 76.0868 best 75.4026
swap between best curr 74.2154 swap 75.4026 best 74.2154
swap between best curr 69.476 swap 74.2154 best 69.476
swap between best curr 69.4637 swap 69.476 best 69.4637
swap between best curr 67.4686 swap 69.4637 best 67.4686
swap between best curr 67.3386 swap 67.4686 best 67.3386
swap between best curr 67.1788 swap 67.3386 best 67.1788
swap between best curr 66.7958 swap 67.1788 best 66.7958
swap out bad curr 157.461 swap 66.7958 best 66.7958 curriter 113398 
best energy found, reset temp
swap between best curr 66.7086 swap 66.7958 best 66.7086
swap between best curr 66.6983 swap 66.7086 best 66.6983
swap between best curr 66.5501 swap 66.6983 best 66.5501
swap between best curr 66.3842 swap 66.5501 best 66.3842
swap between best curr 65.6555 swap 66.3842 best 65.6555
swap between best curr 65.371 swap 65.6555 best 65.371
swap between best curr 65.2079 swap 65.371 best 65.2079
swap between best curr 65.0114 swap 65.2079 best 65.0114
swap between best curr 64.9495 swap 65.0114 best 64.9495
swap between best curr 64.6231 swap 64.9495 best 64.6231
swap between best curr 63.7762 swap 64.6231 best 63.7762
swap between best curr 63.4708 swap 63.7762 best 63.4708
swap between best curr 63.3911 swap 63.4708 best 63.3911
swap between best curr 62.5927 swap 63.3911 best 62.5927
swap between best curr 62.0281 swap 62.5927 best 62.0281
swap between best curr 61.3062 swap 62.0281 best 61.3062
swap between best curr 60.5104 swap 61.3062 best 60.5104
swap between best curr 60.3652 swap 60.5104 best 60.3652
swap between best curr 59.811 swap 60.3652 best 59.811
swap between best curr 59.0009 swap 59.811 best 59.0009
swap between best curr 58.9 swap 59.0009 best 58.9
swap between best curr 57.5197 swap 58.9 best 57.5197
swap between best curr 57.4894 swap 57.5197 best 57.4894
swap between best curr 57.1528 swap 57.4894 best 57.1528
swap between best curr 56.8778 swap 57.1528 best 56.8778
swap between best curr 56.8542 swap 56.8778 best 56.8542
swap between best curr 56.6644 swap 56.8542 best 56.6644
swap between best curr 52.7149 swap 56.6644 best 52.7149
swap between best curr 52.6548 swap 52.7149 best 52.6548
swap between best curr 52.6307 swap 52.6548 best 52.6307
swap between best curr 52.6048 swap 52.6307 best 52.6048
swap out bad curr 83.2006 swap 52.6048 best 52.6048 curriter 164799 
swap between best curr 51.5616 swap 52.6048 best 51.5616
swap in good curr 56.011 swap 9999 best 51.5616
swap between good curr 54.4479 swap 56.011 best 51.5616
swap between good curr 54.4002 swap 54.4479 best 51.5616
swap between good curr 51.8434 swap 54.4002 best 51.5616
swap between good curr 51.6149 swap 51.8434 best 51.5616
swap between best curr 51.3454 swap 51.6149 best 51.3454
swap between best curr 51.3354 swap 51.3454 best 51.3354
swap between best curr 50.0416 swap 51.3354 best 50.0416
swap between best curr 49.7938 swap 50.0416 best 49.7938
swap between best curr 49.7836 swap 49.7938 best 49.7836
swap between best curr 49.7309 swap 49.7836 best 49.7309
swap between best curr 49.2844 swap 49.7309 best 49.2844
swap between best curr 48.8896 swap 49.2844 best 48.8896
swap between best curr 48.7455 swap 48.8896 best 48.7455
swap between best curr 48.7428 swap 48.7455 best 48.7428
swap between best curr 47.9069 swap 48.7428 best 47.9069
swap between best curr 46.0671 swap 47.9069 best 46.0671
swap between best curr 45.5254 swap 46.0671 best 45.5254
swap between best curr 44.8167 swap 45.5254 best 44.8167
swap between best curr 43.8593 swap 44.8167 best 43.8593
swap between best curr 43.7318 swap 43.8593 best 43.7318
swap out bad curr 99.3273 swap 43.7318 best 43.7318 curriter 244793 
swap between best curr 42.4952 swap 43.7318 best 42.4952
swap between best curr 42.4378 swap 42.4952 best 42.4378
swap between best curr 41.6451 swap 42.4378 best 41.6451
swap between best curr 40.9243 swap 41.6451 best 40.9243
swap between best curr 39.7092 swap 40.9243 best 39.7092
swap between best curr 39.1727 swap 39.7092 best 39.1727
swap between best curr 38.9202 swap 39.1727 best 38.9202
swap between best curr 38.3331 swap 38.9202 best 38.3331
swap between best curr 38.2837 swap 38.3331 best 38.2837
swap between best curr 38.1997 swap 38.2837 best 38.1997
swap between best curr 38.1673 swap 38.1997 best 38.1673
swap between best curr 38.0231 swap 38.1673 best 38.0231
swap between best curr 37.9178 swap 38.0231 best 37.9178
swap between best curr 37.8024 swap 37.9178 best 37.8024
swap between best curr 37.3506 swap 37.8024 best 37.3506
swap out bad curr 80.4617 swap 37.3506 best 37.3506 curriter 372611 
swap between best curr 36.4642 swap 37.3506 best 36.4642
swap between best curr 35.3903 swap 36.4642 best 35.3903
swap out bad curr 106.424 swap 35.3903 best 35.3903 curriter 423087 
swap out bad curr 84.3388 swap 35.3903 best 35.3903 curriter 473276 
swap out good curr 40.3902 swap 35.3903 best 35.3903
swap out bad curr 55.092 swap 35.3903 best 35.3903 curriter 524613 
swap between best curr 35.3582 swap 35.3903 best 35.3582
swap between best curr 35.3212 swap 35.3582 best 35.3212
swap between best curr 34.472 swap 35.3212 best 34.472
swap out bad curr 67.3198 swap 34.472 best 34.472 curriter 575161 
swap between best curr 34.2746 swap 34.472 best 34.2746
swap between best curr 33.9199 swap 34.2746 best 33.9199
swap between best curr 33.3806 swap 33.9199 best 33.3806
swap between best curr 33.122 swap 33.3806 best 33.122
swap between best curr 32.5847 swap 33.122 best 32.5847
swap out bad curr 99.2453 swap 32.5847 best 32.5847 curriter 625270 
swap between best curr 32.4962 swap 32.5847 best 32.4962
swap out bad curr 101.482 swap 32.4962 best 32.4962 curriter 702506 
swap out bad curr 66.3632 swap 32.4962 best 32.4962 curriter 752777 
swap out good curr 32.6481 swap 32.4962 best 32.4962
swap out bad curr 64.8948 swap 32.4962 best 32.4962 curriter 802802 
swap out bad curr 66.3232 swap 32.4962 best 32.4962 curriter 852822 
swap out good curr 32.5243 swap 32.4962 best 32.4962
swap out bad curr 101.039 swap 32.4962 best 32.4962 curriter 902870 
swap out bad curr 77.4138 swap 32.4962 best 32.4962 curriter 953024 
swap out good curr 32.4962 swap 32.4962 best 32.4962
24.4364 1.53076 1.04269 4.09525 0.619117 -1.4444 2.92175 0.147792 -3.98758 -0.304148 2.57486 0.132204 -0.57892 -1.23174 1.57355 2.21989 4.17553 -0.0519804 2.56973 6.55 0.854401 1.02764 
24.4364 
0 2.25173 
0 -0.145128 0.93986 
0 -0.0155265 -0.105828 1.40112 
0 -0.00187101 0.0585858 -0.127161 1.07781 
0 -0.00203807 0.0496725 0.321594 8.58439 5.06268 
0 0 -0.00140022 -0.0157347 0.282974 0.00354998 1.73871 
0 0 0 -0.00489553 -4.04024 -0.35285 0.396812 1.2324 
0 0 0 0 -0.00947254 -0.0868907 -0.162925 -0.095084 2.58599 
0 0 0 -0.000218391 -0.00202721 -5.01503 -0.0882636 -0.0992213 1.01693 3.89654 
0 0 0 0 -0.00075691 -0.00795083 -4.17587 0.429805 -0.119644 -0.138927 2.54136 
0 0 0 0 0 -0.000361658 -0.00979601 -0.843518 0.248716 -0.0805501 -0.162159 1.26832 
0 0 0 0 0 -0.000392637 -0.000848985 -0.00969184 -5.0743 -0.100523 -0.0953033 1.24441 6.68089 
0 0 0 0 0 -0.0128967 -0.010109 -0.0059929 -1.07442 2.77839 -0.0709752 -0.045569 1.91744 1.46572 
0 0 0 0 0 0 -0.0016761 -0.000164034 -0.0172174 -1.77334 0.306603 -0.354744 0.0557029 -0.0469606 0.418951 
0 0 0 0 0 0 0 0 -0.000917603 -0.00807351 -0.0107901 -0.0177447 -0.0775349 -0.112751 -0.102131 6.02313 
0 0 0 0 0 0 0 0 -0.000129506 -0.000491846 0 -0.011382 -3.87951 -0.120007 -0.0625599 -0.143088 1.95438 
0 0 0 0 0 0 0 0 0 -0.00195111 0 0 -0.0522919 0.244957 -0.0247416 -0.0331771 0.456524 8.35091 
0 0 0 0 0 0 0 0 0 0 0 0 -0.000430384 -0.23673 -0.0125461 -0.00794162 -0.0376114 0.815543 2.50466 
0 0 0 0 0 0 0 0 0 0 0 0 0 -9.51431e-05 0 -0.00141343 -0.0145925 -0.0358323 0.352317 2.40302 
0 0 0 0 0 0 0 0 0 0 0 0 0 0 0 0 -0.00402389 -3.46953 -0.0895078 -0.109737 3.09041 
0 0 0 0 0 0 0 -0.0186874 -4.86467 -0.116292 -0.0979752 0 0 1.61811 0.0560057 -0.0312551 -3.96344 -0.0502579 -3.51128 -0.09292 -0.0867808 0.231074 
swap out bad curr 104.964 swap 32.4962 best 32.4962 curriter 1003029 
swap out bad curr 65.0286 swap 32.4962 best 32.4962 curriter 1053045 
swap out good curr 33.0644 swap 32.4962 best 32.4962
swap out bad curr 63.4317 swap 32.4962 best 32.4962 curriter 1103096 
swap out bad curr 67.6016 swap 32.4962 best 32.4962 curriter 1153139 
swap out good curr 32.5036 swap 32.4962 best 32.4962
swap between best curr 32.4784 swap 32.4962 best 32.4784
swap between best curr 31.6985 swap 32.4784 best 31.6985
swap out bad curr 91.1785 swap 31.6985 best 31.6985 curriter 1203236 
swap out bad curr 72.4443 swap 31.6985 best 31.6985 curriter 1253241 
swap out bad curr 100.099 swap 31.6985 best 31.6985 curriter 1303246 
swap between best curr 31.6152 swap 31.6985 best 31.6152
swap out bad curr 50.9355 swap 31.6152 best 31.6152 curriter 1353344 
swap between best curr 31.2839 swap 31.6152 best 31.2839
swap between best curr 31.1427 swap 31.2839 best 31.1427
swap out bad curr 76.6766 swap 31.1427 best 31.1427 curriter 1403361 
swap between best curr 30.9559 swap 31.1427 best 30.9559
swap between best curr 30.8336 swap 30.9559 best 30.8336
swap out bad curr 118.814 swap 30.8336 best 30.8336 curriter 1453472 
swap out bad curr 85.8267 swap 30.8336 best 30.8336 curriter 1503499 
swap out good curr 33.4678 swap 30.8336 best 30.8336
swap out bad curr 84.906 swap 30.8336 best 30.8336 curriter 1553609 
swap out bad curr 83.3467 swap 30.8336 best 30.8336 curriter 1603629 
swap out good curr 30.8336 swap 30.8336 best 30.8336
swap out bad curr 86.6466 swap 30.8336 best 30.8336 curriter 1653696 
swap out bad curr 73.5184 swap 30.8336 best 30.8336 curriter 1703793 
swap out good curr 30.8336 swap 30.8336 best 30.8336
swap out bad curr 77.6221 swap 30.8336 best 30.8336 curriter 1777254 
swap out bad curr 85.4958 swap 30.8336 best 30.8336 curriter 1827266 
swap between best curr 30.6751 swap 30.8336 best 30.6751
swap between best curr 30.4081 swap 30.6751 best 30.4081
swap in good curr 34.9975 swap 9999 best 30.4081
swap between good curr 34.6774 swap 34.9975 best 30.4081
swap out bad curr 60.741 swap 30.4081 best 30.4081 curriter 1920463 
swap out bad curr 74.5572 swap 30.4081 best 30.4081 curriter 1970495 
swap out good curr 34.4289 swap 30.4081 best 30.4081
23.3713 1.37785 0.879384 3.95568 0.862417 -1.339 2.86127 -0.673872 -3.43741 0.0364924 2.42912 1.32485 0.285575 -0.665991 1.27938 2.16137 3.77636 -1.3043 2.32778 5.77646 0.537223 0.920616 
23.3713 
0 1.18145 
0 -0.124712 0.8537 
0 -0.015516 -0.103383 1.23762 
0 -0.00155611 0.112746 -0.130455 0.925574 
0 -0.00214843 0.199784 0.571728 9.41881 5.06268 
0 0 -0.00118779 -0.0849243 0.257374 -0.0392976 1.27818 
0 0 0 -0.00384287 -4.8085 -0.261854 0.379947 1.2324 
0 0 0 0 -0.00958996 -0.100067 -0.16196 -0.095084 2.58599 
0 0 0 -0.000218391 -0.0020529 -4.88572 -0.0876722 -0.101997 1.16005 3.81199 
0 0 0 0 -0.000703362 -0.00742622 -4.47813 0.638711 -0.123555 -0.133933 2.25705 
0 0 0 0 0 -0.000316546 -0.00980372 -1.92053 0.133787 -0.0822463 -0.120008 0.685036 
0 0 0 0 0 -0.000508427 -0.000951251 0.188045 -4.93233 -0.115732 -0.10486 -0.177139 6.55211 
0 0 0 0 0 -0.0173468 -0.00975752 -0.00600429 -1.06637 3.12617 -0.0733623 -0.0479122 1.77881 1.96278 
0 0 0 0 0 0 -0.00106845 -0.000158808 -0.0171733 -2.78956 0.828671 -0.398535 -0.165045 0.0828503 1.07857 
0 0 0 0 0 0 0 0 -0.000917603 -0.00823636 -0.0122131 -0.0183166 -0.0767828 -0.113582 -0.0782616 7.16786 
0 0 0 0 0 0 0 0 -0.000129506 -0.000544871 -1.5408e-05 -0.0133527 -3.82952 -0.121448 0.173415 -0.148454 1.95438 
0 0 0 0 0 0 0 0 0 -0.00793611 0 0 -0.044416 0.232502 -0.0348292 -0.0332551 0.461137 8.94179 
0 0 0 0 0 0 0 0 0 0 0 0 -0.000422838 -0.24309 -0.0131696 -0.00679008 -0.0351834 0.731092 2.7147 
0 0 0 0 0 0 0 0 0 0 0 0 0 -0.000119686 0 -0.00134397 -0.0138091 -0.0397586 0.31072 1.95089 
0 0 0 0 0 0 0 0 0 0 0 0 0 0 0 0 -0.00420136 -3.48233 -0.105004 -0.113405 2.19448 
0 0 0 0 0 0 0 -0.0186874 -4.86467 0 0 0 0 0 0 0 -3.96344 -0.0288184 -3.01071 -0.0999964 -0.0900233 0.231074 
swap out bad curr 78.2524 swap 30.4081 best 30.4081 curriter 2020585 
swap out bad curr 105.505 swap 30.4081 best 30.4081 curriter 2070617 
swap out good curr 30.7963 swap 30.4081 best 30.4081
swap between best curr 30.3553 swap 30.4081 best 30.3553
swap between best curr 30.1338 swap 30.3553 best 30.1338
swap out bad curr 59.7425 swap 30.1338 best 30.1338 curriter 2120722 
swap between best curr 30.0968 swap 30.1338 best 30.0968
swap between best curr 30.0056 swap 30.0968 best 30.0056
swap out bad curr 100.625 swap 30.0056 best 30.0056 curriter 2170739 
swap out bad curr 80.3752 swap 30.0056 best 30.0056 curriter 2220785 
swap out good curr 30.0056 swap 30.0056 best 30.0056
swap out bad curr 71.9786 swap 34.6774 best 30.0056 curriter 2270816 
swap out bad curr 67.2161 swap 34.6774 best 30.0056 curriter 2320818 
swap between good curr 34.6003 swap 34.6774 best 30.0056
swap between good curr 34.0988 swap 34.6003 best 30.0056
swap between good curr 34.0421 swap 34.0988 best 30.0056
swap between good curr 34.017 swap 34.0421 best 30.0056
swap between good curr 33.7452 swap 34.017 best 30.0056
swap between good curr 30.7185 swap 33.7452 best 30.0056
swap out bad curr 85.1556 swap 30.0056 best 30.0056 curriter 2370941 
swap between best curr 29.249 swap 30.0056 best 29.249
swap out bad curr 79.5107 swap 29.249 best 29.249 curriter 2421071 
swap out bad curr 66.3025 swap 29.249 best 29.249 curriter 2471084 
totalE 1984.970360 extE 1782.385014 
totalE 61.118807 extE 20.585031 
totalE 48.277771 extE 22.906019 
totalE 91.856519 extE 38.130012 
totalE 117.907228 extE 63.529042 
totalE 143.387125 extE 90.851353 
totalE 434.201651 extE 267.774338 
totalE 434.201651 extE 267.774338 
totalE 674.923212 extE 473.286021 
totalE 674.923212 extE 473.286021 
totalE 48.277771 extE 22.906019 
best target energy 29.249
The program has successfully finished in 796 seconds. :)  Bye-bye!
ramaprob initialise success 
transpoints initialise success with 138 transpoints 
grid box initialise succuss 55 71 127 
