found external potential parameters 1 
found external potential parameters 4 
setting constrained list file constrains
Building protein from sequence: ABCDEFGHIGKLMNGPQRSTGVWGYZ.
Building protein from sequence: ABCDEFGHIGKLMNGPQRSTGVWGYZ (26 amino acids, 1 chains).
ABCDEFGHIGKLMNGPQRSTGVWGYZ 26
Building protein from sequence: GNGVPNLRGDLQVLGQRVGRT.
Building protein from sequence: GNGVPNLRGDLQVLGQRVGRT (21 amino acids, 1 chains).
GNGVPNLRGDLQVLGQRVGRT 21
AD Grid maps initialisation finished 
1marking constrained amino acids from file constrains
Constraining amino acids: 1
WARNING! Contact map file 'NULL' given, so no bias interactions will be calculated.
0 0 0 0 0 0 0 0 0 0 0 0 0 0 0 0 0 0 0 0 0  aaa 1 -0.372665 
 aaa 2 -0.116754 
 aaa 3 -0.95826 
 aaa 4 44.7273 
 aaa 5 0.145785 
 aaa 6 9.79352 
 aaa 7 39.0605 
 aaa 8 16.3461 
 aaa 9 13.8562 
 aaa 10 12.2597 
 aaa 11 38.5726 
 aaa 12 92.0689 
 aaa 13 52.8396 
 aaa 14 72.167 
 aaa 15 90.7388 
 aaa 16 174.476 
 aaa 17 173.967 
 aaa 18 205.919 
 aaa 19 183.55 
 aaa 20 326.269 
 aaa 21 300.341 
SS Energy diag offdiag 1845.65 -0.372665 -0.116754 -0.95826 44.7273 0.145785 9.79352 39.0605 16.3461 13.8562 12.2597 38.5726 92.0689 52.8396 72.167 90.7388 174.476 173.967 205.919 183.55 326.269 300.341 
1845.65 
0 124.177 
0 0.513419 1.60753 
0 -0.123776 0.55507 2.43077 
0 34.897 -0.240732 0.457469 1.59561 
0 32.9234 36.3866 -0.11553 9.66271 1.61206 
0 -0.0103335 -3.83262 0.960609 -0.185427 0.422941 1.61607 
0 -0.00652654 -0.0107473 -3.85895 31.9178 -0.331674 0.479033 1.61064 
0 -0.00622415 -0.00335031 -0.00972928 -3.66012 0.93645 -0.173792 0.447237 1.62204 
0 0 -0.00061588 -0.00166527 -0.00700749 -3.80463 0.78324 -0.149163 0.544927 2.43077 
0 0 0 -0.00244115 -0.00305746 -0.00992915 -3.85353 1.22913 -0.178799 0.507176 1.61559 
0 0 0 0 -0.00244736 -0.00304609 -0.00957903 -4.56423 1.08488 -0.171154 0.475736 1.61643 
0 0 0 0 0 -0.00316932 -0.00335191 -0.00898778 -3.86848 0.971221 -0.175882 0.492135 1.61981 
0 0 0 0 0 0 -0.00240003 -0.00330297 -0.0103778 -3.82171 1.39554 -0.189001 0.446345 1.64875 
0 0 0 0 0 0 0 -0.00244736 -0.00304609 -0.00957902 -3.67018 0.496254 -0.177679 0.431282 1.61643 
0 0 0 0 0 0 0 0 -0.00061588 -0.00166527 -0.00700749 -3.80439 0.784789 -0.151471 0.538506 2.43077 
0 0 0 0 0 0 0 0 0 -0.00310243 -0.00334528 -0.00896966 -3.86804 1.0992 -0.175686 0.526726 1.61972 
0 0 0 0 0 0 0 0 0 0 -0.00136106 -0.00238574 -0.00842731 -3.64939 1.0939 -0.165118 0.502913 1.62101 
0 0 0 0 0 0 0 0 0 0 0 -0.00240002 -0.00330297 -0.0103778 -4.38707 0.930154 -0.188577 0.448799 1.64875 
0 0 0 0 0 0 0 0 0 0 0 0 -0.00061588 -0.00166527 -0.00700749 -3.80076 0.784778 -0.147273 0.498215 2.43077 
0 0 0 0 0 0 0 0 0 0 0 0 0 0.204408 -0.00829015 -0.00998917 -3.86738 2.66346 -0.182881 0.530818 1.62166 
0 0 0 0 0 0 0 0 0 0 0 0 0 0 -0.00291042 -0.00386906 -0.0112963 -3.70121 0.660154 -0.18531 0.438764 1.06402 
initial transmutate AGNGVPNLRGDLQVLGQRVGRT 
transmutate!!! -4.915 0.306 7.716
transmutate!!! -4.915 0.306 7.716
begin run with pace 1 stretch 2500000 
1845.65 -0.372665 -0.116754 -0.95826 44.7273 0.145785 9.79352 39.0605 16.3461 13.8562 12.2597 38.5726 92.0689 52.8396 72.167 90.7388 174.476 173.967 205.919 183.55 326.269 300.341 
1845.65 
0 124.177 
0 0.513419 1.60753 
0 -0.123776 0.55507 2.43077 
0 34.897 -0.240732 0.457469 1.59561 
0 32.9234 36.3866 -0.11553 9.66271 1.61206 
0 -0.0103335 -3.83262 0.960609 -0.185427 0.422941 1.61607 
0 -0.00652654 -0.0107473 -3.85895 31.9178 -0.331674 0.479033 1.61064 
0 -0.00622415 -0.00335031 -0.00972928 -3.66012 0.93645 -0.173792 0.447237 1.62204 
0 0 -0.00061588 -0.00166527 -0.00700749 -3.80463 0.78324 -0.149163 0.544927 2.43077 
0 0 0 -0.00244115 -0.00305746 -0.00992915 -3.85353 1.22913 -0.178799 0.507176 1.61559 
0 0 0 0 -0.00244736 -0.00304609 -0.00957903 -4.56423 1.08488 -0.171154 0.475736 1.61643 
0 0 0 0 0 -0.00316932 -0.00335191 -0.00898778 -3.86848 0.971221 -0.175882 0.492135 1.61981 
0 0 0 0 0 0 -0.00240003 -0.00330297 -0.0103778 -3.82171 1.39554 -0.189001 0.446345 1.64875 
0 0 0 0 0 0 0 -0.00244736 -0.00304609 -0.00957902 -3.67018 0.496254 -0.177679 0.431282 1.61643 
0 0 0 0 0 0 0 0 -0.00061588 -0.00166527 -0.00700749 -3.80439 0.784789 -0.151471 0.538506 2.43077 
0 0 0 0 0 0 0 0 0 -0.00310243 -0.00334528 -0.00896966 -3.86804 1.0992 -0.175686 0.526726 1.61972 
0 0 0 0 0 0 0 0 0 0 -0.00136106 -0.00238574 -0.00842731 -3.64939 1.0939 -0.165118 0.502913 1.62101 
0 0 0 0 0 0 0 0 0 0 0 -0.00240002 -0.00330297 -0.0103778 -4.38707 0.930154 -0.188577 0.448799 1.64875 
0 0 0 0 0 0 0 0 0 0 0 0 -0.00061588 -0.00166527 -0.00700749 -3.80076 0.784778 -0.147273 0.498215 2.43077 
0 0 0 0 0 0 0 0 0 0 0 0 0 0.204408 -0.00829015 -0.00998917 -3.86738 2.66346 -0.182881 0.530818 1.62166 
0 0 0 0 0 0 0 0 0 0 0 0 0 0 -0.00291042 -0.00386906 -0.0112963 -3.70121 0.660154 -0.18531 0.438764 1.06402 
creating MC move lookup table.
Sequence:    GNGVPNLRGDLQVLGQRVGRT
Fixed:                            
Constrained: x                    
Chain:       111111111111111111111
len 1 bonds, Nchains 1:*0 x1 x2 x3 x4 x5 x6 x7 x8 x9 x10 x11 x12 x13 x14 x15 x16 x17 x18 x19 x20 x21 22+0 != (22-1+(1-0)*1

len 2 bonds, Nchains 1:*0 x1 x2 x3 x4 x5 x6 x7 x8 x9 x10 x11 x12 x13 x14 x15 x16 x17 x18 x19 x20 21+0 != (22-1+(1-1)*1
-1 
len 3 bonds, Nchains 1:*0 x1 x2 x3 x4 x5 x6 x7 x8 x9 x10 x11 x12 x13 x14 x15 x16 x17 x18 x19 20+0 != (22-1+(1-2)*1
-1 -1 
len 4 bonds, Nchains 1:*0 x1 x2 x3 x4 x5 x6 x7 x8 x9 x10 x11 x12 x13 x14 x15 x16 x17 x18 19+0 != (22-1+(1-3)*1
-1 -1 -1 
swap in best curr 344.675 swap 9999 best 99999
swap in best curr 341.52 swap 9999 best 344.675
swap between best curr 341.301 swap 344.675 best 341.301
swap between best curr 337.807 swap 341.301 best 337.807
swap between best curr 337.634 swap 337.807 best 337.634
swap between best curr 334.181 swap 337.634 best 334.181
swap between best curr 333.721 swap 334.181 best 333.721
swap between best curr 326.668 swap 333.721 best 326.668
swap between best curr 325.561 swap 326.668 best 325.561
swap between best curr 320.887 swap 325.561 best 320.887
swap between best curr 315.798 swap 320.887 best 315.798
swap between best curr 315.522 swap 315.798 best 315.522
swap between best curr 313.491 swap 315.522 best 313.491
swap between best curr 313.158 swap 313.491 best 313.158
swap between best curr 312.202 swap 313.158 best 312.202
swap between best curr 309.614 swap 312.202 best 309.614
swap between best curr 303.411 swap 309.614 best 303.411
swap between best curr 303.25 swap 303.411 best 303.25
swap between best curr 296.155 swap 303.25 best 296.155
swap between best curr 295.751 swap 296.155 best 295.751
swap between best curr 292.784 swap 295.751 best 292.784
swap between best curr 286.666 swap 292.784 best 286.666
swap between best curr 285.955 swap 286.666 best 285.955
swap between best curr 248.67 swap 285.955 best 248.67
swap between best curr 247.773 swap 248.67 best 247.773
swap between best curr 240.914 swap 247.773 best 240.914
swap between best curr 236.396 swap 240.914 best 236.396
swap between best curr 232.667 swap 236.396 best 232.667
swap between best curr 227.397 swap 232.667 best 227.397
swap between best curr 226.082 swap 227.397 best 226.082
swap between best curr 221.351 swap 226.082 best 221.351
swap between best curr 204.334 swap 221.351 best 204.334
swap between best curr 195.372 swap 204.334 best 195.372
swap between best curr 180.323 swap 195.372 best 180.323
swap between best curr 175.956 swap 180.323 best 175.956
swap between best curr 152.777 swap 175.956 best 152.777
swap between best curr 149.807 swap 152.777 best 149.807
swap between best curr 128.824 swap 149.807 best 128.824
swap between best curr 125.427 swap 128.824 best 125.427
swap between best curr 125.324 swap 125.427 best 125.324
swap between best curr 107.508 swap 125.324 best 107.508
swap between best curr 103.397 swap 107.508 best 103.397
swap between best curr 102.717 swap 103.397 best 102.717
swap between best curr 101.45 swap 102.717 best 101.45
swap between best curr 100.043 swap 101.45 best 100.043
swap between best curr 84.3111 swap 100.043 best 84.3111
swap in good curr 87.4454 swap 9999 best 84.3111
swap between good curr 87.3687 swap 87.4454 best 84.3111
swap between good curr 85.0101 swap 87.3687 best 84.3111
swap between best curr 80.5402 swap 85.0101 best 80.5402
swap between best curr 77.2493 swap 80.5402 best 77.2493
swap between best curr 56.934 swap 77.2493 best 56.934
swap between best curr 42.786 swap 56.934 best 42.786
swap in good curr 46.0355 swap 9999 best 42.786
swap between good curr 43.9361 swap 46.0355 best 42.786
swap between best curr 36.1244 swap 43.9361 best 36.1244
swap between best curr 27.2268 swap 36.1244 best 27.2268
swap between best curr 25.4892 swap 27.2268 best 25.4892
swap between best curr 24.7692 swap 25.4892 best 24.7692
swap between best curr 24.369 swap 24.7692 best 24.369
swap between best curr 22.2766 swap 24.369 best 22.2766
swap between best curr 22.0151 swap 22.2766 best 22.0151
swap between best curr 19.9119 swap 22.0151 best 19.9119
swap between best curr 19.3269 swap 19.9119 best 19.3269
swap between best curr 18.8008 swap 19.3269 best 18.8008
swap between best curr 15.3675 swap 18.8008 best 15.3675
swap between best curr 15.0179 swap 15.3675 best 15.0179
swap between best curr 14.9118 swap 15.0179 best 14.9118
swap between best curr 14.7945 swap 14.9118 best 14.7945
swap between best curr 14.2768 swap 14.7945 best 14.2768
swap between best curr 12.3125 swap 14.2768 best 12.3125
swap between best curr 11.7959 swap 12.3125 best 11.7959
swap between best curr 11.0259 swap 11.7959 best 11.0259
swap between best curr 10.823 swap 11.0259 best 10.823
swap between best curr 7.60507 swap 10.823 best 7.60507
swap between best curr 7.09022 swap 7.60507 best 7.09022
swap between best curr 6.71356 swap 7.09022 best 6.71356
swap between best curr 4.73363 swap 6.71356 best 4.73363
swap between best curr 4.40471 swap 4.73363 best 4.40471
swap between best curr 3.20036 swap 4.40471 best 3.20036
swap between best curr 3.15272 swap 3.20036 best 3.15272
swap between best curr 2.9806 swap 3.15272 best 2.9806
swap between best curr 2.97728 swap 2.9806 best 2.97728
swap between best curr 2.4129 swap 2.97728 best 2.4129
swap between best curr 2.21017 swap 2.4129 best 2.21017
swap between best curr 2.11168 swap 2.21017 best 2.11168
swap between best curr 1.96559 swap 2.11168 best 1.96559
swap between best curr 1.61393 swap 1.96559 best 1.61393
swap between best curr 0.939762 swap 1.61393 best 0.939762
swap between best curr 0.845853 swap 0.939762 best 0.845853
swap between best curr 0.604648 swap 0.845853 best 0.604648
swap between best curr 0.460009 swap 0.604648 best 0.460009
swap between best curr 0.457586 swap 0.460009 best 0.457586
swap between best curr 0.299247 swap 0.457586 best 0.299247
swap between best curr -0.250249 swap 0.299247 best -0.250249
totalE 1.904884 extE -0.968627 
swap between best curr -0.27844 swap -0.250249 best -0.27844
totalE 1.868172 extE -0.993977 
swap between best curr -0.854352 swap -0.27844 best -0.854352
totalE -0.317868 extE -1.033180 
swap between best curr -0.896414 swap -0.854352 best -0.896414
totalE -0.105406 extE -1.160083 
swap in good curr 1.36445 swap 9999 best -0.896414
swap between good curr 1.0846 swap 1.36445 best -0.896414
swap between good curr 0.442378 swap 1.0846 best -0.896414
swap between good curr 0.120692 swap 0.442378 best -0.896414
swap between good curr -0.193121 swap 0.120692 best -0.896414
swap between good curr -0.367163 swap -0.193121 best -0.896414
swap between good curr -0.71698 swap -0.367163 best -0.896414
swap between good curr -0.73875 swap -0.71698 best -0.896414
swap between best curr -1.0075 swap -0.73875 best -1.0075
totalE -0.596769 extE -1.144408 
swap between best curr -1.54674 swap -1.0075 best -1.54674
totalE -2.826514 extE -1.120155 
swap between best curr -1.96486 swap -1.54674 best -1.96486
totalE -3.244625 extE -1.538266 
swap between best curr -2.19215 swap -1.96486 best -2.19215
totalE -2.854670 extE -1.971312 
swap between best curr -2.28105 swap -2.19215 best -2.28105
totalE -5.901451 extE -1.074252 
swap between best curr -2.70772 swap -2.28105 best -2.70772
totalE -6.328118 extE -1.500918 
swap between best curr -2.85021 swap -2.70772 best -2.85021
totalE -6.343783 extE -1.685689 
swap between best curr -2.88373 swap -2.85021 best -2.88373
totalE -6.556251 extE -1.659555 
swap between best curr -3.18001 swap -2.88373 best -3.18001
totalE -6.852531 extE -1.955835 
swap between best curr -3.42309 swap -3.18001 best -3.42309
totalE -3.994591 extE -3.232589 
swap between best curr -3.45575 swap -3.42309 best -3.45575
totalE -2.671512 extE -3.717169 
swap between best curr -3.54148 swap -3.45575 best -3.54148
totalE -2.843774 extE -3.774054 
swap between best curr -3.92454 swap -3.54148 best -3.92454
totalE 4.234861 extE -6.644334 
swap between best curr -4.24798 swap -3.92454 best -4.24798
totalE 2.620932 extE -6.537624 
swap between good curr -0.947274 swap -0.896414 best -4.24798
swap between good curr -1.15705 swap -0.947274 best -4.24798
swap between good curr -1.16225 swap -1.15705 best -4.24798
swap between good curr -1.20662 swap -1.16225 best -4.24798
swap between good curr -1.35198 swap -1.20662 best -4.24798
swap between good curr -1.52777 swap -1.35198 best -4.24798
swap between good curr -1.62962 swap -1.52777 best -4.24798
swap between good curr -1.79132 swap -1.62962 best -4.24798
swap between good curr -1.84536 swap -1.79132 best -4.24798
swap between good curr -2.29109 swap -1.84536 best -4.24798
swap between good curr -2.38545 swap -2.29109 best -4.24798
swap between good curr -2.70854 swap -2.38545 best -4.24798
swap between good curr -3.03419 swap -2.70854 best -4.24798
swap between best curr -4.76373 swap -4.24798 best -4.76373
totalE -8.237457 extE -3.605815 
swap between best curr -4.76597 swap -4.76373 best -4.76597
totalE -8.526251 extE -3.512549 
swap between best curr -5.14967 swap -4.76597 best -5.14967
totalE -10.081739 extE -3.505650 
swap between best curr -5.3678 swap -5.14967 best -5.3678
totalE -11.144946 extE -3.442079 
swap between best curr -5.43909 swap -5.3678 best -5.43909
totalE -11.216243 extE -3.513376 
swap between best curr -5.49503 swap -5.43909 best -5.49503
totalE -11.439923 extE -3.513393 
swap between best curr -5.55389 swap -5.49503 best -5.55389
totalE -11.498791 extE -3.572261 
swap between best curr -6.1559 swap -5.55389 best -6.1559
totalE -12.370979 extE -4.084202 
swap in good curr -4.31052 swap 9999 best -6.1559
swap between good curr -4.43455 swap -4.31052 best -6.1559
swap between good curr -4.75228 swap -4.43455 best -6.1559
swap between good curr -5.13018 swap -4.75228 best -6.1559
swap between good curr -5.5078 swap -5.13018 best -6.1559
swap between best curr -6.52392 swap -5.5078 best -6.52392
totalE -1.615670 extE -8.160008 
swap between best curr -7.6753 swap -6.52392 best -7.6753
totalE -4.017890 extE -8.894435 
swap between best curr -7.85011 swap -7.6753 best -7.85011
totalE -4.848798 extE -8.850544 
swap between best curr -7.97422 swap -7.85011 best -7.97422
totalE -5.412018 extE -8.828288 
swap between best curr -8.73965 swap -7.97422 best -8.73965
totalE -8.606997 extE -8.783873 
swap between best curr -8.78675 swap -8.73965 best -8.78675
totalE -8.797661 extE -8.783113 
swap between best curr -8.82181 swap -8.78675 best -8.82181
totalE -9.346612 extE -8.646882 
swap between best curr -9.42239 swap -8.82181 best -9.42239
totalE -11.748457 extE -8.647030 
swap between best curr -9.45061 swap -9.42239 best -9.45061
totalE -12.060703 extE -8.580577 
swap in good curr -5.64294 swap 9999 best -9.45061
swap between good curr -5.73496 swap -5.64294 best -9.45061
swap between good curr -5.91573 swap -5.73496 best -9.45061
swap between good curr -6.3381 swap -5.91573 best -9.45061
swap between good curr -6.84665 swap -6.3381 best -9.45061
swap between good curr -6.95384 swap -6.84665 best -9.45061
swap out bad curr 11.7642 swap -6.95384 best -9.45061 curriter 59256 
swap between good curr -6.97914 swap -6.95384 best -9.45061
swap between good curr -6.99014 swap -6.97914 best -9.45061
swap between good curr -7.05594 swap -6.99014 best -9.45061
swap between good curr -7.4295 swap -7.05594 best -9.45061
swap between good curr -7.44314 swap -7.4295 best -9.45061
swap between good curr -8.10807 swap -7.44314 best -9.45061
swap between good curr -8.48802 swap -8.10807 best -9.45061
swap between good curr -8.93784 swap -8.48802 best -9.45061
swap between good curr -9.06498 swap -8.93784 best -9.45061
swap between good curr -9.09321 swap -9.06498 best -9.45061
swap between good curr -9.10583 swap -9.09321 best -9.45061
swap between good curr -9.11779 swap -9.10583 best -9.45061
swap between good curr -9.16285 swap -9.11779 best -9.45061
swap between good curr -9.23637 swap -9.16285 best -9.45061
swap between good curr -9.2899 swap -9.23637 best -9.45061
swap between best curr -9.58566 swap -9.2899 best -9.58566
totalE -13.660093 extE -8.227520 
swap between best curr -9.66795 swap -9.58566 best -9.66795
totalE -12.577169 extE -8.698209 
swap between best curr -9.83893 swap -9.66795 best -9.83893
totalE -12.686059 extE -8.889890 
swap between best curr -9.84652 swap -9.83893 best -9.84652
totalE -10.630431 extE -9.585215 
swap between best curr -10.6226 swap -9.84652 best -10.6226
totalE -13.740621 extE -9.583250 
swap between best curr -10.6537 swap -10.6226 best -10.6537
totalE -15.903606 extE -8.903760 
swap between best curr -12.0025 swap -10.6537 best -12.0025
totalE -20.967528 extE -9.014193 
swap between best curr -12.0124 swap -12.0025 best -12.0124
totalE -21.270120 extE -8.926540 
swap between best curr -12.2826 swap -12.0124 best -12.2826
totalE -23.014011 extE -8.705516 
swap between best curr -12.2875 swap -12.2826 best -12.2875
totalE -23.402587 extE -8.582430 
swap between best curr -13.7769 swap -12.2875 best -13.7769
totalE -24.892058 extE -10.071902 
swap between good curr -10.3947 swap -9.45061 best -13.7769
swap between good curr -11.9977 swap -10.3947 best -13.7769
swap between good curr -12.177 swap -11.9977 best -13.7769
swap between good curr -12.3606 swap -12.177 best -13.7769
swap between good curr -12.4173 swap -12.3606 best -13.7769
swap between good curr -12.4992 swap -12.4173 best -13.7769
swap between good curr -12.6064 swap -12.4992 best -13.7769
swap between good curr -12.7327 swap -12.6064 best -13.7769
swap between good curr -12.7713 swap -12.7327 best -13.7769
swap between good curr -12.9975 swap -12.7713 best -13.7769
swap between good curr -13.1085 swap -12.9975 best -13.7769
swap between good curr -13.2889 swap -13.1085 best -13.7769
swap between good curr -13.4674 swap -13.2889 best -13.7769
swap between good curr -13.7459 swap -13.4674 best -13.7769
swap between best curr -14.4089 swap -13.7769 best -14.4089
totalE -28.908165 extE -9.575763 
swap between best curr -14.5942 swap -14.4089 best -14.5942
totalE -29.717800 extE -9.552954 
swap between best curr -14.65 swap -14.5942 best -14.65
totalE -30.349013 extE -9.416948 
swap between best curr -15.815 swap -14.65 best -15.815
totalE -34.990503 extE -9.423105 
swap between best curr -15.9966 swap -15.815 best -15.9966
totalE -35.172147 extE -9.604748 
swap between best curr -16.1075 swap -15.9966 best -16.1075
totalE -35.655199 extE -9.591541 
swap between best curr -17.2803 swap -16.1075 best -17.2803
totalE -39.421582 extE -9.899892 
swap between best curr -17.3541 swap -17.2803 best -17.3541
totalE -39.854147 extE -9.854026 
swap between best curr -17.4401 swap -17.3541 best -17.4401
totalE -40.196450 extE -9.854687 
swap out bad curr 27.7741 swap -17.4401 best -17.4401 curriter 113548 
best energy found, reset temp
swap between best curr -17.4621 swap -17.4401 best -17.4621
totalE -40.055144 extE -9.931131 
swap between best curr -17.5415 swap -17.4621 best -17.5415
totalE -40.424351 extE -9.913906 
swap between best curr -17.6087 swap -17.5415 best -17.6087
totalE -40.485091 extE -9.983208 
swap between best curr -17.6736 swap -17.6087 best -17.6736
totalE -40.549964 extE -10.048082 
swap between best curr -18.3348 swap -17.6736 best -18.3348
totalE -41.735574 extE -10.534485 
swap between best curr -18.4144 swap -18.3348 best -18.4144
totalE -41.987066 extE -10.556911 
swap in good curr -13.9326 swap 9999 best -18.4144
swap between good curr -15.0534 swap -13.9326 best -18.4144
swap between good curr -15.4188 swap -15.0534 best -18.4144
swap between good curr -15.511 swap -15.4188 best -18.4144
swap between good curr -15.6426 swap -15.511 best -18.4144
swap between good curr -16.1662 swap -15.6426 best -18.4144
swap in good curr -14.1449 swap 9999 best -18.4144
swap between good curr -14.6338 swap -14.1449 best -18.4144
swap between good curr -13.6364 swap -6.1559 best -18.4144
swap between good curr -14.8959 swap -13.6364 best -18.4144
swap between good curr -15.7243 swap -14.8959 best -18.4144
swap between good curr -16.4165 swap -15.7243 best -18.4144
swap between good curr -16.4982 swap -16.4165 best -18.4144
swap between good curr -16.7161 swap -16.4982 best -18.4144
swap between good curr -17.6175 swap -16.7161 best -18.4144
swap between good curr -17.7063 swap -17.6175 best -18.4144
swap between good curr -17.9889 swap -16.1662 best -18.4144
swap between good curr -14.5999 swap -13.7459 best -18.4144
swap between good curr -15.1776 swap -14.5999 best -18.4144
swap between good curr -15.229 swap -15.1776 best -18.4144
swap between good curr -15.3159 swap -15.229 best -18.4144
swap between good curr -15.5264 swap -15.3159 best -18.4144
swap between good curr -15.7319 swap -15.5264 best -18.4144
swap between good curr -15.8723 swap -15.7319 best -18.4144
swap between good curr -16.108 swap -15.8723 best -18.4144
swap between good curr -16.312 swap -16.108 best -18.4144
swap between good curr -18.0759 swap -17.9889 best -18.4144
swap in good curr -14.6942 swap 9999 best -18.4144
swap between good curr -14.7932 swap -14.6942 best -18.4144
swap between good curr -15.2387 swap -14.7932 best -18.4144
swap between good curr -15.3245 swap -15.2387 best -18.4144
swap between good curr -15.7978 swap -15.3245 best -18.4144
swap between good curr -15.876 swap -15.7978 best -18.4144
swap in good curr -14.6777 swap 9999 best -18.4144
swap between good curr -14.7382 swap -14.6777 best -18.4144
swap between good curr -15.4159 swap -14.7382 best -18.4144
swap between good curr -16.3355 swap -15.4159 best -18.4144
swap between good curr -16.434 swap -16.3355 best -18.4144
swap between good curr -16.9011 swap -16.434 best -18.4144
swap between good curr -17.1664 swap -16.9011 best -18.4144
swap in good curr -13.8305 swap -3.03419 best -18.4144
totalE -3.775041 extE -2.787239 
swap between good curr -14.0751 swap -13.8305 best -18.4144
swap between good curr -14.2876 swap -14.0751 best -18.4144
swap in good curr -14.806 swap -14.6338 best -18.4144
totalE -41.540254 extE -5.665030 
swap between good curr -15.6303 swap -14.806 best -18.4144
swap between good curr -15.6586 swap -15.6303 best -18.4144
swap between good curr -15.8123 swap -15.6586 best -18.4144
swap between good curr -15.8896 swap -15.8123 best -18.4144
swap between good curr -15.9857 swap -15.8896 best -18.4144
swap between good curr -16.0384 swap -15.9857 best -18.4144
swap between good curr -16.2255 swap -16.0384 best -18.4144
swap between good curr -16.2922 swap -16.2255 best -18.4144
swap between good curr -16.4005 swap -16.2922 best -18.4144
swap between good curr -16.5149 swap -16.4005 best -18.4144
swap between good curr -16.6021 swap -16.5149 best -18.4144
swap in good curr -14.0491 swap 84.3111 best -18.4144
swap between good curr -15.0067 swap -14.0491 best -18.4144
swap between good curr -15.2251 swap -15.0067 best -18.4144
swap between good curr -15.2811 swap -15.2251 best -18.4144
swap between good curr -15.413 swap -15.2811 best -18.4144
swap between good curr -15.4476 swap -15.413 best -18.4144
swap between good curr -15.551 swap -15.4476 best -18.4144
swap between good curr -15.6862 swap -15.551 best -18.4144
swap between good curr -15.9119 swap -15.6862 best -18.4144
swap in good curr -14.6425 swap 42.786 best -18.4144
swap between good curr -15.449 swap -14.6425 best -18.4144
swap in good curr -15.0589 swap -14.2876 best -18.4144
totalE -29.782725 extE -9.122550 
swap between good curr -15.4708 swap -15.0589 best -18.4144
swap between good curr -16.3986 swap -15.4708 best -18.4144
swap in good curr -16.6205 swap -16.3986 best -18.4144
totalE -34.734419 extE -10.286613 
swap in good curr -15.5759 swap -15.449 best -18.4144
totalE -34.904877 extE -8.963691 
swap in good curr -16.8895 swap -15.5759 best -18.4144
totalE -31.366018 extE -10.312559 
swap between good curr -16.928 swap -16.8895 best -18.4144
swap between good curr -16.9552 swap -16.928 best -18.4144
swap between good curr -17.0976 swap -16.9552 best -18.4144
swap between good curr -17.2938 swap -17.0976 best -18.4144
swap between good curr -17.3853 swap -17.2938 best -18.4144
swap between good curr -17.4416 swap -17.3853 best -18.4144
swap between good curr -17.4562 swap -17.4416 best -18.4144
swap between good curr -17.4982 swap -17.4562 best -18.4144
swap between good curr -17.5398 swap -17.4982 best -18.4144
swap between good curr -17.6368 swap -17.5398 best -18.4144
swap between good curr -17.645 swap -17.6368 best -18.4144
swap between good curr -17.7318 swap -17.645 best -18.4144
swap between good curr -18.014 swap -17.7318 best -18.4144
swap between good curr -18.401 swap -18.014 best -18.4144
swap between best curr -18.6188 swap -18.401 best -18.6188
totalE -36.074099 extE -12.800409 
swap between best curr -18.7266 swap -18.6188 best -18.7266
totalE -37.447001 extE -12.486528 
swap between best curr -18.9766 swap -18.7266 best -18.9766
totalE -41.879105 extE -11.342484 
swap between best curr -19.7506 swap -18.9766 best -19.7506
totalE -42.653098 extE -12.116477 
swap between best curr -19.9422 swap -19.7506 best -19.9422
totalE -42.844671 extE -12.308050 
swap between best curr -19.9586 swap -19.9422 best -19.9586
totalE -41.391173 extE -12.814425 
swap in good curr -16.643 swap -16.312 best -19.9586
totalE -42.280275 extE -7.655900 
swap between good curr -17.3923 swap -16.643 best -19.9586
swap between good curr -17.5908 swap -17.3923 best -19.9586
swap between good curr -17.6083 swap -17.5908 best -19.9586
swap between good curr -17.9666 swap -17.6083 best -19.9586
swap in good curr -18.8701 swap -17.9666 best -19.9586
totalE -31.590464 extE -13.425253 
swap between good curr -19.7624 swap -18.8701 best -19.9586
swap between good curr -19.8096 swap -19.7624 best -19.9586
swap between best curr -20.31 swap -19.8096 best -20.31
totalE -41.975290 extE -13.088249 
swap between best curr -20.314 swap -20.31 best -20.314
totalE -39.772242 extE -13.827942 
swap between best curr -20.604 swap -20.314 best -20.604
totalE -41.141140 extE -13.758233 
swap between best curr -20.7411 swap -20.604 best -20.7411
totalE -41.689701 extE -13.758180 
swap between best curr -21.1924 swap -20.7411 best -21.1924
totalE -38.784987 extE -15.328211 
swap between best curr -21.3305 swap -21.1924 best -21.3305
totalE -39.336214 extE -15.328606 
swap in good curr -16.4604 swap -15.9119 best -21.3305
totalE -41.758063 extE -7.296495 
swap between good curr -16.5523 swap -16.4604 best -21.3305
swap between good curr -17.3112 swap -16.5523 best -21.3305
swap between good curr -17.9022 swap -17.3112 best -21.3305
swap between good curr -18.0334 swap -17.9022 best -21.3305
swap between good curr -18.3032 swap -18.0334 best -21.3305
swap between good curr -18.6312 swap -18.3032 best -21.3305
swap between best curr -21.3731 swap -21.3305 best -21.3731
totalE -36.850189 extE -16.214136 
swap between best curr -21.5165 swap -21.3731 best -21.5165
totalE -36.830827 extE -16.411686 
swap out bad curr 1.29378 swap -18.6312 best -21.5165 curriter 396868 
swap between best curr -22.2725 swap -21.5165 best -22.2725
totalE -41.384181 extE -15.901874 
swap between best curr -22.3541 swap -22.2725 best -22.3541
totalE -41.377263 extE -16.013021 
swap in good curr -18.0322 swap -15.876 best -22.3541
totalE -29.346207 extE -11.385884 
swap between good curr -18.4565 swap -18.0322 best -22.3541
swap between good curr -19.1874 swap -18.4565 best -22.3541
swap between good curr -19.2272 swap -19.1874 best -22.3541
swap out bad curr -3.34158 swap -22.3541 best -22.3541 curriter 456378 
swap between best curr -22.6816 swap -22.3541 best -22.6816
totalE -42.682658 extE -16.014565 
swap between best curr -22.7183 swap -22.6816 best -22.7183
totalE -42.888836 extE -15.994794 
swap between best curr -22.7929 swap -22.7183 best -22.7929
totalE -43.216255 extE -15.985095 
swap between best curr -22.8685 swap -22.7929 best -22.8685
totalE -44.873969 extE -15.533396 
swap between good curr -22.2857 swap -19.2272 best -22.8685
swap between good curr -22.3266 swap -22.2857 best -22.8685
swap between best curr -22.972 swap -22.3266 best -22.972
totalE -46.469012 extE -15.139651 
swap between best curr -23.108 swap -22.972 best -23.108
totalE -45.342508 extE -15.696547 
swap between best curr -23.5485 swap -23.108 best -23.5485
totalE -46.330910 extE -15.954410 
swap between best curr -23.6189 swap -23.5485 best -23.6189
totalE -46.388255 extE -16.029179 
swap between best curr -23.986 swap -23.6189 best -23.986
totalE -48.855023 extE -15.696331 
swap between best curr -24.0686 swap -23.986 best -24.0686
totalE -48.937665 extE -15.778973 
swap out bad curr -7.07646 swap -24.0686 best -24.0686 curriter 507427 
swap between best curr -24.2963 swap -24.0686 best -24.2963
totalE -49.165302 extE -16.006610 
swap between best curr -24.3818 swap -24.2963 best -24.3818
totalE -49.888686 extE -15.879480 
swap between best curr -24.5373 swap -24.3818 best -24.5373
totalE -50.357206 extE -15.930666 
swap between best curr -24.5532 swap -24.5373 best -24.5532
totalE -50.363689 extE -15.949666 
swap between best curr -24.5657 swap -24.5532 best -24.5657
totalE -50.349773 extE -15.971028 
swap out bad curr -3.24853 swap -24.5657 best -24.5657 curriter 564371 
swap out bad curr -4.89098 swap -24.5657 best -24.5657 curriter 614583 
swap out good curr -24.0872 swap -24.5657 best -24.5657
swap out bad curr -10.2117 swap -19.9586 best -24.5657 curriter 665309 
swap out bad curr -11.1762 swap -22.8685 best -24.5657 curriter 715318 
swap out good curr -22.8685 swap -22.8685 best -24.5657
swap out bad curr -7.94113 swap -22.8685 best -24.5657 curriter 773697 
swap out bad curr -7.94196 swap -24.5657 best -24.5657 curriter 825934 
swap out good curr -24.5657 swap -24.5657 best -24.5657
swap out bad curr -11.4081 swap -22.8685 best -24.5657 curriter 876620 
swap out bad curr -6.33857 swap -19.9586 best -24.5657 curriter 927110 
swap out good curr -19.9586 swap -24.5657 best -24.5657
swap between best curr -24.9512 swap -24.5657 best -24.9512
totalE -49.890323 extE -16.638161 
swap between best curr -24.956 swap -24.9512 best -24.956
totalE -49.370407 extE -16.817838 
swap between best curr -24.988 swap -24.956 best -24.988
totalE -49.471221 extE -16.826969 
swap out bad curr -9.53143 swap -24.988 best -24.988 curriter 977778 
-16.827 -0.127006 -0.00429651 -0.0156648 -0.0147606 -0.0985821 -0.00681923 -0.00938384 -0.345724 0.0055891 -0.456804 -0.00200781 -0.0802764 -0.0428212 -0.861741 -0.163639 -2.41171 -3.95259 -0.158742 -0.573404 -5.06161 -2.44498 
-16.827 
0 0.623996 
0 0.275736 2.40602 
0 -0.0455665 -0.00531962 0.412553 
0 -2.94575 -0.161323 0.123371 2.91448 
0 0.0898696 0.796323 -0.195403 6.19335 0.523749 
0 -0.00292008 -4.52963 -0.180882 -0.142274 0.0701518 0.447304 
0 -0.000102725 -0.00499987 -2.68763 -0.974906 -0.152686 0.0240227 1.62203 
0 0 -0.000880957 -0.00929651 -4.98254 0.0947279 -0.148236 0.43912 1.01163 
0 0 -0.000127857 -0.000407634 -0.00504865 -4.98472 -0.0915281 -0.133043 0.0749973 1.19802 
0 0 0 -0.000170867 -0.000467895 -0.00841916 -5.00182 0.0867638 -0.129796 0.0342219 0.298063 
0 0 0 0 -0.000499366 -0.00106306 -0.00817226 -4.22109 0.141757 -0.134963 -0.0729468 0.628428 
0 0 0 0 0 -0.000821366 -0.000274394 -0.00857117 -3.44666 -0.139565 -0.121981 -0.116125 0.487604 
0 0 0 0 0 0 -0.00106873 -0.00210172 -0.00981591 -3.25638 0.685076 -0.394948 -0.117243 1.70091 
0 0 0 0 0 0 0 -0.000594471 -0.000339993 -0.00991272 -4.52276 -0.163069 -0.0885805 -0.00330394 3.83552 
0 0 0 0 0 0 0 -0.000350827 -0.000214158 -0.000542907 -0.0262908 0.146361 -0.034387 -0.04088 -0.0718561 1.42828 
0 0 0 0 0 0 0 0 0 0 -0.000354802 -0.00298777 -0.000192066 -0.00176407 -0.101475 0.104065 1.56497 
0 0 0 0 0 0 0 0 0 0 -0.00749772 -0.00279529 0 -0.00204122 -0.0159677 -0.169149 -0.171596 2.36194 
0 0 0 0 0 0 -0.000353388 -0.369367 -0.000517007 -0.000588805 0.339616 -0.825733 -0.00449601 -0.226036 -4.87764 -0.189261 -0.0765572 -0.0215757 0.122724 
0 0 0 0 0 0 0 0 0 0 -4.51395e-05 -0.00449102 0 0 -0.0063389 -3.23264 -0.0829002 -0.127357 -0.0305008 0.714012 
0 0 0 0 0 0 0 0 0 0 0 0 0 0 -0.00040056 -0.0165424 -0.0874178 -0.12634 -0.131287 -0.0493088 1.06952 
0 0 -0.00536354 -2.18916 -1.12982 0 0 0 0 0 0 -4.58752 0 0 -0.000242858 -0.00139291 -0.00957689 -4.46742 -0.214604 0 0 0.376334 
swap out bad curr -7.87603 swap -22.8685 best -24.988 curriter 1053181 
swap out good curr -22.4281 swap -24.988 best -24.988
swap out bad curr -7.2536 swap -24.988 best -24.988 curriter 1103307 
swap between best curr -25.0841 swap -24.988 best -25.0841
totalE -49.828997 extE -16.835804 
swap out bad curr -1.39761 swap -25.0841 best -25.0841 curriter 1155695 
swap between best curr -25.2927 swap -25.0841 best -25.2927
totalE -51.327551 extE -16.614433 
swap out bad curr -13.6037 swap -25.2927 best -25.2927 curriter 1205797 
swap out bad curr -8.01619 swap -25.2927 best -25.2927 curriter 1256005 
swap out good curr -24.6676 swap -25.2927 best -25.2927
swap out bad curr -3.54295 swap -25.2927 best -25.2927 curriter 1306034 
transmutate bad curr -6.21612 best -25.2927 curriter 1368560 
transmutate!!! -3.915 2.306 8.716
transmutate!!! -3.915 2.306 8.716
swap in good curr -20.7455 swap -16.6205 best -25.2927
totalE -35.515955 extE -10.322015 
swap between good curr -20.8273 swap -20.7455 best -25.2927
swap between good curr -20.9853 swap -20.8273 best -25.2927
swap between good curr -21.2634 swap -20.9853 best -25.2927
swap between good curr -21.4563 swap -21.2634 best -25.2927
swap between good curr -21.8135 swap -21.4563 best -25.2927
swap between good curr -22.1652 swap -21.8135 best -25.2927
swap between good curr -22.2954 swap -22.1652 best -25.2927
swap between good curr -22.3927 swap -22.2954 best -25.2927
swap between good curr -22.4793 swap -22.3927 best -25.2927
swap between good curr -23.1055 swap -22.4793 best -25.2927
swap between good curr -23.1585 swap -23.1055 best -25.2927
swap between good curr -23.2898 swap -23.1585 best -25.2927
swap in good curr -21.4761 swap -16.6021 best -25.2927
totalE -35.311683 extE -10.365573 
swap between good curr -21.774 swap -21.4761 best -25.2927
swap between good curr -22.2258 swap -21.774 best -25.2927
swap between good curr -22.5584 swap -22.2258 best -25.2927
swap between good curr -22.6625 swap -22.5584 best -25.2927
swap between good curr -22.7741 swap -22.6625 best -25.2927
swap between good curr -22.8755 swap -22.7741 best -25.2927
swap between good curr -22.9459 swap -22.8755 best -25.2927
swap between good curr -23.0413 swap -22.9459 best -25.2927
swap between good curr -23.6646 swap -23.0413 best -25.2927
swap out bad curr -6.05594 swap -25.2927 best -25.2927 curriter 1645332 
swap between best curr -25.4069 swap -25.2927 best -25.4069
totalE -50.744631 extE -16.961051 
swap out bad curr -7.3066 swap -23.6646 best -25.4069 curriter 1695550 
swap out bad curr -6.76815 swap -23.2898 best -25.4069 curriter 1780204 
swap out good curr -23.22 swap -23.2898 best -25.4069
swap between good curr -23.5622 swap -23.2898 best -25.4069
swap between good curr -23.6646 swap -23.5622 best -25.4069
swap between good curr -23.6733 swap -23.6646 best -25.4069
swap between good curr -23.7851 swap -23.6733 best -25.4069
swap out bad curr -9.69135 swap -22.8685 best -25.4069 curriter 1834470 
swap out bad curr -11.9981 swap -25.4069 best -25.4069 curriter 1884503 
swap out good curr -25.4069 swap -25.4069 best -25.4069
swap between best curr -25.4409 swap -25.4069 best -25.4409
totalE -51.060564 extE -16.900984 
swap out bad curr -2.83578 swap -23.7851 best -25.4409 curriter 1934612 
swap between good curr -23.8604 swap -23.7851 best -25.4409
swap between good curr -23.877 swap -23.8604 best -25.4409
swap between good curr -24.1342 swap -23.877 best -25.4409
swap between good curr -24.2939 swap -24.1342 best -25.4409
swap between good curr -24.2949 swap -24.2939 best -25.4409
swap between good curr -24.3218 swap -24.2949 best -25.4409
swap in good curr -20.4768 swap -19.9586 best -25.4409
totalE -41.391173 extE -12.814425 
swap between good curr -20.5848 swap -20.4768 best -25.4409
swap between good curr -20.6027 swap -20.5848 best -25.4409
swap between good curr -20.9319 swap -20.6027 best -25.4409
swap between good curr -20.937 swap -20.9319 best -25.4409
swap between good curr -21.055 swap -20.937 best -25.4409
swap between good curr -21.0897 swap -21.055 best -25.4409
swap between good curr -21.1808 swap -21.0897 best -25.4409
swap out bad curr -9.60244 swap -22.8685 best -25.4409 curriter 1990474 
-16.901 -0.12693 -0.0042951 -0.0156394 -0.0147999 -0.0993907 -0.00677646 -0.00998784 -0.340669 -0.00853989 -0.402528 -0.00197754 -0.15515 -0.0468642 -0.863786 -0.166213 -2.24872 -4.20661 -0.152776 -0.566343 -4.97641 -2.48657 
-16.901 
0 0.623996 
0 0.178561 2.01213 
0 -0.0791992 -0.00675594 0.412553 
0 -3.03468 -0.160348 0.123148 2.63962 
0 0.0182862 0.176754 -0.190103 6.358 0.360271 
0 -0.00437798 -4.72345 -0.151466 -0.156676 0.150924 0.464765 
0 -7.97815e-05 -0.00493791 -2.93982 -1.00197 -0.152249 -0.0389221 1.18975 
0 0 -0.000580847 -0.00824755 -4.77003 -0.0678957 -0.128724 0.301127 0.608397 
0 0 -0.000130343 -0.000429657 -0.00518559 -4.97357 -0.096295 -0.133661 0.158016 1.5782 
0 0 0 -0.000163844 -0.000478307 -0.00909379 -3.12341 0.403494 -0.141113 0.0502303 0.277636 
0 0 0 0 -0.000548751 -0.0012491 -0.00695954 -3.58909 0.0636637 -0.140419 -0.0710099 0.628428 
0 0 0 0 0 -0.000116968 -0.000179479 -0.00791753 -4.37164 -0.137698 -0.117884 -0.105499 0.57538 
0 0 0 0 0 0 -0.000556336 -0.00187878 -0.010236 -4.3039 0.207195 -0.393898 -0.087799 1.57604 
0 0 0 0 0 0 0 -0.00072429 -0.000436966 -0.00974298 -4.50564 -0.160914 -0.0900679 0.0130614 3.92331 
0 0 0 0 0 0 0 -0.000407402 -0.000342041 -0.000578049 -0.0265248 0.137189 -0.0345284 -0.0401442 -0.071857 1.42828 
0 0 0 0 0 0 0 0 0 0 -0.000354802 -0.00299475 -0.000219741 -0.00176548 -0.10099 0.129811 0.94117 
0 0 0 0 0 0 0 0 0 0 -0.00742139 -0.00279529 0 -0.00220796 0.00399057 -0.161597 -0.120006 2.36194 
0 0 0 0 0 0 -0.000266749 -0.389074 -0.000791655 -0.000757138 0.314447 -0.825733 -0.00395998 -0.245681 -4.87731 -0.134493 -0.0835202 -0.0215757 0.122724 
0 0 0 0 0 0 0 0 0 0 -4.51395e-05 -0.00449102 0 0 -0.0063124 -3.31933 -0.0845624 -0.127357 -0.0305008 0.714012 
0 0 0 0 0 0 0 0 0 0 0 0 0 0 -0.000406221 -0.0195244 -0.084003 -0.12634 -0.131287 -0.0493088 1.06952 
0 0 0 -2.18916 0 0 0 0 0 0 0 -4.58752 0 0 -0.000536005 -0.00158593 -0.00971461 -4.46742 -0.214604 0 0 0.376334 
swap out bad curr -8.75772 swap -25.4409 best -25.4409 curriter 2040992 
swap out good curr -24.8721 swap -25.4409 best -25.4409
swap out bad curr -7.02841 swap -24.3218 best -25.4409 curriter 2091025 
swap out bad curr -12.0793 swap -25.4409 best -25.4409 curriter 2173760 
swap out good curr -24.5507 swap -25.4409 best -25.4409
swap out bad curr -5.82742 swap -25.4409 best -25.4409 curriter 2223839 
swap out bad curr -5.80857 swap -21.1808 best -25.4409 curriter 2275080 
swap between good curr -21.1941 swap -21.1808 best -25.4409
swap between good curr -21.2203 swap -21.1941 best -25.4409
swap between good curr -21.4618 swap -21.2203 best -25.4409
swap out bad curr -6.69582 swap -25.4409 best -25.4409 curriter 2325100 
transmutate bad curr -6.63024 best -25.4409 curriter 2375160 
transmutate!!! -8.915 -14.694 8.716
transmutate!!! -8.915 -14.694 8.716
totalE -41.651313 extE -9.004708 
totalE -51.060564 extE -16.900984 
totalE -61.465354 extE -11.064314 
totalE -45.984616 extE -8.772994 
totalE -41.987066 extE -10.556911 
totalE -44.873969 extE -15.533396 
totalE -48.173051 extE -7.550680 
totalE -61.323652 extE -11.987859 
totalE -49.984290 extE -11.954361 
totalE -30.437624 extE -14.695709 
totalE -51.060564 extE -16.900984 
best target energy -25.4409
The program has successfully finished in 930 seconds. :)  Bye-bye!
ramaprob initialise success 
transpoints initialise success with 138 transpoints 
grid box initialise succuss 55 71 127 
